#
# A fatal error has been detected by the Java Runtime Environment:
#
#  EXCEPTION_ACCESS_VIOLATION (0xc0000005) at pc=0x000001fe6a0cb3a5, pid=6788, tid=14324
#
# JRE version: OpenJDK Runtime Environment (21.0.2+13) (build 21.0.2+13-58)
# Java VM: OpenJDK 64-Bit Server VM (21.0.2+13-58, mixed mode, sharing, tiered, compressed oops, compressed class ptrs, g1 gc, windows-amd64)
# Problematic frame:
# J 1011 c1 java.util.Comparator$$Lambda+0x000001fe03068380.compare(Ljava/lang/Object;Ljava/lang/Object;)I java.base@21.0.2 (16 bytes) @ 0x000001fe6a0cb3a5 [0x000001fe6a0cb360+0x0000000000000045]
#
# No core dump will be written. Minidumps are not enabled by default on client versions of Windows
#
# If you would like to submit a bug report, please visit:
#   https://bugreport.java.com/bugreport/crash.jsp
#

---------------  S U M M A R Y ------------

Command Line: -Dmaven.multiModuleProjectDirectory=C:\Users\RIAN\Desktop\ProjWeb -Djansi.passthrough=true -Dmaven.home=C:\Users\RIAN\.m2\wrapper\dists\apache-maven-3.9.5-bin\2adeog8mj13csp1uusqnc1f2mo\apache-maven-3.9.5 -Dclassworlds.conf=C:\Users\RIAN\.m2\wrapper\dists\apache-maven-3.9.5-bin\2adeog8mj13csp1uusqnc1f2mo\apache-maven-3.9.5\bin\m2.conf -Dmaven.ext.class.path=C:\Program Files\JetBrains\IntelliJ IDEA 2023.3.4\plugins\maven\lib\maven-event-listener.jar -Dfile.encoding=UTF-8 -Dsun.stdout.encoding=UTF-8 -Dsun.stderr.encoding=UTF-8 org.codehaus.classworlds.Launcher -Didea.version=2023.3.4 install

Host: AMD Athlon 200GE with Radeon Vega Graphics     , 4 cores, 15G,  Windows 10 , 64 bit Build 19041 (10.0.19041.3636)
Time: Wed Apr  3 17:08:25 2024 Hora oficial do Brasil elapsed time: 3.691680 seconds (0d 0h 0m 3s)

---------------  T H R E A D  ---------------

Current thread (0x000001fe6029d5f0):  JavaThread "main"             [_thread_in_Java, id=14324, stack(0x0000008328900000,0x0000008328a00000) (1024K)]

Stack: [0x0000008328900000,0x0000008328a00000],  sp=0x00000083289fdbb0,  free space=1014k
Native frames: (J=compiled Java code, j=interpreted, Vv=VM code, C=native code)
C  0x000001fe6a0cb3a5

The last pc belongs to nmethod (printed below).

siginfo: EXCEPTION_ACCESS_VIOLATION (0xc0000005), reading address 0xffffffffffffffff


Registers:
RAX=0x000001fe03068380, RBX=0x0000000000000002, RCX=0x000001fe03068380, RDX=0x000000070fef5c28
RSP=0x00000083289fdbb0, RBP=0x00000083289fe100, RSI=0x008001fe4320ca00, RDI=0x000000070fef5c28
R8 =0x000000070fef5870, R9 =0x000000070fef5818, R10=0x000001fe03068380, R11=0x000001fe02000000
R12=0x0000000000000000, R13=0x0000000000000009, R14=0x000001fe02344e48, R15=0x000001fe6029d5f0
RIP=0x000001fe6a0cb3a5, EFLAGS=0x0000000000010246


Register to memory mapping:

RAX=0x000001fe03068380 is a pointer to class: 
java.util.Comparator$$Lambda/0x000001fe03068380 {0x000001fe03068388}
 - instance size:     3
 - klass size:        83
 - access:            final synchronized synthetic 
 - flags:             rewritten has_nonstatic_fields has_nonstatic_concrete_methods has_miranda_methods has_final_method has_resolved_methods 
 - state:             fully_initialized
 - name:              'java/util/Comparator$$Lambda+0x000001fe03068380'
 - super:             'java/lang/Object'
 - sub:               
 - arrays:            null
 - methods:           Array<T>(0x000001fe431c0570)
 - method ordering:   Array<T>(0x000001fe02b2f2b8)
 - default_methods:   Array<T>(0x000001fe431c07b8)
 - default vtable indices:   Array<T>(0x000001fe431c07f8)
 - local interfaces:  Array<T>(0x000001fe431c0558)
 - trans. interfaces: Array<T>(0x000001fe431c0558)
 - constants:         constant pool [42] {0x000001fe431c0398} for 'java/util/Comparator$$Lambda+0x000001fe03068380' cache=0x000001fe431c0818
 - class loader data:  loader data: 0x000001fe60364de0 of 'bootstrap'
 - class annotations:       Array<T>(0x0000000000000000)
 - class type annotations:  Array<T>(0x0000000000000000)
 - field annotations:       Array<T>(0x0000000000000000)
 - field type annotations:  Array<T>(0x0000000000000000)
 - inner classes:     Array<T>(0x000001fe02613448)
 - nest members:     Array<T>(0x000001fe02613448)
 - permitted subclasses:     Array<T>(0x000001fe02613448)
 - java mirror:       a 'java/lang/Class'{0x0000000710a79f68} = 'java/util/Comparator$$Lambda+0x000001fe03068380'
 - vtable length      12  (start addr: 0x000001fe03068548)
 - itable length      13 (start addr: 0x000001fe030685a8)
 - ---- static fields (0 words):
 - ---- non-static fields (2 words):
 - private final 'arg$1' 'Ljava/util/Comparator;' @12 
 - private final 'arg$2' 'Ljava/util/Comparator;' @16 
 - non-static oop maps: 12-16 
RBX=0x0000000000000002 is an unknown value
RCX=0x000001fe03068380 is a pointer to class: 
java.util.Comparator$$Lambda/0x000001fe03068380 {0x000001fe03068388}
 - instance size:     3
 - klass size:        83
 - access:            final synchronized synthetic 
 - flags:             rewritten has_nonstatic_fields has_nonstatic_concrete_methods has_miranda_methods has_final_method has_resolved_methods 
 - state:             fully_initialized
 - name:              'java/util/Comparator$$Lambda+0x000001fe03068380'
 - super:             'java/lang/Object'
 - sub:               
 - arrays:            null
 - methods:           Array<T>(0x000001fe431c0570)
 - method ordering:   Array<T>(0x000001fe02b2f2b8)
 - default_methods:   Array<T>(0x000001fe431c07b8)
 - default vtable indices:   Array<T>(0x000001fe431c07f8)
 - local interfaces:  Array<T>(0x000001fe431c0558)
 - trans. interfaces: Array<T>(0x000001fe431c0558)
 - constants:         constant pool [42] {0x000001fe431c0398} for 'java/util/Comparator$$Lambda+0x000001fe03068380' cache=0x000001fe431c0818
 - class loader data:  loader data: 0x000001fe60364de0 of 'bootstrap'
 - class annotations:       Array<T>(0x0000000000000000)
 - class type annotations:  Array<T>(0x0000000000000000)
 - field annotations:       Array<T>(0x0000000000000000)
 - field type annotations:  Array<T>(0x0000000000000000)
 - inner classes:     Array<T>(0x000001fe02613448)
 - nest members:     Array<T>(0x000001fe02613448)
 - permitted subclasses:     Array<T>(0x000001fe02613448)
 - java mirror:       a 'java/lang/Class'{0x0000000710a79f68} = 'java/util/Comparator$$Lambda+0x000001fe03068380'
 - vtable length      12  (start addr: 0x000001fe03068548)
 - itable length      13 (start addr: 0x000001fe030685a8)
 - ---- static fields (0 words):
 - ---- non-static fields (2 words):
 - private final 'arg$1' 'Ljava/util/Comparator;' @12 
 - private final 'arg$2' 'Ljava/util/Comparator;' @16 
 - non-static oop maps: 12-16 
RDX=0x000000070fef5c28 is an oop: java.util.Comparator$$Lambda/0x000001fe03068380 
{0x000000070fef5c28} - klass: 'java/util/Comparator$$Lambda+0x000001fe03068380'
 - ---- fields (total size 3 words):
 - private final 'arg$1' 'Ljava/util/Comparator;' @12  a 'java/util/Comparator$$Lambda+0x000001fe03068380'{0x000000070fef5bc8} (0xe1fdeb79)
 - private final 'arg$2' 'Ljava/util/Comparator;' @16  a 'java/util/Comparator$$Lambda+0x000001fe030680e8'{0x000000070fef5c10} (0xe1fdeb82)
RSP=0x00000083289fdbb0 is pointing into the stack for thread: 0x000001fe6029d5f0
RBP=0x00000083289fe100 is pointing into the stack for thread: 0x000001fe6029d5f0
RSI=0x008001fe4320ca00 is an unknown value
RDI=0x000000070fef5c28 is an oop: java.util.Comparator$$Lambda/0x000001fe03068380 
{0x000000070fef5c28} - klass: 'java/util/Comparator$$Lambda+0x000001fe03068380'
 - ---- fields (total size 3 words):
 - private final 'arg$1' 'Ljava/util/Comparator;' @12  a 'java/util/Comparator$$Lambda+0x000001fe03068380'{0x000000070fef5bc8} (0xe1fdeb79)
 - private final 'arg$2' 'Ljava/util/Comparator;' @16  a 'java/util/Comparator$$Lambda+0x000001fe030680e8'{0x000000070fef5c10} (0xe1fdeb82)
R8 =0x000000070fef5870 is an oop: java.lang.reflect.Method 
{0x000000070fef5870} - klass: 'java/lang/reflect/Method'
 - ---- fields (total size 11 words):
 - 'override' 'Z' @12  false (0x00)
 - volatile 'accessCheckCache' 'Ljava/lang/Object;' @16  null (0x00000000)
 - private transient 'parameterData' 'Ljava/lang/reflect/Executable$ParameterData;' @20  null (0x00000000)
 - private volatile transient 'declaredAnnotations' 'Ljava/util/Map;' @24  null (0x00000000)
 - private 'callerSensitive' 'B' @13  0 (0x00)
 - private final 'slot' 'I' @28  2 (0x00000002)
 - private final 'modifiers' 'I' @32  2 (0x00000002)
 - private final 'clazz' 'Ljava/lang/Class;' @36  a 'java/lang/Class'{0x000000070feec2d0} = 'org/apache/maven/artifact/repository/DefaultArtifactRepositoryFactory' (0xe1fdd85a)
 - private final 'name' 'Ljava/lang/String;' @40  "isLocalRepository"{0x000000070feeda90} (0xe1fddb52)
 - private final 'returnType' 'Ljava/lang/Class;' @44  a 'java/lang/Class'{0x0000000701758500} = boolean (0xe02eb0a0)
 - private final 'parameterTypes' '[Ljava/lang/Class;' @48  a 'java/lang/Class'[1] {0x000000070feeda78} (0xe1fddb4f)
 - private final 'exceptionTypes' '[Ljava/lang/Class;' @52  a 'java/lang/Class'[0] {0x0000000701758938} (0xe02eb127)
 - private final transient 'signature' 'Ljava/lang/String;' @56  null (0x00000000)
 - private volatile transient 'genericInfo' 'Lsun/reflect/generics/repository/MethodRepository;' @60  null (0x00000000)
 - private final 'annotations' '[B' @64  null (0x00000000)
 - private final 'parameterAnnotations' '[B' @68  null (0x00000000)
 - private final 'annotationDefault' '[B' @72  null (0x00000000)
 - private 'methodAccessor' 'Ljdk/internal/reflect/MethodAccessor;' @76  null (0x00000000)
 - private 'root' 'Ljava/lang/reflect/Method;' @80  a 'java/lang/reflect/Method'{0x000000070feedad0} (0xe1fddb5a)
R9 =0x000000070fef5818 is an oop: java.lang.reflect.Method 
{0x000000070fef5818} - klass: 'java/lang/reflect/Method'
 - ---- fields (total size 11 words):
 - 'override' 'Z' @12  false (0x00)
 - volatile 'accessCheckCache' 'Ljava/lang/Object;' @16  null (0x00000000)
 - private transient 'parameterData' 'Ljava/lang/reflect/Executable$ParameterData;' @20  null (0x00000000)
 - private volatile transient 'declaredAnnotations' 'Ljava/util/Map;' @24  null (0x00000000)
 - private 'callerSensitive' 'B' @13  0 (0x00)
 - private final 'slot' 'I' @28  1 (0x00000001)
 - private final 'modifiers' 'I' @32  2 (0x00000002)
 - private final 'clazz' 'Ljava/lang/Class;' @36  a 'java/lang/Class'{0x000000070feec2d0} = 'org/apache/maven/artifact/repository/DefaultArtifactRepositoryFactory' (0xe1fdd85a)
 - private final 'name' 'Ljava/lang/String;' @40  "injectSession"{0x0000000710092ec8} (0xe20125d9)
 - private final 'returnType' 'Ljava/lang/Class;' @44  a 'java/lang/Class'{0x0000000710033c80} = 'org/apache/maven/artifact/repository/ArtifactRepository' (0xe2006790)
 - private final 'parameterTypes' '[Ljava/lang/Class;' @48  a 'java/lang/Class'[2] {0x000000070feeda08} (0xe1fddb41)
 - private final 'exceptionTypes' '[Ljava/lang/Class;' @52  a 'java/lang/Class'[0] {0x0000000701758938} (0xe02eb127)
 - private final transient 'signature' 'Ljava/lang/String;' @56  null (0x00000000)
 - private volatile transient 'genericInfo' 'Lsun/reflect/generics/repository/MethodRepository;' @60  null (0x00000000)
 - private final 'annotations' '[B' @64  null (0x00000000)
 - private final 'parameterAnnotations' '[B' @68  null (0x00000000)
 - private final 'annotationDefault' '[B' @72  null (0x00000000)
 - private 'methodAccessor' 'Ljdk/internal/reflect/MethodAccessor;' @76  null (0x00000000)
 - private 'root' 'Ljava/lang/reflect/Method;' @80  a 'java/lang/reflect/Method'{0x000000070feeda20} (0xe1fddb44)
R10=0x000001fe03068380 is a pointer to class: 
java.util.Comparator$$Lambda/0x000001fe03068380 {0x000001fe03068388}
 - instance size:     3
 - klass size:        83
 - access:            final synchronized synthetic 
 - flags:             rewritten has_nonstatic_fields has_nonstatic_concrete_methods has_miranda_methods has_final_method has_resolved_methods 
 - state:             fully_initialized
 - name:              'java/util/Comparator$$Lambda+0x000001fe03068380'
 - super:             'java/lang/Object'
 - sub:               
 - arrays:            null
 - methods:           Array<T>(0x000001fe431c0570)
 - method ordering:   Array<T>(0x000001fe02b2f2b8)
 - default_methods:   Array<T>(0x000001fe431c07b8)
 - default vtable indices:   Array<T>(0x000001fe431c07f8)
 - local interfaces:  Array<T>(0x000001fe431c0558)
 - trans. interfaces: Array<T>(0x000001fe431c0558)
 - constants:         constant pool [42] {0x000001fe431c0398} for 'java/util/Comparator$$Lambda+0x000001fe03068380' cache=0x000001fe431c0818
 - class loader data:  loader data: 0x000001fe60364de0 of 'bootstrap'
 - class annotations:       Array<T>(0x0000000000000000)
 - class type annotations:  Array<T>(0x0000000000000000)
 - field annotations:       Array<T>(0x0000000000000000)
 - field type annotations:  Array<T>(0x0000000000000000)
 - inner classes:     Array<T>(0x000001fe02613448)
 - nest members:     Array<T>(0x000001fe02613448)
 - permitted subclasses:     Array<T>(0x000001fe02613448)
 - java mirror:       a 'java/lang/Class'{0x0000000710a79f68} = 'java/util/Comparator$$Lambda+0x000001fe03068380'
 - vtable length      12  (start addr: 0x000001fe03068548)
 - itable length      13 (start addr: 0x000001fe030685a8)
 - ---- static fields (0 words):
 - ---- non-static fields (2 words):
 - private final 'arg$1' 'Ljava/util/Comparator;' @12 
 - private final 'arg$2' 'Ljava/util/Comparator;' @16 
 - non-static oop maps: 12-16 
R11=0x000001fe02000000 is pointing into metadata
R12=0x0 is null
R13=0x0000000000000009 is an unknown value
R14=0x000001fe02344e48 is a pointer to class: 
java.util.stream.Sink {0x000001fe02344e50}
 - instance size:     2
 - klass size:        63
 - access:            interface abstract 
 - flags:             rewritten has_nonstatic_concrete_methods declares_nonstatic_concrete_methods is_shared_boot_class has_localvariable_table has_miranda_methods 
 - state:             fully_initialized
 - name:              'java/util/stream/Sink'
 - super:             'java/lang/Object'
 - sub:               
 - nof implementors:  2
 - arrays:            null
 - methods:           Array<T>(0x000001fe02a9d100)
 - method ordering:   Array<T>(0x000001fe02a9d3c8)
 - default_methods:   Array<T>(0x000001fe02a9d3b8)
 - default vtable indices:   Array<T>(0x000001fe02a9d3e8)
 - local interfaces:  Array<T>(0x000001fe02a9ce08)
 - trans. interfaces: Array<T>(0x000001fe02a9ce08)
 - constants:         constant pool [73] {0x000001fe02a9ce20} for 'java/util/stream/Sink' cache=0x000001fe02345090
 - class loader data:  loader data: 0x000001fe60364de0 of 'bootstrap'
 - source file:       'Sink.java'
 - class annotations:       Array<T>(0x0000000000000000)
 - class type annotations:  Array<T>(0x0000000000000000)
 - field annotations:       Array<T>(0x0000000000000000)
 - field type annotations:  Array<T>(0x0000000000000000)
 - generic signature: '<T:Ljava/lang/Object;>Ljava/lang/Object;Ljava/util/function/Consumer<TT;>;'
 - inner classes:     Array<T>(0x000001fe02a9d0b8)
 - nest members:     Array<T>(0x000001fe02a9d400)
 - permitted subclasses:     Array<T>(0x000001fe02613448)
 - java mirror:       a 'java/lang/Class'{0x000000070164dc58} = 'java/util/stream/Sink'
 - vtable length      5  (start addr: 0x000001fe02345010)
 - itable length      0 (start addr: 0x000001fe02345038)
 - ---- static fields (0 words):
 - ---- non-static fields (0 words):
 - non-static oop maps: 
R15=0x000001fe6029d5f0 is a thread

Top of Stack: (sp=0x00000083289fdbb0)
0x00000083289fdbb0:   0000010100000009 0000000000000000
0x00000083289fdbc0:   0000000000000009 00007ffa4015e31f
0x00000083289fdbd0:   000001fe6029d5f0 0000008300000001
0x00000083289fdbe0:   0000000000000001 0000000000000007
0x00000083289fdbf0:   000001fe6029d501 000001fe6029d5f0
0x00000083289fdc00:   000001fe6029d5f0 00000083289fdce0
0x00000083289fdc10:   0000000000000009 00007ffa40174227
0x00000083289fdc20:   00000083289fe100 000001fe6a14ed24
0x00000083289fdc30:   00000083289fdcd0 000001fe6029d5f0
0x00000083289fdc40:   000001fe43641850 000001fe6029d5f0
0x00000083289fdc50:   000001fe432344e8 000001fe7142aa5c
0x00000083289fdc60:   0000000900000002 000000070fef5ce8
0x00000083289fdc70:   000000070fef5c28 00007ffa00000000
0x00000083289fdc80:   000001fe7142aa04 00000083289fdc88
0x00000083289fdc90:   00000083289fe100 000001fe6a1f3064
0x00000083289fdca0:   000001fe43642470 0000000000000000
0x00000083289fdcb0:   0000000710a4f3f8 000001fe43642168
0x00000083289fdcc0:   0000000000000000 00000083289fdce0
0x00000083289fdcd0:   00000083289fdd30 000001fe714189b8
0x00000083289fdce0:   0000000000000009 00000083289fdce8
0x00000083289fdcf0:   000001fe43650de1 0000000000000003
0x00000083289fdd00:   000000070fef5ce8 000000070fef5c28
0x00000083289fdd10:   0000000010a4bed0 000001fe00000009
0x00000083289fdd20:   0000000000000000 00000083289fdd50
0x00000083289fdd30:   00000083289fe100 000001fe6a1f5014
0x00000083289fdd40:   00000083289fe100 000001fe6a141e74
0x00000083289fdd50:   0000000000000000 0000000000000000
0x00000083289fdd60:   000001fe6029d500 0000000000000000
0x00000083289fdd70:   0000000710a646c0 000001fe71a24abe
0x00000083289fdd80:   000000070fef5c78 000000070174a5a0
0x00000083289fdd90:   000000070fef5ce8 0000000900000000
0x00000083289fdda0:   000000070fef5c28 000001fe6a13cf14 

Instructions: (pc=0x000001fe6a0cb3a5)
0x000001fe6a0cb2a5:   06 00 00 48 06 00 00 00 00 00 00 c8 06 00 00 58
0x000001fe6a0cb2b5:   07 00 00 60 07 00 00 60 07 00 00 78 07 00 00 78
0x000001fe6a0cb2c5:   07 00 00 78 07 00 00 60 00 00 00 f3 03 00 00 02
0x000001fe6a0cb2d5:   00 00 00 ff ff ff ff ff ff ff ff 03 02 00 00 00
0x000001fe6a0cb2e5:   00 00 00 10 00 00 00 00 00 00 00 14 30 22 31 05
0x000001fe6a0cb2f5:   60 3e 60 2f 31 1d 60 90 60 2a 60 0a 78 b8 11 05
0x000001fe6a0cb305:   80 0a 60 32 60 16 58 23 60 0a 78 9e 11 05 80 0d
0x000001fe6a0cb315:   58 0e 60 17 31 12 31 05 31 05 60 17 31 35 79 0a
0x000001fe6a0cb325:   40 11 31 05 31 7d 78 05 40 11 31 27 31 0a 00 01
0x000001fe6a0cb335:   7c d3 fd 05 28 00 60 0a 31 01 7c bb fc 06 28 00
0x000001fe6a0cb345:   60 0a 31 05 31 03 7c 74 40 e0 47 fa 7f 05 38 0e
0x000001fe6a0cb355:   30 01 7c f2 fe 0d 48 0c 31 00 00 44 8b 52 08 49
0x000001fe6a0cb365:   bb 00 00 00 02 fe 01 00 00 4d 03 d3 4c 3b d0 0f
0x000001fe6a0cb375:   85 06 34 39 07 66 0f 1f 44 00 00 89 84 24 00 80
0x000001fe6a0cb385:   ff ff 55 48 83 ec 70 41 81 7f 20 01 00 00 00 74
0x000001fe6a0cb395:   05 e8 c5 99 37 07 48 be 00 ca 20 43 fe 01 00 00
0x000001fe6a0cb3a5:   8b be cc 00 00 00 83 c7 02 89 be cc 00 00 00 81
0x000001fe6a0cb3b5:   e7 fe 07 00 00 85 ff 0f 84 0d 03 00 00 8b 72 0c
0x000001fe6a0cb3c5:   48 c1 e6 03 8b 7a 10 48 c1 e7 03 48 85 f6 0f 84
0x000001fe6a0cb3d5:   43 00 00 00 48 b9 f0 9d 0c 02 fe 01 00 00 8b 46
0x000001fe6a0cb3e5:   08 49 ba 00 00 00 02 fe 01 00 00 49 03 c2 48 3b
0x000001fe6a0cb3f5:   48 20 0f 84 1f 00 00 00 48 3b c1 0f 84 16 00 00
0x000001fe6a0cb405:   00 50 51 e8 f3 a0 46 07 58 58 85 c0 0f 84 d9 02
0x000001fe6a0cb415:   00 00 e9 00 00 00 00 48 8b d6 48 3b 02 48 8b f2
0x000001fe6a0cb425:   48 bb 00 ca 20 43 fe 01 00 00 8b 76 08 49 ba 00
0x000001fe6a0cb435:   00 00 02 fe 01 00 00 49 03 f2 48 3b b3 20 01 00
0x000001fe6a0cb445:   00 75 0d 48 83 83 28 01 00 00 01 e9 60 00 00 00
0x000001fe6a0cb455:   48 3b b3 30 01 00 00 75 0d 48 83 83 38 01 00 00
0x000001fe6a0cb465:   01 e9 4a 00 00 00 48 83 bb 20 01 00 00 00 75 17
0x000001fe6a0cb475:   48 89 b3 20 01 00 00 48 c7 83 28 01 00 00 01 00
0x000001fe6a0cb485:   00 00 e9 29 00 00 00 48 83 bb 30 01 00 00 00 75
0x000001fe6a0cb495:   17 48 89 b3 30 01 00 00 48 c7 83 38 01 00 00 01 


Stack slot to memory mapping:

stack at sp + 0 slots: 0x0000010100000009 is an unknown value
stack at sp + 1 slots: 0x0 is null
stack at sp + 2 slots: 0x0000000000000009 is an unknown value
stack at sp + 3 slots: 0x00007ffa4015e31f jvm.dll
stack at sp + 4 slots: 0x000001fe6029d5f0 is a thread
stack at sp + 5 slots: 0x0000008300000001 is an unknown value
stack at sp + 6 slots: 0x0000000000000001 is an unknown value
stack at sp + 7 slots: 0x0000000000000007 is an unknown value


Compiled method (c1)    3741 1011       3       java.util.Comparator$$Lambda/0x000001fe03068380::compare (16 bytes)
 total in heap  [0x000001fe6a0cb190,0x000001fe6a0cb908] = 1912
 relocation     [0x000001fe6a0cb2f0,0x000001fe6a0cb360] = 112
 main code      [0x000001fe6a0cb360,0x000001fe6a0cb780] = 1056
 stub code      [0x000001fe6a0cb780,0x000001fe6a0cb7d8] = 88
 metadata       [0x000001fe6a0cb7d8,0x000001fe6a0cb7e8] = 16
 scopes data    [0x000001fe6a0cb7e8,0x000001fe6a0cb858] = 112
 scopes pcs     [0x000001fe6a0cb858,0x000001fe6a0cb8e8] = 144
 dependencies   [0x000001fe6a0cb8e8,0x000001fe6a0cb8f0] = 8
 nul chk table  [0x000001fe6a0cb8f0,0x000001fe6a0cb908] = 24

[Constant Pool (empty)]

[MachCode]
[Entry Point]
  # {method} {0x000001fe431c0680} 'compare' '(Ljava/lang/Object;Ljava/lang/Object;)I' in 'java/util/Comparator$$Lambda+0x000001fe03068380'
  # this:     rdx:rdx   = 'java/util/Comparator$$Lambda+0x000001fe03068380'
  # parm0:    r8:r8     = 'java/lang/Object'
  # parm1:    r9:r9     = 'java/lang/Object'
  #           [sp+0x80]  (sp of caller)
  0x000001fe6a0cb360: 448b 5208 | 49bb 0000 | 0002 fe01 | 0000 4d03 | d34c 3bd0 

  0x000001fe6a0cb374: ;   {runtime_call ic_miss_stub}
  0x000001fe6a0cb374: 0f85 0634 | 3907 660f | 1f44 0000 
[Verified Entry Point]
  0x000001fe6a0cb380: 8984 2400 | 80ff ff55 | 4883 ec70 | 4181 7f20 | 0100 0000 

  0x000001fe6a0cb394: ;   {runtime_call StubRoutines (final stubs)}
  0x000001fe6a0cb394: 7405 e8c5 

  0x000001fe6a0cb398: ;   {metadata(method data for {method} {0x000001fe431c0680} 'compare' '(Ljava/lang/Object;Ljava/lang/Object;)I' in 'java/util/Comparator$$Lambda+0x000001fe03068380')}
  0x000001fe6a0cb398: 9937 0748 | be00 ca20 | 43fe 0100 | 008b becc | 0000 0083 | c702 89be | cc00 0000 | 81e7 fe07 
  0x000001fe6a0cb3b8: 0000 85ff | 0f84 0d03 | 0000 8b72 | 0c48 c1e6 | 038b 7a10 | 48c1 e703 | 4885 f60f | 8443 0000 
  0x000001fe6a0cb3d8: ;   {metadata('java/util/Comparator')}
  0x000001fe6a0cb3d8: 0048 b9f0 | 9d0c 02fe | 0100 008b | 4608 49ba | 0000 0002 | fe01 0000 | 4903 c248 | 3b48 200f 
  0x000001fe6a0cb3f8: 841f 0000 | 0048 3bc1 | 0f84 1600 | 0000 5051 

  0x000001fe6a0cb408: ;   {runtime_call slow_subtype_check Runtime1 stub}
  0x000001fe6a0cb408: e8f3 a046 | 0758 5885 | c00f 84d9 | 0200 00e9 | 0000 0000 | 488b d648 | 3b02 488b 

  0x000001fe6a0cb424: ;   {metadata(method data for {method} {0x000001fe431c0680} 'compare' '(Ljava/lang/Object;Ljava/lang/Object;)I' in 'java/util/Comparator$$Lambda+0x000001fe03068380')}
  0x000001fe6a0cb424: f248 bb00 | ca20 43fe | 0100 008b | 7608 49ba | 0000 0002 | fe01 0000 | 4903 f248 | 3bb3 2001 
  0x000001fe6a0cb444: 0000 750d | 4883 8328 | 0100 0001 | e960 0000 | 0048 3bb3 | 3001 0000 | 750d 4883 | 8338 0100 
  0x000001fe6a0cb464: 0001 e94a | 0000 0048 | 83bb 2001 | 0000 0075 | 1748 89b3 | 2001 0000 | 48c7 8328 | 0100 0001 
  0x000001fe6a0cb484: 0000 00e9 | 2900 0000 | 4883 bb30 | 0100 0000 | 7517 4889 | b330 0100 | 0048 c783 | 3801 0000 
  0x000001fe6a0cb4a4: 0100 0000 | e908 0000 | 0048 8383 | 1001 0000 

  0x000001fe6a0cb4b4: ;   {metadata(method data for {method} {0x000001fe020cac68} 'lambda$thenComparing$36697e65$1' '(Ljava/util/Comparator;Ljava/lang/Object;Ljava/lang/Object;)I' in 'java/util/Comparator')}
  0x000001fe6a0cb4b4: 0148 be98 | cb20 43fe | 0100 008b | 9ecc 0000 | 0083 c302 | 899e cc00 | 0000 81e3 | feff 1f00 
  0x000001fe6a0cb4d4: 85db 0f84 | 2602 0000 

  0x000001fe6a0cb4dc: ;   {metadata(method data for {method} {0x000001fe020cac68} 'lambda$thenComparing$36697e65$1' '(Ljava/util/Comparator;Ljava/lang/Object;Ljava/lang/Object;)I' in 'java/util/Comparator')}
  0x000001fe6a0cb4dc: 488b f248 | bb98 cb20 | 43fe 0100 | 008b 7608 | 49ba 0000 | 0002 fe01 | 0000 4903 | f248 3bb3 
  0x000001fe6a0cb4fc: 2001 0000 | 750d 4883 | 8328 0100 | 0001 e960 | 0000 0048 | 3bb3 3001 | 0000 750d | 4883 8338 
  0x000001fe6a0cb51c: 0100 0001 | e94a 0000 | 0048 83bb | 2001 0000 | 0075 1748 | 89b3 2001 | 0000 48c7 | 8328 0100 
  0x000001fe6a0cb53c: 0001 0000 | 00e9 2900 | 0000 4883 | bb30 0100 | 0000 7517 | 4889 b330 | 0100 0048 | c783 3801 
  0x000001fe6a0cb55c: 0000 0100 | 0000 e908 | 0000 0048 | 8383 1001 | 0000 0149 | 8bf0 4c8b | c649 8bd9 | 4c8b cb48 
  0x000001fe6a0cb57c: 895c 2458 | 4889 7424 | 5048 897c | 2448 6666 | 9048 b830 | b27c 7ffe 

  0x000001fe6a0cb594: ;   {virtual_call}
  0x000001fe6a0cb594: 0100 00e8 

  0x000001fe6a0cb598: ; ImmutableOopMap {[72]=Oop [80]=Oop [88]=Oop }
                      ;*invokeinterface compare {reexecute=0 rethrow=0 return_oop=0}
                      ; - java.util.Comparator::lambda$thenComparing$36697e65$1@3 (line 220)
                      ; - java.util.Comparator$$Lambda/0x000001fe03068380::compare@10
  0x000001fe6a0cb598: c4d7 4607 

  0x000001fe6a0cb59c: ;   {other}
  0x000001fe6a0cb59c: 0f1f 8400 | 0c04 0000 

  0x000001fe6a0cb5a4: ;   {metadata(method data for {method} {0x000001fe020cac68} 'lambda$thenComparing$36697e65$1' '(Ljava/util/Comparator;Ljava/lang/Object;Ljava/lang/Object;)I' in 'java/util/Comparator')}
  0x000001fe6a0cb5a4: 85c0 49b8 | 98cb 2043 | fe01 0000 | 49b9 4801 | 0000 0000 | 0000 740a | 49b9 5801 | 0000 0000 
  0x000001fe6a0cb5c4: 0000 4b8b | 1408 488d | 5201 4b89 | 1408 0f84 | 2400 0000 

  0x000001fe6a0cb5d8: ;   {metadata(method data for {method} {0x000001fe020cac68} 'lambda$thenComparing$36697e65$1' '(Ljava/util/Comparator;Ljava/lang/Object;Ljava/lang/Object;)I' in 'java/util/Comparator')}
  0x000001fe6a0cb5d8: 49b8 98cb | 2043 fe01 | 0000 41ff | 8068 0100 | 0048 83c4 

  0x000001fe6a0cb5ec: ;   {poll_return}
  0x000001fe6a0cb5ec: 705d 493b | a750 0400 | 000f 8728 | 0100 00c3 | 488b 7c24 | 484c 8b4c | 2458 4c8b | 4424 5048 
  0x000001fe6a0cb60c: 3b07 488b 

  0x000001fe6a0cb610: ;   {metadata(method data for {method} {0x000001fe020cac68} 'lambda$thenComparing$36697e65$1' '(Ljava/util/Comparator;Ljava/lang/Object;Ljava/lang/Object;)I' in 'java/util/Comparator')}
  0x000001fe6a0cb610: d748 be98 | cb20 43fe | 0100 008b | 5208 49ba | 0000 0002 | fe01 0000 | 4903 d248 | 3b96 9001 
  0x000001fe6a0cb630: 0000 750d | 4883 8698 | 0100 0001 | e960 0000 | 0048 3b96 | a001 0000 | 750d 4883 | 86a8 0100 
  0x000001fe6a0cb650: 0001 e94a | 0000 0048 | 83be 9001 | 0000 0075 | 1748 8996 | 9001 0000 | 48c7 8698 | 0100 0001 
  0x000001fe6a0cb670: 0000 00e9 | 2900 0000 | 4883 bea0 | 0100 0000 | 7517 4889 | 96a0 0100 | 0048 c786 | a801 0000 
  0x000001fe6a0cb690: 0100 0000 | e908 0000 | 0048 8386 | 8001 0000 | 0148 8bd7 | 9048 b860 | bb7c 7ffe 

  0x000001fe6a0cb6ac: ;   {virtual_call}
  0x000001fe6a0cb6ac: 0100 00e8 

  0x000001fe6a0cb6b0: ; ImmutableOopMap {}
                      ;*invokeinterface compare {reexecute=0 rethrow=0 return_oop=0}
                      ; - java.util.Comparator::lambda$thenComparing$36697e65$1@23 (line 221)
                      ; - java.util.Comparator$$Lambda/0x000001fe03068380::compare@10
  0x000001fe6a0cb6b0: ac03 3907 

  0x000001fe6a0cb6b4: ;   {other}
  0x000001fe6a0cb6b4: 0f1f 8400 | 2405 0001 | 4883 c470 

  0x000001fe6a0cb6c0: ;   {poll_return}
  0x000001fe6a0cb6c0: 5d49 3ba7 | 5004 0000 | 0f87 7000 

  0x000001fe6a0cb6cc: ;   {metadata({method} {0x000001fe431c0680} 'compare' '(Ljava/lang/Object;Ljava/lang/Object;)I' in 'java/util/Comparator$$Lambda+0x000001fe03068380')}
  0x000001fe6a0cb6cc: 0000 c349 | ba78 061c | 43fe 0100 | 004c 8954 | 2408 48c7 | 0424 ffff 

  0x000001fe6a0cb6e4: ;   {runtime_call counter_overflow Runtime1 stub}
  0x000001fe6a0cb6e4: ffff e815 

  0x000001fe6a0cb6e8: ; ImmutableOopMap {rdx=Oop r8=Oop r9=Oop }
                      ;*synchronization entry
                      ; - java.util.Comparator$$Lambda/0x000001fe03068380::compare@-1
  0x000001fe6a0cb6e8: c546 07e9 | d2fc ffff | 48c7 0424 | dfff ffff 

  0x000001fe6a0cb6f8: ;   {runtime_call deoptimize Runtime1 stub}
  0x000001fe6a0cb6f8: e803 ad46 

  0x000001fe6a0cb6fc: ; ImmutableOopMap {r8=Oop r9=Oop rsi=Oop rdi=Oop }
                      ;*invokeinterface lambda$thenComparing$36697e65$1 {reexecute=0 rethrow=0 return_oop=0}
                      ; - java.util.Comparator$$Lambda/0x000001fe03068380::compare@10
                      ;   {runtime_call throw_null_pointer_exception Runtime1 stub}
  0x000001fe6a0cb6fc: 07e8 7e91 

  0x000001fe6a0cb700: ; ImmutableOopMap {r8=Oop r9=Oop rdi=Oop rdx=Oop }
                      ;*invokeinterface lambda$thenComparing$36697e65$1 {reexecute=0 rethrow=0 return_oop=0}
                      ; - java.util.Comparator$$Lambda/0x000001fe03068380::compare@10
                      ;   {metadata({method} {0x000001fe020cac68} 'lambda$thenComparing$36697e65$1' '(Ljava/util/Comparator;Ljava/lang/Object;Ljava/lang/Object;)I' in 'java/util/Comparator')}
  0x000001fe6a0cb700: 3d07 49ba | 60ac 0c02 | fe01 0000 | 4c89 5424 | 0848 c704 | 24ff ffff 

  0x000001fe6a0cb718: ;   {runtime_call counter_overflow Runtime1 stub}
  0x000001fe6a0cb718: ffe8 e2c4 

  0x000001fe6a0cb71c: ; ImmutableOopMap {r8=Oop r9=Oop rdi=Oop rdx=Oop }
                      ;*synchronization entry
                      ; - java.util.Comparator::lambda$thenComparing$36697e65$1@-1 (line 220)
                      ; - java.util.Comparator$$Lambda/0x000001fe03068380::compare@10
  0x000001fe6a0cb71c: 4607 e9b9 

  0x000001fe6a0cb720: ;   {internal_word}
  0x000001fe6a0cb720: fdff ff49 | baee b50c | 6afe 0100 | 004d 8997 | 6804 0000 

  0x000001fe6a0cb734: ;   {runtime_call SafepointBlob}
  0x000001fe6a0cb734: e9c7 9f39 

  0x000001fe6a0cb738: ;   {runtime_call throw_null_pointer_exception Runtime1 stub}
  0x000001fe6a0cb738: 07e8 4291 

  0x000001fe6a0cb73c: ; ImmutableOopMap {rdi=Oop r9=Oop r8=Oop }
                      ;*invokeinterface compare {reexecute=0 rethrow=0 return_oop=0}
                      ; - java.util.Comparator::lambda$thenComparing$36697e65$1@23 (line 221)
                      ; - java.util.Comparator$$Lambda/0x000001fe03068380::compare@10
                      ;   {internal_word}
  0x000001fe6a0cb73c: 3d07 49ba | c1b6 0c6a | fe01 0000 | 4d89 9768 

  0x000001fe6a0cb74c: ;   {runtime_call SafepointBlob}
  0x000001fe6a0cb74c: 0400 00e9 | ac9f 3907 | 498b 8700 | 0500 0049 | c787 0005 | 0000 0000 | 0000 49c7 | 8708 0500 
  0x000001fe6a0cb76c: 0000 0000 | 0048 83c4 

  0x000001fe6a0cb774: ;   {runtime_call unwind_exception Runtime1 stub}
  0x000001fe6a0cb774: 705d e905 | a03d 07f4 | f4f4 f4f4 
[Stub Code]
  0x000001fe6a0cb780: ;   {no_reloc}
  0x000001fe6a0cb780: 0f1f 4400 

  0x000001fe6a0cb784: ;   {static_stub}
  0x000001fe6a0cb784: 0048 bb00 | 0000 0000 

  0x000001fe6a0cb78c: ;   {runtime_call}
  0x000001fe6a0cb78c: 0000 00e9 | fbff ffff 

  0x000001fe6a0cb794: ;   {static_stub}
  0x000001fe6a0cb794: 9048 bb00 | 0000 0000 

  0x000001fe6a0cb79c: ;   {runtime_call}
  0x000001fe6a0cb79c: 0000 00e9 | fbff ffff 
[Exception Handler]
  0x000001fe6a0cb7a4: ;   {runtime_call handle_exception_from_callee Runtime1 stub}
  0x000001fe6a0cb7a4: e8d7 723d 

  0x000001fe6a0cb7a8: ;   {external_word}
  0x000001fe6a0cb7a8: 0748 b9e0 | 4774 40fa | 7f00 0048 

  0x000001fe6a0cb7b4: ;   {runtime_call}
  0x000001fe6a0cb7b4: 83e4 f048 | b840 243c | 40fa 7f00 | 00ff d0f4 
[Deopt Handler Code]
  0x000001fe6a0cb7c4: ;   {section_word}
  0x000001fe6a0cb7c4: 49ba c4b7 | 0c6a fe01 | 0000 4152 

  0x000001fe6a0cb7d0: ;   {runtime_call DeoptimizationBlob}
  0x000001fe6a0cb7d0: e9cb 9139 | 07f4 f4f4 
[/MachCode]


---------------  P R O C E S S  ---------------

Threads class SMR info:
_java_thread_list=0x000001fe7f1ec210, length=11, elements={
0x000001fe6029d5f0, 0x000001fe7ead8400, 0x000001fe7ead9320, 0x000001fe7eadc100,
0x000001fe7eadec70, 0x000001fe7eadf6d0, 0x000001fe7eae0130, 0x000001fe7eae0ec0,
0x000001fe7eae7130, 0x000001fe7ecbffc0, 0x000001fe7ecc2fa0
}

Java Threads: ( => current thread )
=>0x000001fe6029d5f0 JavaThread "main"                              [_thread_in_Java, id=14324, stack(0x0000008328900000,0x0000008328a00000) (1024K)]
  0x000001fe7ead8400 JavaThread "Reference Handler"          daemon [_thread_blocked, id=3308, stack(0x0000008329200000,0x0000008329300000) (1024K)]
  0x000001fe7ead9320 JavaThread "Finalizer"                  daemon [_thread_blocked, id=7572, stack(0x0000008329300000,0x0000008329400000) (1024K)]
  0x000001fe7eadc100 JavaThread "Signal Dispatcher"          daemon [_thread_blocked, id=4804, stack(0x0000008329400000,0x0000008329500000) (1024K)]
  0x000001fe7eadec70 JavaThread "Attach Listener"            daemon [_thread_blocked, id=13208, stack(0x0000008329500000,0x0000008329600000) (1024K)]
  0x000001fe7eadf6d0 JavaThread "Service Thread"             daemon [_thread_blocked, id=15308, stack(0x0000008329600000,0x0000008329700000) (1024K)]
  0x000001fe7eae0130 JavaThread "Monitor Deflation Thread"   daemon [_thread_blocked, id=12256, stack(0x0000008329700000,0x0000008329800000) (1024K)]
  0x000001fe7eae0ec0 JavaThread "C2 CompilerThread0"         daemon [_thread_blocked, id=520, stack(0x0000008329800000,0x0000008329900000) (1024K)]
  0x000001fe7eae7130 JavaThread "C1 CompilerThread0"         daemon [_thread_blocked, id=14064, stack(0x0000008329900000,0x0000008329a00000) (1024K)]
  0x000001fe7ecbffc0 JavaThread "Notification Thread"        daemon [_thread_blocked, id=3000, stack(0x0000008329a00000,0x0000008329b00000) (1024K)]
  0x000001fe7ecc2fa0 JavaThread "Common-Cleaner"             daemon [_thread_blocked, id=10488, stack(0x0000008329b00000,0x0000008329c00000) (1024K)]
Total: 11

Other Threads:
  0x000001fe7eab3ce0 VMThread "VM Thread"                           [id=10836, stack(0x0000008329100000,0x0000008329200000) (1024K)]
  0x000001fe7ea9e990 WatcherThread "VM Periodic Task Thread"        [id=8188, stack(0x0000008329000000,0x0000008329100000) (1024K)]
  0x000001fe602fc730 WorkerThread "GC Thread#0"                     [id=14728, stack(0x0000008328b00000,0x0000008328c00000) (1024K)]
  0x000001fe7f8669e0 WorkerThread "GC Thread#1"                     [id=12484, stack(0x0000008329c00000,0x0000008329d00000) (1024K)]
  0x000001fe7f85b9d0 WorkerThread "GC Thread#2"                     [id=7844, stack(0x0000008329d00000,0x0000008329e00000) (1024K)]
  0x000001fe7f85bd70 WorkerThread "GC Thread#3"                     [id=1464, stack(0x0000008329e00000,0x0000008329f00000) (1024K)]
  0x000001fe6030d5a0 ConcurrentGCThread "G1 Main Marker"            [id=2536, stack(0x0000008328c00000,0x0000008328d00000) (1024K)]
  0x000001fe6030e0a0 WorkerThread "G1 Conc#0"                       [id=12448, stack(0x0000008328d00000,0x0000008328e00000) (1024K)]
  0x000001fe6036e650 ConcurrentGCThread "G1 Refine#0"               [id=12164, stack(0x0000008328e00000,0x0000008328f00000) (1024K)]
  0x000001fe7e962720 ConcurrentGCThread "G1 Service"                [id=4260, stack(0x0000008328f00000,0x0000008329000000) (1024K)]
Total: 10

Threads with active compile tasks:
Total: 0

VM state: not at safepoint (normal execution)

VM Mutex/Monitor currently owned by a thread: None

Heap address: 0x0000000701600000, size: 4074 MB, Compressed Oops mode: Zero based, Oop shift amount: 3

CDS archive(s) mapped at: [0x000001fe02000000-0x000001fe02c90000-0x000001fe02c90000), size 13172736, SharedBaseAddress: 0x000001fe02000000, ArchiveRelocationMode: 1.
Compressed class space mapped at: 0x000001fe03000000-0x000001fe43000000, reserved size: 1073741824
Narrow klass base: 0x000001fe02000000, Narrow klass shift: 0, Narrow klass range: 0x100000000

GC Precious Log:
 CardTable entry size: 512
 Card Set container configuration: InlinePtr #cards 4 size 8 Array Of Cards #cards 16 size 48 Howl #buckets 8 coarsen threshold 3686 Howl Bitmap #cards 512 size 80 coarsen threshold 460 Card regions per heap region 1 cards per card region 4096
 CPUs: 4 total, 4 available
 Memory: 16294M
 Large Page Support: Disabled
 NUMA Support: Disabled
 Compressed Oops: Enabled (Zero based)
 Heap Region Size: 2M
 Heap Min Capacity: 8M
 Heap Initial Capacity: 256M
 Heap Max Capacity: 4074M
 Pre-touch: Disabled
 Parallel Workers: 4
 Concurrent Workers: 1
 Concurrent Refinement Workers: 4
 Periodic GC: Disabled

Heap:
 garbage-first heap   total 262144K, used 22490K [0x0000000701600000, 0x0000000800000000)
  region size 2048K, 12 young (24576K), 1 survivors (2048K)
 Metaspace       used 8344K, committed 8512K, reserved 1114112K
  class space    used 972K, committed 1088K, reserved 1048576K

Heap Regions: E=young(eden), S=young(survivor), O=old, HS=humongous(starts), HC=humongous(continues), CS=collection set, F=free, TAMS=top-at-mark-start, PB=parsable bottom
|   0|0x0000000701600000, 0x0000000701800000, 0x0000000701800000|100%| O|  |TAMS 0x0000000701600000| PB 0x0000000701600000| Untracked 
|   1|0x0000000701800000, 0x000000070195a540, 0x0000000701a00000| 67%| O|  |TAMS 0x0000000701800000| PB 0x0000000701800000| Untracked 
|   2|0x0000000701a00000, 0x0000000701a00000, 0x0000000701c00000|  0%| F|  |TAMS 0x0000000701a00000| PB 0x0000000701a00000| Untracked 
|   3|0x0000000701c00000, 0x0000000701c00000, 0x0000000701e00000|  0%| F|  |TAMS 0x0000000701c00000| PB 0x0000000701c00000| Untracked 
|   4|0x0000000701e00000, 0x0000000701e00000, 0x0000000702000000|  0%| F|  |TAMS 0x0000000701e00000| PB 0x0000000701e00000| Untracked 
|   5|0x0000000702000000, 0x0000000702000000, 0x0000000702200000|  0%| F|  |TAMS 0x0000000702000000| PB 0x0000000702000000| Untracked 
|   6|0x0000000702200000, 0x0000000702200000, 0x0000000702400000|  0%| F|  |TAMS 0x0000000702200000| PB 0x0000000702200000| Untracked 
|   7|0x0000000702400000, 0x0000000702400000, 0x0000000702600000|  0%| F|  |TAMS 0x0000000702400000| PB 0x0000000702400000| Untracked 
|   8|0x0000000702600000, 0x0000000702600000, 0x0000000702800000|  0%| F|  |TAMS 0x0000000702600000| PB 0x0000000702600000| Untracked 
|   9|0x0000000702800000, 0x0000000702800000, 0x0000000702a00000|  0%| F|  |TAMS 0x0000000702800000| PB 0x0000000702800000| Untracked 
|  10|0x0000000702a00000, 0x0000000702a00000, 0x0000000702c00000|  0%| F|  |TAMS 0x0000000702a00000| PB 0x0000000702a00000| Untracked 
|  11|0x0000000702c00000, 0x0000000702c00000, 0x0000000702e00000|  0%| F|  |TAMS 0x0000000702c00000| PB 0x0000000702c00000| Untracked 
|  12|0x0000000702e00000, 0x0000000702e00000, 0x0000000703000000|  0%| F|  |TAMS 0x0000000702e00000| PB 0x0000000702e00000| Untracked 
|  13|0x0000000703000000, 0x0000000703000000, 0x0000000703200000|  0%| F|  |TAMS 0x0000000703000000| PB 0x0000000703000000| Untracked 
|  14|0x0000000703200000, 0x0000000703200000, 0x0000000703400000|  0%| F|  |TAMS 0x0000000703200000| PB 0x0000000703200000| Untracked 
|  15|0x0000000703400000, 0x0000000703400000, 0x0000000703600000|  0%| F|  |TAMS 0x0000000703400000| PB 0x0000000703400000| Untracked 
|  16|0x0000000703600000, 0x0000000703600000, 0x0000000703800000|  0%| F|  |TAMS 0x0000000703600000| PB 0x0000000703600000| Untracked 
|  17|0x0000000703800000, 0x0000000703800000, 0x0000000703a00000|  0%| F|  |TAMS 0x0000000703800000| PB 0x0000000703800000| Untracked 
|  18|0x0000000703a00000, 0x0000000703a00000, 0x0000000703c00000|  0%| F|  |TAMS 0x0000000703a00000| PB 0x0000000703a00000| Untracked 
|  19|0x0000000703c00000, 0x0000000703c00000, 0x0000000703e00000|  0%| F|  |TAMS 0x0000000703c00000| PB 0x0000000703c00000| Untracked 
|  20|0x0000000703e00000, 0x0000000703e00000, 0x0000000704000000|  0%| F|  |TAMS 0x0000000703e00000| PB 0x0000000703e00000| Untracked 
|  21|0x0000000704000000, 0x0000000704000000, 0x0000000704200000|  0%| F|  |TAMS 0x0000000704000000| PB 0x0000000704000000| Untracked 
|  22|0x0000000704200000, 0x0000000704200000, 0x0000000704400000|  0%| F|  |TAMS 0x0000000704200000| PB 0x0000000704200000| Untracked 
|  23|0x0000000704400000, 0x0000000704400000, 0x0000000704600000|  0%| F|  |TAMS 0x0000000704400000| PB 0x0000000704400000| Untracked 
|  24|0x0000000704600000, 0x0000000704600000, 0x0000000704800000|  0%| F|  |TAMS 0x0000000704600000| PB 0x0000000704600000| Untracked 
|  25|0x0000000704800000, 0x0000000704800000, 0x0000000704a00000|  0%| F|  |TAMS 0x0000000704800000| PB 0x0000000704800000| Untracked 
|  26|0x0000000704a00000, 0x0000000704a00000, 0x0000000704c00000|  0%| F|  |TAMS 0x0000000704a00000| PB 0x0000000704a00000| Untracked 
|  27|0x0000000704c00000, 0x0000000704c00000, 0x0000000704e00000|  0%| F|  |TAMS 0x0000000704c00000| PB 0x0000000704c00000| Untracked 
|  28|0x0000000704e00000, 0x0000000704e00000, 0x0000000705000000|  0%| F|  |TAMS 0x0000000704e00000| PB 0x0000000704e00000| Untracked 
|  29|0x0000000705000000, 0x0000000705000000, 0x0000000705200000|  0%| F|  |TAMS 0x0000000705000000| PB 0x0000000705000000| Untracked 
|  30|0x0000000705200000, 0x0000000705200000, 0x0000000705400000|  0%| F|  |TAMS 0x0000000705200000| PB 0x0000000705200000| Untracked 
|  31|0x0000000705400000, 0x0000000705400000, 0x0000000705600000|  0%| F|  |TAMS 0x0000000705400000| PB 0x0000000705400000| Untracked 
|  32|0x0000000705600000, 0x0000000705600000, 0x0000000705800000|  0%| F|  |TAMS 0x0000000705600000| PB 0x0000000705600000| Untracked 
|  33|0x0000000705800000, 0x0000000705800000, 0x0000000705a00000|  0%| F|  |TAMS 0x0000000705800000| PB 0x0000000705800000| Untracked 
|  34|0x0000000705a00000, 0x0000000705a00000, 0x0000000705c00000|  0%| F|  |TAMS 0x0000000705a00000| PB 0x0000000705a00000| Untracked 
|  35|0x0000000705c00000, 0x0000000705c00000, 0x0000000705e00000|  0%| F|  |TAMS 0x0000000705c00000| PB 0x0000000705c00000| Untracked 
|  36|0x0000000705e00000, 0x0000000705e00000, 0x0000000706000000|  0%| F|  |TAMS 0x0000000705e00000| PB 0x0000000705e00000| Untracked 
|  37|0x0000000706000000, 0x0000000706000000, 0x0000000706200000|  0%| F|  |TAMS 0x0000000706000000| PB 0x0000000706000000| Untracked 
|  38|0x0000000706200000, 0x0000000706200000, 0x0000000706400000|  0%| F|  |TAMS 0x0000000706200000| PB 0x0000000706200000| Untracked 
|  39|0x0000000706400000, 0x0000000706400000, 0x0000000706600000|  0%| F|  |TAMS 0x0000000706400000| PB 0x0000000706400000| Untracked 
|  40|0x0000000706600000, 0x0000000706600000, 0x0000000706800000|  0%| F|  |TAMS 0x0000000706600000| PB 0x0000000706600000| Untracked 
|  41|0x0000000706800000, 0x0000000706800000, 0x0000000706a00000|  0%| F|  |TAMS 0x0000000706800000| PB 0x0000000706800000| Untracked 
|  42|0x0000000706a00000, 0x0000000706a00000, 0x0000000706c00000|  0%| F|  |TAMS 0x0000000706a00000| PB 0x0000000706a00000| Untracked 
|  43|0x0000000706c00000, 0x0000000706c00000, 0x0000000706e00000|  0%| F|  |TAMS 0x0000000706c00000| PB 0x0000000706c00000| Untracked 
|  44|0x0000000706e00000, 0x0000000706e00000, 0x0000000707000000|  0%| F|  |TAMS 0x0000000706e00000| PB 0x0000000706e00000| Untracked 
|  45|0x0000000707000000, 0x0000000707000000, 0x0000000707200000|  0%| F|  |TAMS 0x0000000707000000| PB 0x0000000707000000| Untracked 
|  46|0x0000000707200000, 0x0000000707200000, 0x0000000707400000|  0%| F|  |TAMS 0x0000000707200000| PB 0x0000000707200000| Untracked 
|  47|0x0000000707400000, 0x0000000707400000, 0x0000000707600000|  0%| F|  |TAMS 0x0000000707400000| PB 0x0000000707400000| Untracked 
|  48|0x0000000707600000, 0x0000000707600000, 0x0000000707800000|  0%| F|  |TAMS 0x0000000707600000| PB 0x0000000707600000| Untracked 
|  49|0x0000000707800000, 0x0000000707800000, 0x0000000707a00000|  0%| F|  |TAMS 0x0000000707800000| PB 0x0000000707800000| Untracked 
|  50|0x0000000707a00000, 0x0000000707a00000, 0x0000000707c00000|  0%| F|  |TAMS 0x0000000707a00000| PB 0x0000000707a00000| Untracked 
|  51|0x0000000707c00000, 0x0000000707c00000, 0x0000000707e00000|  0%| F|  |TAMS 0x0000000707c00000| PB 0x0000000707c00000| Untracked 
|  52|0x0000000707e00000, 0x0000000707e00000, 0x0000000708000000|  0%| F|  |TAMS 0x0000000707e00000| PB 0x0000000707e00000| Untracked 
|  53|0x0000000708000000, 0x0000000708000000, 0x0000000708200000|  0%| F|  |TAMS 0x0000000708000000| PB 0x0000000708000000| Untracked 
|  54|0x0000000708200000, 0x0000000708200000, 0x0000000708400000|  0%| F|  |TAMS 0x0000000708200000| PB 0x0000000708200000| Untracked 
|  55|0x0000000708400000, 0x0000000708400000, 0x0000000708600000|  0%| F|  |TAMS 0x0000000708400000| PB 0x0000000708400000| Untracked 
|  56|0x0000000708600000, 0x0000000708600000, 0x0000000708800000|  0%| F|  |TAMS 0x0000000708600000| PB 0x0000000708600000| Untracked 
|  57|0x0000000708800000, 0x0000000708800000, 0x0000000708a00000|  0%| F|  |TAMS 0x0000000708800000| PB 0x0000000708800000| Untracked 
|  58|0x0000000708a00000, 0x0000000708a00000, 0x0000000708c00000|  0%| F|  |TAMS 0x0000000708a00000| PB 0x0000000708a00000| Untracked 
|  59|0x0000000708c00000, 0x0000000708c00000, 0x0000000708e00000|  0%| F|  |TAMS 0x0000000708c00000| PB 0x0000000708c00000| Untracked 
|  60|0x0000000708e00000, 0x0000000708e00000, 0x0000000709000000|  0%| F|  |TAMS 0x0000000708e00000| PB 0x0000000708e00000| Untracked 
|  61|0x0000000709000000, 0x0000000709000000, 0x0000000709200000|  0%| F|  |TAMS 0x0000000709000000| PB 0x0000000709000000| Untracked 
|  62|0x0000000709200000, 0x0000000709200000, 0x0000000709400000|  0%| F|  |TAMS 0x0000000709200000| PB 0x0000000709200000| Untracked 
|  63|0x0000000709400000, 0x0000000709400000, 0x0000000709600000|  0%| F|  |TAMS 0x0000000709400000| PB 0x0000000709400000| Untracked 
|  64|0x0000000709600000, 0x0000000709600000, 0x0000000709800000|  0%| F|  |TAMS 0x0000000709600000| PB 0x0000000709600000| Untracked 
|  65|0x0000000709800000, 0x0000000709800000, 0x0000000709a00000|  0%| F|  |TAMS 0x0000000709800000| PB 0x0000000709800000| Untracked 
|  66|0x0000000709a00000, 0x0000000709a00000, 0x0000000709c00000|  0%| F|  |TAMS 0x0000000709a00000| PB 0x0000000709a00000| Untracked 
|  67|0x0000000709c00000, 0x0000000709c00000, 0x0000000709e00000|  0%| F|  |TAMS 0x0000000709c00000| PB 0x0000000709c00000| Untracked 
|  68|0x0000000709e00000, 0x0000000709e00000, 0x000000070a000000|  0%| F|  |TAMS 0x0000000709e00000| PB 0x0000000709e00000| Untracked 
|  69|0x000000070a000000, 0x000000070a000000, 0x000000070a200000|  0%| F|  |TAMS 0x000000070a000000| PB 0x000000070a000000| Untracked 
|  70|0x000000070a200000, 0x000000070a200000, 0x000000070a400000|  0%| F|  |TAMS 0x000000070a200000| PB 0x000000070a200000| Untracked 
|  71|0x000000070a400000, 0x000000070a400000, 0x000000070a600000|  0%| F|  |TAMS 0x000000070a400000| PB 0x000000070a400000| Untracked 
|  72|0x000000070a600000, 0x000000070a600000, 0x000000070a800000|  0%| F|  |TAMS 0x000000070a600000| PB 0x000000070a600000| Untracked 
|  73|0x000000070a800000, 0x000000070a800000, 0x000000070aa00000|  0%| F|  |TAMS 0x000000070a800000| PB 0x000000070a800000| Untracked 
|  74|0x000000070aa00000, 0x000000070aa00000, 0x000000070ac00000|  0%| F|  |TAMS 0x000000070aa00000| PB 0x000000070aa00000| Untracked 
|  75|0x000000070ac00000, 0x000000070ac00000, 0x000000070ae00000|  0%| F|  |TAMS 0x000000070ac00000| PB 0x000000070ac00000| Untracked 
|  76|0x000000070ae00000, 0x000000070ae00000, 0x000000070b000000|  0%| F|  |TAMS 0x000000070ae00000| PB 0x000000070ae00000| Untracked 
|  77|0x000000070b000000, 0x000000070b000000, 0x000000070b200000|  0%| F|  |TAMS 0x000000070b000000| PB 0x000000070b000000| Untracked 
|  78|0x000000070b200000, 0x000000070b200000, 0x000000070b400000|  0%| F|  |TAMS 0x000000070b200000| PB 0x000000070b200000| Untracked 
|  79|0x000000070b400000, 0x000000070b400000, 0x000000070b600000|  0%| F|  |TAMS 0x000000070b400000| PB 0x000000070b400000| Untracked 
|  80|0x000000070b600000, 0x000000070b600000, 0x000000070b800000|  0%| F|  |TAMS 0x000000070b600000| PB 0x000000070b600000| Untracked 
|  81|0x000000070b800000, 0x000000070b800000, 0x000000070ba00000|  0%| F|  |TAMS 0x000000070b800000| PB 0x000000070b800000| Untracked 
|  82|0x000000070ba00000, 0x000000070ba00000, 0x000000070bc00000|  0%| F|  |TAMS 0x000000070ba00000| PB 0x000000070ba00000| Untracked 
|  83|0x000000070bc00000, 0x000000070bc00000, 0x000000070be00000|  0%| F|  |TAMS 0x000000070bc00000| PB 0x000000070bc00000| Untracked 
|  84|0x000000070be00000, 0x000000070be00000, 0x000000070c000000|  0%| F|  |TAMS 0x000000070be00000| PB 0x000000070be00000| Untracked 
|  85|0x000000070c000000, 0x000000070c000000, 0x000000070c200000|  0%| F|  |TAMS 0x000000070c000000| PB 0x000000070c000000| Untracked 
|  86|0x000000070c200000, 0x000000070c200000, 0x000000070c400000|  0%| F|  |TAMS 0x000000070c200000| PB 0x000000070c200000| Untracked 
|  87|0x000000070c400000, 0x000000070c400000, 0x000000070c600000|  0%| F|  |TAMS 0x000000070c400000| PB 0x000000070c400000| Untracked 
|  88|0x000000070c600000, 0x000000070c600000, 0x000000070c800000|  0%| F|  |TAMS 0x000000070c600000| PB 0x000000070c600000| Untracked 
|  89|0x000000070c800000, 0x000000070c800000, 0x000000070ca00000|  0%| F|  |TAMS 0x000000070c800000| PB 0x000000070c800000| Untracked 
|  90|0x000000070ca00000, 0x000000070ca00000, 0x000000070cc00000|  0%| F|  |TAMS 0x000000070ca00000| PB 0x000000070ca00000| Untracked 
|  91|0x000000070cc00000, 0x000000070cc00000, 0x000000070ce00000|  0%| F|  |TAMS 0x000000070cc00000| PB 0x000000070cc00000| Untracked 
|  92|0x000000070ce00000, 0x000000070ce00000, 0x000000070d000000|  0%| F|  |TAMS 0x000000070ce00000| PB 0x000000070ce00000| Untracked 
|  93|0x000000070d000000, 0x000000070d000000, 0x000000070d200000|  0%| F|  |TAMS 0x000000070d000000| PB 0x000000070d000000| Untracked 
|  94|0x000000070d200000, 0x000000070d200000, 0x000000070d400000|  0%| F|  |TAMS 0x000000070d200000| PB 0x000000070d200000| Untracked 
|  95|0x000000070d400000, 0x000000070d400000, 0x000000070d600000|  0%| F|  |TAMS 0x000000070d400000| PB 0x000000070d400000| Untracked 
|  96|0x000000070d600000, 0x000000070d600000, 0x000000070d800000|  0%| F|  |TAMS 0x000000070d600000| PB 0x000000070d600000| Untracked 
|  97|0x000000070d800000, 0x000000070d800000, 0x000000070da00000|  0%| F|  |TAMS 0x000000070d800000| PB 0x000000070d800000| Untracked 
|  98|0x000000070da00000, 0x000000070da00000, 0x000000070dc00000|  0%| F|  |TAMS 0x000000070da00000| PB 0x000000070da00000| Untracked 
|  99|0x000000070dc00000, 0x000000070dc00000, 0x000000070de00000|  0%| F|  |TAMS 0x000000070dc00000| PB 0x000000070dc00000| Untracked 
| 100|0x000000070de00000, 0x000000070de00000, 0x000000070e000000|  0%| F|  |TAMS 0x000000070de00000| PB 0x000000070de00000| Untracked 
| 101|0x000000070e000000, 0x000000070e000000, 0x000000070e200000|  0%| F|  |TAMS 0x000000070e000000| PB 0x000000070e000000| Untracked 
| 102|0x000000070e200000, 0x000000070e200000, 0x000000070e400000|  0%| F|  |TAMS 0x000000070e200000| PB 0x000000070e200000| Untracked 
| 103|0x000000070e400000, 0x000000070e400000, 0x000000070e600000|  0%| F|  |TAMS 0x000000070e400000| PB 0x000000070e400000| Untracked 
| 104|0x000000070e600000, 0x000000070e600000, 0x000000070e800000|  0%| F|  |TAMS 0x000000070e600000| PB 0x000000070e600000| Untracked 
| 105|0x000000070e800000, 0x000000070e800000, 0x000000070ea00000|  0%| F|  |TAMS 0x000000070e800000| PB 0x000000070e800000| Untracked 
| 106|0x000000070ea00000, 0x000000070ea00000, 0x000000070ec00000|  0%| F|  |TAMS 0x000000070ea00000| PB 0x000000070ea00000| Untracked 
| 107|0x000000070ec00000, 0x000000070ec00000, 0x000000070ee00000|  0%| F|  |TAMS 0x000000070ec00000| PB 0x000000070ec00000| Untracked 
| 108|0x000000070ee00000, 0x000000070ee00000, 0x000000070f000000|  0%| F|  |TAMS 0x000000070ee00000| PB 0x000000070ee00000| Untracked 
| 109|0x000000070f000000, 0x000000070f000000, 0x000000070f200000|  0%| F|  |TAMS 0x000000070f000000| PB 0x000000070f000000| Untracked 
| 110|0x000000070f200000, 0x000000070f200000, 0x000000070f400000|  0%| F|  |TAMS 0x000000070f200000| PB 0x000000070f200000| Untracked 
| 111|0x000000070f400000, 0x000000070f400000, 0x000000070f600000|  0%| F|  |TAMS 0x000000070f400000| PB 0x000000070f400000| Untracked 
| 112|0x000000070f600000, 0x000000070f600000, 0x000000070f800000|  0%| F|  |TAMS 0x000000070f600000| PB 0x000000070f600000| Untracked 
| 113|0x000000070f800000, 0x000000070f800000, 0x000000070fa00000|  0%| F|  |TAMS 0x000000070f800000| PB 0x000000070f800000| Untracked 
| 114|0x000000070fa00000, 0x000000070fa00000, 0x000000070fc00000|  0%| F|  |TAMS 0x000000070fa00000| PB 0x000000070fa00000| Untracked 
| 115|0x000000070fc00000, 0x000000070fc00000, 0x000000070fe00000|  0%| F|  |TAMS 0x000000070fc00000| PB 0x000000070fc00000| Untracked 
| 116|0x000000070fe00000, 0x000000070ff083e0, 0x0000000710000000| 51%| E|  |TAMS 0x000000070fe00000| PB 0x000000070fe00000| Complete 
| 117|0x0000000710000000, 0x0000000710200000, 0x0000000710200000|100%| E|CS|TAMS 0x0000000710000000| PB 0x0000000710000000| Complete 
| 118|0x0000000710200000, 0x0000000710400000, 0x0000000710400000|100%| E|CS|TAMS 0x0000000710200000| PB 0x0000000710200000| Complete 
| 119|0x0000000710400000, 0x0000000710600000, 0x0000000710600000|100%| E|CS|TAMS 0x0000000710400000| PB 0x0000000710400000| Complete 
| 120|0x0000000710600000, 0x0000000710800000, 0x0000000710800000|100%| E|CS|TAMS 0x0000000710600000| PB 0x0000000710600000| Complete 
| 121|0x0000000710800000, 0x0000000710a00000, 0x0000000710a00000|100%| E|CS|TAMS 0x0000000710800000| PB 0x0000000710800000| Complete 
| 122|0x0000000710a00000, 0x0000000710a9c300, 0x0000000710c00000| 30%| S|CS|TAMS 0x0000000710a00000| PB 0x0000000710a00000| Complete 
| 123|0x0000000710c00000, 0x0000000710e00000, 0x0000000710e00000|100%| E|CS|TAMS 0x0000000710c00000| PB 0x0000000710c00000| Complete 
| 124|0x0000000710e00000, 0x0000000711000000, 0x0000000711000000|100%| E|  |TAMS 0x0000000710e00000| PB 0x0000000710e00000| Complete 
| 125|0x0000000711000000, 0x0000000711200000, 0x0000000711200000|100%| E|CS|TAMS 0x0000000711000000| PB 0x0000000711000000| Complete 
| 126|0x0000000711200000, 0x0000000711400000, 0x0000000711400000|100%| E|CS|TAMS 0x0000000711200000| PB 0x0000000711200000| Complete 
| 127|0x0000000711400000, 0x0000000711600000, 0x0000000711600000|100%| E|CS|TAMS 0x0000000711400000| PB 0x0000000711400000| Complete 

Card table byte_map: [0x000001fe79d00000,0x000001fe7a500000] _byte_map_base: 0x000001fe764f5000

Marking Bits: (CMBitMap*) 0x000001fe602fce30
 Bits: [0x000001fe7a500000, 0x000001fe7e4a8000)

Polling page: 0x000001fe60370000

Metaspace:

Usage:
  Non-class:      7.20 MB used.
      Class:    972.95 KB used.
       Both:      8.15 MB used.

Virtual space:
  Non-class space:       64.00 MB reserved,       7.25 MB ( 11%) committed,  1 nodes.
      Class space:        1.00 GB reserved,       1.06 MB ( <1%) committed,  1 nodes.
             Both:        1.06 GB reserved,       8.31 MB ( <1%) committed. 

Chunk freelists:
   Non-Class:  7.25 MB
       Class:  14.98 MB
        Both:  22.23 MB

MaxMetaspaceSize: unlimited
CompressedClassSpaceSize: 1.00 GB
Initial GC threshold: 21.00 MB
Current GC threshold: 21.00 MB
CDS: on
 - commit_granule_bytes: 65536.
 - commit_granule_words: 8192.
 - virtual_space_node_default_size: 8388608.
 - enlarge_chunks_in_place: 1.
 - use_allocation_guard: 0.


Internal statistics:

num_allocs_failed_limit: 0.
num_arena_births: 60.
num_arena_deaths: 0.
num_vsnodes_births: 2.
num_vsnodes_deaths: 0.
num_space_committed: 133.
num_space_uncommitted: 0.
num_chunks_returned_to_freelist: 0.
num_chunks_taken_from_freelist: 305.
num_chunk_merges: 0.
num_chunk_splits: 209.
num_chunks_enlarged: 182.
num_inconsistent_stats: 0.

CodeHeap 'non-profiled nmethods': size=120000Kb used=710Kb max_used=710Kb free=119289Kb
 bounds [0x000001fe719b0000, 0x000001fe71c20000, 0x000001fe78ee0000]
CodeHeap 'profiled nmethods': size=120000Kb used=3293Kb max_used=3293Kb free=116706Kb
 bounds [0x000001fe69ee0000, 0x000001fe6a220000, 0x000001fe71410000]
CodeHeap 'non-nmethods': size=5760Kb used=1365Kb max_used=1398Kb free=4394Kb
 bounds [0x000001fe71410000, 0x000001fe71680000, 0x000001fe719b0000]
 total_blobs=2135 nmethods=1665 adapters=375
 compilation: enabled
              stopped_count=0, restarted_count=0
 full_count=0

Compilation events (20 events):
Event: 3.646 Thread 0x000001fe7eae0ec0 nmethod 1655 0x000001fe71a5f510 code [0x000001fe71a5f6a0, 0x000001fe71a5f768]
Event: 3.647 Thread 0x000001fe7eae0ec0 1656       4       java.lang.Object::<init> (1 bytes)
Event: 3.647 Thread 0x000001fe7eae0ec0 nmethod 1656 0x000001fe71a5f810 code [0x000001fe71a5f9a0, 0x000001fe71a5fa68]
Event: 3.656 Thread 0x000001fe7eae7130 1657       3       java.util.stream.SortedOps$OfRef::<init> (32 bytes)
Event: 3.656 Thread 0x000001fe7eae7130 nmethod 1657 0x000001fe6a214110 code [0x000001fe6a214300, 0x000001fe6a214818]
Event: 3.659 Thread 0x000001fe7eae7130 1658       3       java.nio.ByteOrder::nativeOrder (4 bytes)
Event: 3.659 Thread 0x000001fe7eae7130 nmethod 1658 0x000001fe6a214a10 code [0x000001fe6a214ba0, 0x000001fe6a214c98]
Event: 3.661 Thread 0x000001fe7eae7130 1659       3       sun.nio.fs.WindowsPathParser::parse (6 bytes)
Event: 3.661 Thread 0x000001fe7eae7130 nmethod 1659 0x000001fe6a214d10 code [0x000001fe6a214ec0, 0x000001fe6a214fe0]
Event: 3.663 Thread 0x000001fe7eae0ec0 1660   !   4       java.lang.String::<init> (893 bytes)
Event: 3.664 Thread 0x000001fe7eae7130 1661       3       sun.nio.fs.WindowsFileSystem::getPath (106 bytes)
Event: 3.665 Thread 0x000001fe7eae7130 nmethod 1661 0x000001fe6a215090 code [0x000001fe6a215320, 0x000001fe6a215d30]
Event: 3.665 Thread 0x000001fe7eae7130 1662       1       java.security.Permission::getName (5 bytes)
Event: 3.665 Thread 0x000001fe7eae7130 nmethod 1662 0x000001fe71a5fb10 code [0x000001fe71a5fca0, 0x000001fe71a5fd70]
Event: 3.670 Thread 0x000001fe7eae7130 1663       3       com.google.common.base.Preconditions::checkPositionIndex (8 bytes)
Event: 3.670 Thread 0x000001fe7eae7130 nmethod 1663 0x000001fe6a216210 code [0x000001fe6a2163c0, 0x000001fe6a2164e8]
Event: 3.670 Thread 0x000001fe7eae7130 1664   !   3       jdk.proxy2.$Proxy5::annotationType (29 bytes)
Event: 3.670 Thread 0x000001fe7eae7130 nmethod 1664 0x000001fe6a216590 code [0x000001fe6a216760, 0x000001fe6a216b28]
Event: 3.671 Thread 0x000001fe7eae7130 1665       3       com.google.inject.internal.ProviderInstanceBindingImpl::<init> (23 bytes)
Event: 3.671 Thread 0x000001fe7eae7130 nmethod 1665 0x000001fe6a216d10 code [0x000001fe6a216ee0, 0x000001fe6a217340]

GC Heap History (4 events):
Event: 1.921 GC heap before
{Heap before GC invocations=0 (full 0):
 garbage-first heap   total 262144K, used 12288K [0x0000000701600000, 0x0000000800000000)
  region size 2048K, 6 young (12288K), 0 survivors (0K)
 Metaspace       used 3658K, committed 3840K, reserved 1114112K
  class space    used 358K, committed 448K, reserved 1048576K
}
Event: 1.931 GC heap after
{Heap after GC invocations=1 (full 0):
 garbage-first heap   total 262144K, used 3311K [0x0000000701600000, 0x0000000800000000)
  region size 2048K, 1 young (2048K), 1 survivors (2048K)
 Metaspace       used 3658K, committed 3840K, reserved 1114112K
  class space    used 358K, committed 448K, reserved 1048576K
}
Event: 2.462 GC heap before
{Heap before GC invocations=1 (full 0):
 garbage-first heap   total 262144K, used 13551K [0x0000000701600000, 0x0000000800000000)
  region size 2048K, 6 young (12288K), 1 survivors (2048K)
 Metaspace       used 5727K, committed 5952K, reserved 1114112K
  class space    used 656K, committed 768K, reserved 1048576K
}
Event: 2.466 GC heap after
{Heap after GC invocations=2 (full 0):
 garbage-first heap   total 262144K, used 4058K [0x0000000701600000, 0x0000000800000000)
  region size 2048K, 1 young (2048K), 1 survivors (2048K)
 Metaspace       used 5727K, committed 5952K, reserved 1114112K
  class space    used 656K, committed 768K, reserved 1048576K
}

Dll operation events (8 events):
Event: 0.023 Loaded shared library C:\Users\RIAN\.jdks\openjdk-21.0.2\bin\java.dll
Event: 0.312 Loaded shared library C:\Users\RIAN\.jdks\openjdk-21.0.2\bin\jsvml.dll
Event: 0.327 Loaded shared library C:\Users\RIAN\.jdks\openjdk-21.0.2\bin\net.dll
Event: 0.330 Loaded shared library C:\Users\RIAN\.jdks\openjdk-21.0.2\bin\nio.dll
Event: 0.336 Loaded shared library C:\Users\RIAN\.jdks\openjdk-21.0.2\bin\zip.dll
Event: 0.714 Loaded shared library C:\Users\RIAN\.jdks\openjdk-21.0.2\bin\jimage.dll
Event: 0.922 Loaded shared library C:\Users\RIAN\AppData\Local\Temp\jansi-2.4.0-86a674e371cc7f48-jansi.dll
Event: 0.943 Loaded shared library C:\Users\RIAN\.jdks\openjdk-21.0.2\bin\verify.dll

Deoptimization events (20 events):
Event: 3.066 Thread 0x000001fe6029d5f0 DEOPT PACKING pc=0x000001fe71a394e4 sp=0x00000083289fdcf0
Event: 3.066 Thread 0x000001fe6029d5f0 DEOPT UNPACKING pc=0x000001fe714646a2 sp=0x00000083289fdb88 mode 2
Event: 3.092 Thread 0x000001fe6029d5f0 DEOPT PACKING pc=0x000001fe69f2793c sp=0x00000083289fd250
Event: 3.092 Thread 0x000001fe6029d5f0 DEOPT UNPACKING pc=0x000001fe71464e42 sp=0x00000083289fc6e0 mode 0
Event: 3.093 Thread 0x000001fe6029d5f0 DEOPT PACKING pc=0x000001fe69f2793c sp=0x00000083289fd250
Event: 3.093 Thread 0x000001fe6029d5f0 DEOPT UNPACKING pc=0x000001fe71464e42 sp=0x00000083289fc6e0 mode 0
Event: 3.181 Thread 0x000001fe6029d5f0 DEOPT PACKING pc=0x000001fe6a114b35 sp=0x00000083289fde30
Event: 3.181 Thread 0x000001fe6029d5f0 DEOPT UNPACKING pc=0x000001fe71464e42 sp=0x00000083289fd2a0 mode 0
Event: 3.242 Thread 0x000001fe6029d5f0 DEOPT PACKING pc=0x000001fe6a114ba7 sp=0x00000083289fde30
Event: 3.242 Thread 0x000001fe6029d5f0 DEOPT UNPACKING pc=0x000001fe71464e42 sp=0x00000083289fd2a0 mode 0
Event: 3.340 Thread 0x000001fe6029d5f0 Uncommon trap: trap_request=0xffffff45 fr.pc=0x000001fe71a44d64 relative=0x00000000000012c4
Event: 3.340 Thread 0x000001fe6029d5f0 Uncommon trap: reason=unstable_if action=reinterpret pc=0x000001fe71a44d64 method=jdk.internal.jimage.ImageLocation.verifyName(Ljava/lang/String;Ljava/lang/String;IIIIIILjdk/internal/jimage/ImageStrings;)Z @ 27 c2
Event: 3.340 Thread 0x000001fe6029d5f0 DEOPT PACKING pc=0x000001fe71a44d64 sp=0x00000083289fd880
Event: 3.340 Thread 0x000001fe6029d5f0 DEOPT UNPACKING pc=0x000001fe714646a2 sp=0x00000083289fd758 mode 2
Event: 3.452 Thread 0x000001fe6029d5f0 DEOPT PACKING pc=0x000001fe69f3f7d1 sp=0x00000083289fdcb0
Event: 3.452 Thread 0x000001fe6029d5f0 DEOPT UNPACKING pc=0x000001fe71464e42 sp=0x00000083289fd1b0 mode 0
Event: 3.504 Thread 0x000001fe6029d5f0 Uncommon trap: trap_request=0xffffffc6 fr.pc=0x000001fe71a36eb8 relative=0x0000000000000338
Event: 3.504 Thread 0x000001fe6029d5f0 Uncommon trap: reason=bimorphic_or_optimized_type_check action=maybe_recompile pc=0x000001fe71a36eb8 method=java.util.HashMap.getNode(Ljava/lang/Object;)Ljava/util/HashMap$Node; @ 63 c2
Event: 3.504 Thread 0x000001fe6029d5f0 DEOPT PACKING pc=0x000001fe71a36eb8 sp=0x00000083289fe140
Event: 3.504 Thread 0x000001fe6029d5f0 DEOPT UNPACKING pc=0x000001fe714646a2 sp=0x00000083289fe0b8 mode 2

Classes loaded (20 events):
Event: 3.486 Loading class sun/reflect/generics/tree/Wildcard
Event: 3.486 Loading class sun/reflect/generics/tree/Wildcard done
Event: 3.486 Loading class sun/reflect/generics/reflectiveObjects/WildcardTypeImpl
Event: 3.486 Loading class sun/reflect/generics/reflectiveObjects/WildcardTypeImpl done
Event: 3.487 Loading class sun/reflect/annotation/AnnotatedTypeFactory$AnnotatedParameterizedTypeImpl
Event: 3.487 Loading class java/lang/reflect/AnnotatedParameterizedType
Event: 3.487 Loading class java/lang/reflect/AnnotatedParameterizedType done
Event: 3.487 Loading class sun/reflect/annotation/AnnotatedTypeFactory$AnnotatedParameterizedTypeImpl done
Event: 3.552 Loading class java/lang/reflect/Executable$ParameterData
Event: 3.552 Loading class java/lang/reflect/Executable$ParameterData done
Event: 3.552 Loading class sun/reflect/generics/scope/ConstructorScope
Event: 3.552 Loading class sun/reflect/generics/scope/ConstructorScope done
Event: 3.552 Loading class sun/reflect/generics/repository/ConstructorRepository
Event: 3.552 Loading class sun/reflect/generics/repository/ConstructorRepository done
Event: 3.552 Loading class sun/reflect/generics/tree/VoidDescriptor
Event: 3.552 Loading class sun/reflect/generics/tree/VoidDescriptor done
Event: 3.552 Loading class sun/reflect/generics/tree/MethodTypeSignature
Event: 3.552 Loading class sun/reflect/generics/tree/MethodTypeSignature done
Event: 3.613 Loading class java/util/EventObject
Event: 3.613 Loading class java/util/EventObject done

Classes unloaded (0 events):
No events

Classes redefined (0 events):
No events

Internal exceptions (13 events):
Event: 0.442 Thread 0x000001fe6029d5f0 Exception <a 'java/lang/NoSuchMethodError'{0x0000000711211148}: 'int java.lang.invoke.DirectMethodHandle$Holder.invokeSpecial(java.lang.Object, java.lang.Object, java.lang.Object)'> (0x0000000711211148) 
thrown [s\open\src\hotspot\share\interpreter\linkResolver.cpp, line 773]
Event: 0.674 Thread 0x000001fe6029d5f0 Exception <a 'java/lang/NoSuchMethodError'{0x0000000711029b88}: 'java.lang.Object java.lang.invoke.Invokers$Holder.invokeExact_MT(java.lang.Object, java.lang.Object, java.lang.Object, java.lang.Object, java.lang.Object)'> (0x0000000711029b88) 
thrown [s\open\src\hotspot\share\interpreter\linkResolver.cpp, line 773]
Event: 0.708 Thread 0x000001fe6029d5f0 Exception <a 'java/lang/NullPointerException'{0x000000071107fcb0}> (0x000000071107fcb0) 
thrown [s\open\src\hotspot\share\interpreter\linkResolver.cpp, line 1372]
Event: 0.984 Thread 0x000001fe6029d5f0 Exception <a 'java/lang/NoSuchMethodError'{0x000000071117e540}: 'void java.lang.invoke.DirectMethodHandle$Holder.invokeStatic(java.lang.Object, java.lang.Object, java.lang.Object)'> (0x000000071117e540) 
thrown [s\open\src\hotspot\share\interpreter\linkResolver.cpp, line 773]
Event: 1.201 Thread 0x000001fe6029d5f0 Exception <a 'java/lang/NoSuchMethodError'{0x0000000710f37780}: 'java.lang.Object java.lang.invoke.DirectMethodHandle$Holder.invokeSpecialIFC(java.lang.Object, java.lang.Object, java.lang.Object, java.lang.Object)'> (0x0000000710f37780) 
thrown [s\open\src\hotspot\share\interpreter\linkResolver.cpp, line 773]
Event: 1.972 Thread 0x000001fe6029d5f0 Exception <a 'java/lang/NoSuchMethodError'{0x00000007114d1830}: 'void java.lang.invoke.DirectMethodHandle$Holder.invokeSpecial(java.lang.Object, java.lang.Object, java.lang.Object)'> (0x00000007114d1830) 
thrown [s\open\src\hotspot\share\interpreter\linkResolver.cpp, line 773]
Event: 2.047 Thread 0x000001fe6029d5f0 Exception <a 'java/lang/NoSuchMethodError'{0x00000007112359e8}: 'java.lang.Object java.lang.invoke.DirectMethodHandle$Holder.invokeInterface(java.lang.Object, java.lang.Object)'> (0x00000007112359e8) 
thrown [s\open\src\hotspot\share\interpreter\linkResolver.cpp, line 773]
Event: 2.076 Thread 0x000001fe6029d5f0 Exception <a 'java/lang/NoSuchMethodError'{0x00000007112ce250}: 'int java.lang.invoke.DirectMethodHandle$Holder.invokeStatic(java.lang.Object, java.lang.Object, java.lang.Object, java.lang.Object)'> (0x00000007112ce250) 
thrown [s\open\src\hotspot\share\interpreter\linkResolver.cpp, line 773]
Event: 2.077 Thread 0x000001fe6029d5f0 Exception <a 'java/lang/NoSuchMethodError'{0x00000007112d18d0}: 'java.lang.Object java.lang.invoke.Invokers$Holder.invokeExact_MT(java.lang.Object, java.lang.Object, java.lang.Object, java.lang.Object, java.lang.Object, java.lang.Object)'> (0x00000007112d18d0) 
thrown [s\open\src\hotspot\share\interpreter\linkResolver.cpp, line 773]
Event: 2.089 Thread 0x000001fe6029d5f0 Exception <a 'java/lang/NoSuchMethodError'{0x00000007112dff80}: 'int java.lang.invoke.DirectMethodHandle$Holder.invokeSpecialIFC(java.lang.Object, java.lang.Object, java.lang.Object, java.lang.Object, java.lang.Object)'> (0x00000007112dff80) 
thrown [s\open\src\hotspot\share\interpreter\linkResolver.cpp, line 773]
Event: 2.200 Thread 0x000001fe6029d5f0 Exception <a 'java/lang/NoSuchMethodError'{0x0000000711068470}: 'java.lang.Object java.lang.invoke.DirectMethodHandle$Holder.newInvokeSpecial(java.lang.Object, java.lang.Object, java.lang.Object, java.lang.Object, java.lang.Object)'> (0x0000000711068470) 
thrown [s\open\src\hotspot\share\interpreter\linkResolver.cpp, line 773]
Event: 2.296 Thread 0x000001fe6029d5f0 Exception <a 'java/lang/NoSuchMethodError'{0x0000000711164518}: 'int java.lang.invoke.DirectMethodHandle$Holder.invokeStaticInit(java.lang.Object, java.lang.Object)'> (0x0000000711164518) 
thrown [s\open\src\hotspot\share\interpreter\linkResolver.cpp, line 773]
Event: 2.308 Thread 0x000001fe6029d5f0 Exception <a 'java/lang/NoClassDefFoundError'{0x0000000711199660}: javax/enterprise/inject/Typed> (0x0000000711199660) 
thrown [s\open\src\hotspot\share\classfile\systemDictionary.cpp, line 301]

ZGC Phase Switch (0 events):
No events

VM Operations (16 events):
Event: 0.705 Executing VM operation: HandshakeAllThreads (Deoptimize)
Event: 0.705 Executing VM operation: HandshakeAllThreads (Deoptimize) done
Event: 0.719 Executing VM operation: HandshakeAllThreads (Deoptimize)
Event: 0.719 Executing VM operation: HandshakeAllThreads (Deoptimize) done
Event: 1.736 Executing VM operation: Cleanup
Event: 1.753 Executing VM operation: Cleanup done
Event: 1.921 Executing VM operation: G1CollectForAllocation (G1 Evacuation Pause)
Event: 1.931 Executing VM operation: G1CollectForAllocation (G1 Evacuation Pause) done
Event: 2.462 Executing VM operation: G1CollectForAllocation (G1 Evacuation Pause)
Event: 2.474 Executing VM operation: G1CollectForAllocation (G1 Evacuation Pause) done
Event: 3.483 Executing VM operation: Cleanup
Event: 3.483 Executing VM operation: Cleanup done
Event: 3.519 Executing VM operation: HandshakeAllThreads (Deoptimize)
Event: 3.519 Executing VM operation: HandshakeAllThreads (Deoptimize) done
Event: 3.645 Executing VM operation: HandshakeAllThreads (Deoptimize)
Event: 3.645 Executing VM operation: HandshakeAllThreads (Deoptimize) done

Events (13 events):
Event: 0.067 Thread 0x000001fe6029d5f0 Thread added: 0x000001fe6029d5f0
Event: 0.164 Thread 0x000001fe7ead8400 Thread added: 0x000001fe7ead8400
Event: 0.164 Thread 0x000001fe7ead9320 Thread added: 0x000001fe7ead9320
Event: 0.164 Thread 0x000001fe7eadc100 Thread added: 0x000001fe7eadc100
Event: 0.164 Thread 0x000001fe7eadec70 Thread added: 0x000001fe7eadec70
Event: 0.164 Thread 0x000001fe7eadf6d0 Thread added: 0x000001fe7eadf6d0
Event: 0.165 Thread 0x000001fe7eae0130 Thread added: 0x000001fe7eae0130
Event: 0.165 Thread 0x000001fe7eae0ec0 Thread added: 0x000001fe7eae0ec0
Event: 0.170 Thread 0x000001fe7eae7130 Thread added: 0x000001fe7eae7130
Event: 0.218 Thread 0x000001fe7ecbffc0 Thread added: 0x000001fe7ecbffc0
Event: 0.247 Thread 0x000001fe7ecc2fa0 Thread added: 0x000001fe7ecc2fa0
Event: 2.374 Thread 0x000001fe470f7880 Thread added: 0x000001fe470f7880
Event: 2.734 Thread 0x000001fe470f7880 Thread exited: 0x000001fe470f7880


Dynamic libraries:
0x00007ff739d00000 - 0x00007ff739d0e000 	C:\Users\RIAN\.jdks\openjdk-21.0.2\bin\java.exe
0x00007ffab6670000 - 0x00007ffab6868000 	C:\WINDOWS\SYSTEM32\ntdll.dll
0x00007ffab5700000 - 0x00007ffab57bd000 	C:\WINDOWS\System32\KERNEL32.DLL
0x00007ffab42f0000 - 0x00007ffab45e6000 	C:\WINDOWS\System32\KERNELBASE.dll
0x00007ffab4060000 - 0x00007ffab4160000 	C:\WINDOWS\System32\ucrtbase.dll
0x00007ffaaf650000 - 0x00007ffaaf668000 	C:\Users\RIAN\.jdks\openjdk-21.0.2\bin\jli.dll
0x00007ffab57c0000 - 0x00007ffab595e000 	C:\WINDOWS\System32\USER32.dll
0x00007ffab3e30000 - 0x00007ffab3e52000 	C:\WINDOWS\System32\win32u.dll
0x00007ffab4ad0000 - 0x00007ffab4afb000 	C:\WINDOWS\System32\GDI32.dll
0x00007ffab41d0000 - 0x00007ffab42e7000 	C:\WINDOWS\System32\gdi32full.dll
0x00007ffab3e60000 - 0x00007ffab3efd000 	C:\WINDOWS\System32\msvcp_win.dll
0x00007ffaadfa0000 - 0x00007ffaadfbb000 	C:\Users\RIAN\.jdks\openjdk-21.0.2\bin\VCRUNTIME140.dll
0x00007ffa9d880000 - 0x00007ffa9db1a000 	C:\WINDOWS\WinSxS\amd64_microsoft.windows.common-controls_6595b64144ccf1df_6.0.19041.3636_none_60b6a03d71f818d5\COMCTL32.dll
0x00007ffab4ba0000 - 0x00007ffab4c3e000 	C:\WINDOWS\System32\msvcrt.dll
0x00007ffab60d0000 - 0x00007ffab6102000 	C:\WINDOWS\System32\IMM32.DLL
0x00007ffaaf740000 - 0x00007ffaaf74c000 	C:\Users\RIAN\.jdks\openjdk-21.0.2\bin\vcruntime140_1.dll
0x00007ffa95e30000 - 0x00007ffa95ebe000 	C:\Users\RIAN\.jdks\openjdk-21.0.2\bin\msvcp140.dll
0x00007ffa3fda0000 - 0x00007ffa40ab7000 	C:\Users\RIAN\.jdks\openjdk-21.0.2\bin\server\jvm.dll
0x00007ffab6580000 - 0x00007ffab6630000 	C:\WINDOWS\System32\ADVAPI32.dll
0x00007ffab4b00000 - 0x00007ffab4ba0000 	C:\WINDOWS\System32\sechost.dll
0x00007ffab47f0000 - 0x00007ffab4915000 	C:\WINDOWS\System32\RPCRT4.dll
0x00007ffab3d70000 - 0x00007ffab3d97000 	C:\WINDOWS\System32\bcrypt.dll
0x00007ffab6270000 - 0x00007ffab62db000 	C:\WINDOWS\System32\WS2_32.dll
0x00007ffab3730000 - 0x00007ffab377b000 	C:\WINDOWS\SYSTEM32\POWRPROF.dll
0x00007ffaab1c0000 - 0x00007ffaab1e7000 	C:\WINDOWS\SYSTEM32\WINMM.dll
0x00007ffaabd80000 - 0x00007ffaabd8a000 	C:\WINDOWS\SYSTEM32\VERSION.dll
0x00007ffab3710000 - 0x00007ffab3722000 	C:\WINDOWS\SYSTEM32\UMPDC.dll
0x00007ffab1bb0000 - 0x00007ffab1bc2000 	C:\WINDOWS\SYSTEM32\kernel.appcore.dll
0x00007ffaaf700000 - 0x00007ffaaf70a000 	C:\Users\RIAN\.jdks\openjdk-21.0.2\bin\jimage.dll
0x00007ffaad000000 - 0x00007ffaad1e4000 	C:\WINDOWS\SYSTEM32\DBGHELP.DLL
0x00007ffa99050000 - 0x00007ffa99084000 	C:\WINDOWS\SYSTEM32\dbgcore.DLL
0x00007ffab3da0000 - 0x00007ffab3e22000 	C:\WINDOWS\System32\bcryptPrimitives.dll
0x00007ffaa4290000 - 0x00007ffaa42af000 	C:\Users\RIAN\.jdks\openjdk-21.0.2\bin\java.dll
0x00007ffab5960000 - 0x00007ffab60cb000 	C:\WINDOWS\System32\SHELL32.dll
0x00007ffab1db0000 - 0x00007ffab254e000 	C:\WINDOWS\SYSTEM32\windows.storage.dll
0x00007ffab4f20000 - 0x00007ffab5273000 	C:\WINDOWS\System32\combase.dll
0x00007ffab35a0000 - 0x00007ffab35ce000 	C:\WINDOWS\SYSTEM32\Wldp.dll
0x00007ffab4e50000 - 0x00007ffab4f1d000 	C:\WINDOWS\System32\OLEAUT32.dll
0x00007ffab4da0000 - 0x00007ffab4e4d000 	C:\WINDOWS\System32\SHCORE.dll
0x00007ffab62e0000 - 0x00007ffab6335000 	C:\WINDOWS\System32\shlwapi.dll
0x00007ffab3c50000 - 0x00007ffab3c75000 	C:\WINDOWS\SYSTEM32\profapi.dll
0x00007ffa89f30000 - 0x00007ffa8a007000 	C:\Users\RIAN\.jdks\openjdk-21.0.2\bin\jsvml.dll
0x00007ffaadf90000 - 0x00007ffaadfa0000 	C:\Users\RIAN\.jdks\openjdk-21.0.2\bin\net.dll
0x00007ffaace00000 - 0x00007ffaacf0a000 	C:\WINDOWS\SYSTEM32\WINHTTP.dll
0x00007ffab3380000 - 0x00007ffab33ea000 	C:\WINDOWS\system32\mswsock.dll
0x00007ffaa20e0000 - 0x00007ffaa20f6000 	C:\Users\RIAN\.jdks\openjdk-21.0.2\bin\nio.dll
0x00007ffaa2f90000 - 0x00007ffaa2fa8000 	C:\Users\RIAN\.jdks\openjdk-21.0.2\bin\zip.dll
0x0000000069ac0000 - 0x0000000069ae4000 	C:\Users\RIAN\AppData\Local\Temp\jansi-2.4.0-86a674e371cc7f48-jansi.dll
0x00007ffaa2130000 - 0x00007ffaa2140000 	C:\Users\RIAN\.jdks\openjdk-21.0.2\bin\verify.dll

dbghelp: loaded successfully - version: 4.0.5 - missing functions: none
symbol engine: initialized successfully - sym options: 0x614 - pdb path: .;C:\Users\RIAN\.jdks\openjdk-21.0.2\bin;C:\WINDOWS\SYSTEM32;C:\WINDOWS\WinSxS\amd64_microsoft.windows.common-controls_6595b64144ccf1df_6.0.19041.3636_none_60b6a03d71f818d5;C:\Users\RIAN\.jdks\openjdk-21.0.2\bin\server;C:\Users\RIAN\AppData\Local\Temp

VM Arguments:
jvm_args: -Dmaven.multiModuleProjectDirectory=C:\Users\RIAN\Desktop\ProjWeb -Djansi.passthrough=true -Dmaven.home=C:\Users\RIAN\.m2\wrapper\dists\apache-maven-3.9.5-bin\2adeog8mj13csp1uusqnc1f2mo\apache-maven-3.9.5 -Dclassworlds.conf=C:\Users\RIAN\.m2\wrapper\dists\apache-maven-3.9.5-bin\2adeog8mj13csp1uusqnc1f2mo\apache-maven-3.9.5\bin\m2.conf -Dmaven.ext.class.path=C:\Program Files\JetBrains\IntelliJ IDEA 2023.3.4\plugins\maven\lib\maven-event-listener.jar -Dfile.encoding=UTF-8 -Dsun.stdout.encoding=UTF-8 -Dsun.stderr.encoding=UTF-8 
java_command: org.codehaus.classworlds.Launcher -Didea.version=2023.3.4 install
java_class_path (initial): C:\Users\RIAN\.m2\wrapper\dists\apache-maven-3.9.5-bin\2adeog8mj13csp1uusqnc1f2mo\apache-maven-3.9.5\boot\plexus-classworlds-2.7.0.jar;C:\Users\RIAN\.m2\wrapper\dists\apache-maven-3.9.5-bin\2adeog8mj13csp1uusqnc1f2mo\apache-maven-3.9.5\boot\plexus-classworlds.license
Launcher Type: SUN_STANDARD

[Global flags]
     intx CICompilerCount                          = 3                                         {product} {ergonomic}
     uint ConcGCThreads                            = 1                                         {product} {ergonomic}
     uint G1ConcRefinementThreads                  = 4                                         {product} {ergonomic}
   size_t G1HeapRegionSize                         = 2097152                                   {product} {ergonomic}
    uintx GCDrainStackTargetSize                   = 64                                        {product} {ergonomic}
   size_t InitialHeapSize                          = 268435456                                 {product} {ergonomic}
   size_t MarkStackSize                            = 4194304                                   {product} {ergonomic}
   size_t MaxHeapSize                              = 4271898624                                {product} {ergonomic}
   size_t MaxNewSize                               = 2562719744                                {product} {ergonomic}
   size_t MinHeapDeltaBytes                        = 2097152                                   {product} {ergonomic}
   size_t MinHeapSize                              = 8388608                                   {product} {ergonomic}
    uintx NonNMethodCodeHeapSize                   = 5832780                                {pd product} {ergonomic}
    uintx NonProfiledCodeHeapSize                  = 122912730                              {pd product} {ergonomic}
    uintx ProfiledCodeHeapSize                     = 122912730                              {pd product} {ergonomic}
    uintx ReservedCodeCacheSize                    = 251658240                              {pd product} {ergonomic}
     bool SegmentedCodeCache                       = true                                      {product} {ergonomic}
   size_t SoftMaxHeapSize                          = 4271898624                             {manageable} {ergonomic}
     bool UseCompressedOops                        = true                           {product lp64_product} {ergonomic}
     bool UseG1GC                                  = true                                      {product} {ergonomic}
     bool UseLargePagesIndividualAllocation        = false                                  {pd product} {ergonomic}

Logging:
Log output configuration:
 #0: stdout all=warning uptime,level,tags foldmultilines=false
 #1: stderr all=off uptime,level,tags foldmultilines=false

Environment Variables:
JAVA_HOME=C:\Program Files\Java\jdk-21
PATH=C:\Program Files\Common Files\Oracle\Java\javapath;C:\ProgramData\Oracle\Java\javapath;C:\WINDOWS\system32;C:\WINDOWS;C:\WINDOWS\System32\Wbem;C:\WINDOWS\System32\WindowsPowerShell\v1.0\;C:\WINDOWS\System32\OpenSSH\;C:\Program Files\dotnet\;C:\MinGW\bin;C:\Program Files\nodejs\;C:\Program Files\Git\cmd;C:\Users\RIAN\AppData\Local\Programs\Python\Python312\Scripts\;C:\Users\RIAN\AppData\Local\Programs\Python\Python312\;C:\Users\RIAN\AppData\Local\Microsoft\WindowsApps;C:\Users\RIAN\AppData\Local\Programs\Microsoft VS Code\bin;C:\MinGW\bin;C:\Users\RIAN\AppData\Roaming\npm
USERNAME=RIAN
OS=Windows_NT
PROCESSOR_IDENTIFIER=AMD64 Family 23 Model 17 Stepping 0, AuthenticAMD
TMP=C:\Users\RIAN\AppData\Local\Temp
TEMP=C:\Users\RIAN\AppData\Local\Temp




Periodic native trim disabled

---------------  S Y S T E M  ---------------

OS:
 Windows 10 , 64 bit Build 19041 (10.0.19041.3636)
OS uptime: 0 days 8:13 hours
Hyper-V role detected

CPU: total 4 (initial active 4) (4 cores per cpu, 2 threads per core) family 23 model 17 stepping 0 microcode 0x0, cx8, cmov, fxsr, ht, mmx, 3dnowpref, sse, sse2, sse3, ssse3, sse4a, sse4.1, sse4.2, popcnt, lzcnt, tsc, tscinvbit, avx, avx2, aes, clmul, bmi1, bmi2, adx, sha, fma, vzeroupper, clflush, clflushopt, hv, rdtscp, f16c
Processor Information for all 4 processors :
  Max Mhz: 3200, Current Mhz: 3200, Mhz Limit: 3200

Memory: 4k page, system-wide physical 16294M (7985M free)
TotalPageFile size 18726M (AvailPageFile size 5524M)
current process WorkingSet (physical memory assigned to process): 90M, peak: 90M
current process commit charge ("private bytes"): 356M, peak: 356M

vm_info: OpenJDK 64-Bit Server VM (21.0.2+13-58) for windows-amd64 JRE (21.0.2+13-58), built on 2024-01-05T18:32:24Z by "mach5one" with MS VC++ 17.1 (VS2022)

END.
