#
# A fatal error has been detected by the Java Runtime Environment:
#
#  EXCEPTION_ACCESS_VIOLATION (0xc0000005) at pc=0x00000141c1cbd7a5, pid=12812, tid=15156
#
# JRE version: OpenJDK Runtime Environment (21.0.2+13) (build 21.0.2+13-58)
# Java VM: OpenJDK 64-Bit Server VM (21.0.2+13-58, mixed mode, sharing, tiered, compressed oops, compressed class ptrs, g1 gc, windows-amd64)
# Problematic frame:
# J 515 c1 java.io.WinNTFileSystem.getBooleanAttributes(Ljava/io/File;)I java.base@21.0.2 (27 bytes) @ 0x00000141c1cbd7a5 [0x00000141c1cbd760+0x0000000000000045]
#
# No core dump will be written. Minidumps are not enabled by default on client versions of Windows
#
# If you would like to submit a bug report, please visit:
#   https://bugreport.java.com/bugreport/crash.jsp
#

---------------  S U M M A R Y ------------

Command Line: -Dmaven.multiModuleProjectDirectory=C:\Users\RIAN\Desktop\ProjWeb -Djansi.passthrough=true -Dmaven.home=C:\Users\RIAN\.m2\wrapper\dists\apache-maven-3.9.5-bin\2adeog8mj13csp1uusqnc1f2mo\apache-maven-3.9.5 -Dclassworlds.conf=C:\Users\RIAN\.m2\wrapper\dists\apache-maven-3.9.5-bin\2adeog8mj13csp1uusqnc1f2mo\apache-maven-3.9.5\bin\m2.conf -Dmaven.ext.class.path=C:\Program Files\JetBrains\IntelliJ IDEA 2023.3.4\plugins\maven\lib\maven-event-listener.jar -Dfile.encoding=UTF-8 -Dsun.stdout.encoding=UTF-8 -Dsun.stderr.encoding=UTF-8 org.codehaus.classworlds.Launcher -Didea.version=2023.3.4 install

Host: AMD Athlon 200GE with Radeon Vega Graphics     , 4 cores, 15G,  Windows 10 , 64 bit Build 19041 (10.0.19041.3636)
Time: Wed Apr  3 18:04:03 2024 Hora oficial do Brasil elapsed time: 6.201010 seconds (0d 0h 0m 6s)

---------------  T H R E A D  ---------------

Current thread (0x00000141b978d5f0):  JavaThread "main"             [_thread_in_Java, id=15156, stack(0x0000002e99e00000,0x0000002e99f00000) (1024K)]

Stack: [0x0000002e99e00000,0x0000002e99f00000],  sp=0x0000002e99efcf20,  free space=1011k
Native frames: (J=compiled Java code, j=interpreted, Vv=VM code, C=native code)
C  0x00000141c1cbd7a5

The last pc belongs to nmethod (printed below).

siginfo: EXCEPTION_ACCESS_VIOLATION (0xc0000005), reading address 0xffffffffffffffff


Registers:
RAX=0x00000141d91f1c00, RBX=0x00000141d91f1c00, RCX=0x0000000701855160, RDX=0x0000000701855160
RSP=0x0000002e99efcf20, RBP=0x0000002e99efd028, RSI=0x008001421a12d6a8, RDI=0x000001421a12d4d8
R8 =0x000000070cd18610, R9 =0x0000000000000002, R10=0x00000141d91f3d20, R11=0x00000141c1cbd360
R12=0x0000000000000000, R13=0x0000002e99efcfc8, R14=0x000001421a381500, R15=0x00000141b978d5f0
RIP=0x00000141c1cbd7a5, EFLAGS=0x0000000000010246


Register to memory mapping:

RAX={method} {0x00000141d91f1c08} 'hasBooleanAttributes' '(Ljava/io/File;I)Z' in 'java/io/FileSystem'
RBX={method} {0x00000141d91f1c08} 'hasBooleanAttributes' '(Ljava/io/File;I)Z' in 'java/io/FileSystem'
RCX=0x0000000701855160 is an oop: java.io.WinNTFileSystem 
{0x0000000701855160} - klass: 'java/io/WinNTFileSystem'
 - ---- fields (total size 3 words):
 - private final 'slash' 'C' @12  \ 92 (0x005c)
 - private final 'altSlash' 'C' @14  / 47 (0x002f)
 - private final 'semicolon' 'C' @16  ; 59 (0x003b)
 - private final 'userDir' 'Ljava/lang/String;' @20  "C:\Users\RIAN\Desktop\ProjWeb"{0x0000000701855178} (0xe030aa2f)
RDX=0x0000000701855160 is an oop: java.io.WinNTFileSystem 
{0x0000000701855160} - klass: 'java/io/WinNTFileSystem'
 - ---- fields (total size 3 words):
 - private final 'slash' 'C' @12  \ 92 (0x005c)
 - private final 'altSlash' 'C' @14  / 47 (0x002f)
 - private final 'semicolon' 'C' @16  ; 59 (0x003b)
 - private final 'userDir' 'Ljava/lang/String;' @20  "C:\Users\RIAN\Desktop\ProjWeb"{0x0000000701855178} (0xe030aa2f)
RSP=0x0000002e99efcf20 is pointing into the stack for thread: 0x00000141b978d5f0
RBP=0x0000002e99efd028 is pointing into the stack for thread: 0x00000141b978d5f0
RSI=0x008001421a12d6a8 is an unknown value
RDI=0x000001421a12d4d8 is pointing into metadata
R8 =0x000000070cd18610 is an oop: java.io.File 
{0x000000070cd18610} - klass: 'java/io/File'
 - ---- fields (total size 4 words):
 - private final transient 'prefixLength' 'I' @12  3 (0x00000003)
 - private final 'path' 'Ljava/lang/String;' @16  "C:\Users\RIAN\.m2\repository\org\springframework\boot\spring-boot-starter-tomcat\3.2.4\spring-boot-starter-tomcat-3.2.4.pom"{0x000000070cd18848} (0xe19a3109)
 - private transient 'status' 'Ljava/io/File$PathStatus;' @20  a 'java/io/File$PathStatus'{0x0000000701749958} (0xe02e932b)
 - private volatile transient 'filePath' 'Ljava/nio/file/Path;' @24  null (0x00000000)
R9 =0x0000000000000002 is an unknown value
R10=0x00000141d91f3d20 is a pointer to class: 
java.io.WinNTFileSystem {0x00000141d91f3d28}
 - instance size:     3
 - klass size:        94
 - access:            final synchronized 
 - flags:             rewritten has_nonstatic_fields is_shared_boot_class has_localvariable_table 
 - state:             fully_initialized
 - name:              'java/io/WinNTFileSystem'
 - super:             'java/io/FileSystem'
 - sub:               
 - arrays:            null
 - methods:           Array<T>(0x00000141d98c1af8)
 - method ordering:   Array<T>(0x00000141d98c1ce8)
 - default_methods:   Array<T>(0x0000000000000000)
 - local interfaces:  Array<T>(0x00000141d96134c0)
 - trans. interfaces: Array<T>(0x00000141d96134c0)
 - constants:         constant pool [505]/operands[21] {0x00000141d98c0ad8} for 'java/io/WinNTFileSystem' cache=0x00000141d93c8850
 - class loader data:  loader data: 0x00000141b98549c0 of 'bootstrap'
 - source file:       'WinNTFileSystem.java'
 - class annotations:       Array<T>(0x0000000000000000)
 - class type annotations:  Array<T>(0x0000000000000000)
 - field annotations:       Array<T>(0x0000000000000000)
 - field type annotations:  Array<T>(0x0000000000000000)
 - inner classes:     Array<T>(0x00000141d98c1ae0)
 - nest members:     Array<T>(0x00000141d9613448)
 - permitted subclasses:     Array<T>(0x00000141d9613448)
 - java mirror:       a 'java/lang/Class'{0x00000007016dc2c8} = 'java/io/WinNTFileSystem'
 - vtable length      34  (start addr: 0x00000141d91f3ee8)
 - itable length      2 (start addr: 0x00000141d91f3ff8)
 - ---- static fields (1 words):
 - private static final 'ENABLE_ADS' 'Z' @116 
 - private static final 'DRIVE_DIR_CACHE' '[Ljava/lang/String;' @112 
 - ---- non-static fields (3 words):
 - private final 'slash' 'C' @12 
 - private final 'altSlash' 'C' @14 
 - private final 'semicolon' 'C' @16 
 - private final 'userDir' 'Ljava/lang/String;' @20 
 - non-static oop maps: 20-20 
R11=0x00000141c1cbd360 is at entry_point+32 in (nmethod*)0x00000141c1cbd190
Compiled method (c1)    6209  514       3       java.io.FileSystem::hasBooleanAttributes (17 bytes)
 total in heap  [0x00000141c1cbd190,0x00000141c1cbd580] = 1008
 relocation     [0x00000141c1cbd2f0,0x00000141c1cbd338] = 72
 main code      [0x00000141c1cbd340,0x00000141c1cbd4b0] = 368
 stub code      [0x00000141c1cbd4b0,0x00000141c1cbd4f8] = 72
 metadata       [0x00000141c1cbd4f8,0x00000141c1cbd518] = 32
 scopes data    [0x00000141c1cbd518,0x00000141c1cbd538] = 32
 scopes pcs     [0x00000141c1cbd538,0x00000141c1cbd578] = 64
 dependencies   [0x00000141c1cbd578,0x00000141c1cbd580] = 8
R12=0x0 is null
R13=0x0000002e99efcfc8 is pointing into the stack for thread: 0x00000141b978d5f0
R14=0x000001421a381500 is pointing into metadata
R15=0x00000141b978d5f0 is a thread

Top of Stack: (sp=0x0000002e99efcf20)
0x0000002e99efcf20:   0000005d0000005c 00000141c23201dc
0x0000002e99efcf30:   0000000710605ce0 000000070cd182f0
0x0000002e99efcf40:   000000070cd186d0 000000000000005e
0x0000002e99efcf50:   0000001c0000001c 0000000710605cf8
0x0000002e99efcf60:   0000000701855160 000000070cd18610
0x0000002e99efcf70:   0000002e99efd028 00000141c1cbd3d4
0x0000002e99efcf80:   0000002e99efd028 00000141c1c8a994
0x0000002e99efcf90:   000000070cd18610 0000014200000002
0x0000002e99efcfa0:   000000070cd18740 000000070cd18610
0x0000002e99efcfb0:   0000002e99efd028 00000141c912896e
0x0000002e99efcfc0:   00000141c912896e 0000000000000002
0x0000002e99efcfd0:   000000070cd18610 0000000701855160
0x0000002e99efcfe0:   0000002e99efcfe0 00000141d9690e0e
0x0000002e99efcff0:   0000000000000003 00000141d9050ff0
0x0000002e99efd000:   000001421a381500 0000000701855060
0x0000002e99efd010:   00000141d9052d98 0000002e99efcfc8
0x0000002e99efd020:   0000002e99efd040 0000002e99efd090
0x0000002e99efd030:   00000141c912896e 0000000000000000
0x0000002e99efd040:   000000070cd18610 0000002e99efd048
0x0000002e99efd050:   000001421acbd119 0000000000000008
0x0000002e99efd060:   000001421acc0000 0000000000000000
0x0000002e99efd070:   000000071070f740 000001421acbd210
0x0000002e99efd080:   0000002e99efd040 0000002e99efd0c0
0x0000002e99efd090:   0000002e99efd120 00000141c9128846
0x0000002e99efd0a0:   0000000000000000 0000000000000000
0x0000002e99efd0b0:   0000000000000000 0000000000000000
0x0000002e99efd0c0:   000000070cd181f8 000000070cd18610
0x0000002e99efd0d0:   000000071070f8b8 0000002e99efd0d8
0x0000002e99efd0e0:   000001421acbcf4f 000000000000000a
0x0000002e99efd0f0:   000001421acc0000 0000000000000000
0x0000002e99efd100:   000000071070f740 000001421acbd048
0x0000002e99efd110:   0000002e99efd0c0 0000002e99efd160 

Instructions: (pc=0x00000141c1cbd7a5)
0x00000141c1cbd6a5:   03 00 00 e8 03 00 00 00 00 00 00 58 04 00 00 c8
0x00000141c1cbd6b5:   04 00 00 d0 04 00 00 e8 04 00 00 e8 04 00 00 e8
0x00000141c1cbd6c5:   04 00 00 e8 04 00 00 40 00 00 00 03 02 00 00 02
0x00000141c1cbd6d5:   00 00 00 ff ff ff ff ff ff ff ff 03 02 00 00 00
0x00000141c1cbd6e5:   00 00 00 20 00 00 00 00 00 00 00 14 30 22 31 05
0x00000141c1cbd6f5:   60 31 60 13 21 05 80 1a 60 19 19 05 80 0c 60 17
0x00000141c1cbd705:   21 05 80 11 58 33 60 17 21 05 80 12 60 17 31 82
0x00000141c1cbd715:   78 0a 40 11 31 27 31 09 00 01 7c 81 ff 00 28 00
0x00000141c1cbd725:   60 0a 31 01 7c 49 ff 05 28 00 60 0a 31 01 7c c1
0x00000141c1cbd735:   fe 05 28 01 7c 21 ff 00 28 00 60 0a 31 05 31 03
0x00000141c1cbd745:   7c 74 40 e0 47 fa 7f 05 38 0e 30 01 7c ce fe 0d
0x00000141c1cbd755:   48 0c 31 00 00 00 00 00 00 00 00 44 8b 52 08 49
0x00000141c1cbd765:   bb 00 00 00 d9 41 01 00 00 4d 03 d3 4c 3b d0 0f
0x00000141c1cbd775:   85 06 10 4b 07 66 0f 1f 44 00 00 89 84 24 00 80
0x00000141c1cbd785:   ff ff 55 48 83 ec 50 41 81 7f 20 01 00 00 00 74
0x00000141c1cbd795:   05 e8 c5 75 49 07 48 be a8 d6 12 1a 42 01 00 00
0x00000141c1cbd7a5:   8b be cc 00 00 00 83 c7 02 89 be cc 00 00 00 81
0x00000141c1cbd7b5:   e7 fe 07 00 00 85 ff 0f 84 f4 00 00 00 4c 89 44
0x00000141c1cbd7c5:   24 20 48 89 54 24 18 48 be a8 d6 12 1a 42 01 00
0x00000141c1cbd7d5:   00 48 83 86 10 01 00 00 01 90 e8 bc 01 a8 07 0f
0x00000141c1cbd7e5:   1f 84 00 54 02 00 00 48 89 44 24 28 4c 8b 44 24
0x00000141c1cbd7f5:   20 48 8b 54 24 18 48 8b f2 48 bf a8 d6 12 1a 42
0x00000141c1cbd805:   01 00 00 48 83 87 20 01 00 00 01 0f 1f 80 00 00
0x00000141c1cbd815:   00 00 e8 a4 1f a4 07 0f 1f 84 00 8c 02 00 01 89
0x00000141c1cbd825:   44 24 30 48 ba a8 d6 12 1a 42 01 00 00 48 83 82
0x00000141c1cbd835:   58 01 00 00 01 48 8b 54 24 28 e8 dc 18 a8 07 0f
0x00000141c1cbd845:   1f 84 00 b4 02 00 02 8b 44 24 30 48 83 c4 50 5d
0x00000141c1cbd855:   49 3b a7 50 04 00 00 0f 87 75 00 00 00 c3 49 8b
0x00000141c1cbd865:   87 00 05 00 00 4d 33 d2 4d 89 97 00 05 00 00 4d
0x00000141c1cbd875:   33 d2 4d 89 97 08 05 00 00 48 89 44 24 38 48 8b
0x00000141c1cbd885:   44 24 28 48 ba a8 d6 12 1a 42 01 00 00 48 83 82
0x00000141c1cbd895:   68 01 00 00 01 48 8b d0 66 90 e8 dc 17 4b 07 0f 


Stack slot to memory mapping:

stack at sp + 0 slots: 0x0000005d0000005c is an unknown value
stack at sp + 1 slots: 0x00000141c23201dc is at entry_point+156 in (nmethod*)0x00000141c231ff90
Compiled method (c1)    6215 3698       3       org.eclipse.aether.artifact.AbstractArtifact::getBaseVersion (8 bytes)
 total in heap  [0x00000141c231ff90,0x00000141c2320320] = 912
 relocation     [0x00000141c23200f0,0x00000141c2320130] = 64
 main code      [0x00000141c2320140,0x00000141c2320258] = 280
 stub code      [0x00000141c2320258,0x00000141c2320298] = 64
 oops           [0x00000141c2320298,0x00000141c23202a0] = 8
 metadata       [0x00000141c23202a0,0x00000141c23202c0] = 32
 scopes data    [0x00000141c23202c0,0x00000141c23202d8] = 24
 scopes pcs     [0x00000141c23202d8,0x00000141c2320318] = 64
 dependencies   [0x00000141c2320318,0x00000141c2320320] = 8
stack at sp + 2 slots: 0x0000000710605ce0 is an oop: java.lang.String 
{0x0000000710605ce0} - klass: 'java/lang/String'
 - string: "C:\Users\RIAN\.m2\repository"
 - ---- fields (total size 3 words):
 - private 'hash' 'I' @12  0 (0x00000000)
 - private final 'coder' 'B' @16  0 (0x00)
 - private 'hashIsZero' 'Z' @17  false (0x00)
 - injected 'flags' 'B' @18  0 (0x00)
 - private final 'value' '[B' @20  [B{0x0000000710605cf8} (0xe20c0b9f)
stack at sp + 3 slots: 0x000000070cd182f0 is an oop: java.lang.StringBuilder 
{0x000000070cd182f0} - klass: 'java/lang/StringBuilder'
 - ---- fields (total size 3 words):
 - 'count' 'I' @12  94 (0x0000005e)
 - 'coder' 'B' @16  0 (0x00)
 - 'maybeLatin1' 'Z' @17  false (0x00)
 - 'value' '[B' @20  [B{0x000000070cd18308} (0xe19a3061)
stack at sp + 4 slots: 0x000000070cd186d0 is an oop: [B 
{0x000000070cd186d0} - klass: {type array byte}
 - length: 94
stack at sp + 5 slots: 0x000000000000005e is an unknown value
stack at sp + 6 slots: 0x0000001c0000001c is an unknown value
stack at sp + 7 slots: 0x0000000710605cf8 is an oop: [B 
{0x0000000710605cf8} - klass: {type array byte}
 - length: 28


Compiled method (c1)    6219  515   !   3       java.io.WinNTFileSystem::getBooleanAttributes (27 bytes)
 total in heap  [0x00000141c1cbd590,0x00000141c1cbda78] = 1256
 relocation     [0x00000141c1cbd6f0,0x00000141c1cbd758] = 104
 main code      [0x00000141c1cbd760,0x00000141c1cbd918] = 440
 stub code      [0x00000141c1cbd918,0x00000141c1cbd978] = 96
 metadata       [0x00000141c1cbd978,0x00000141c1cbd980] = 8
 scopes data    [0x00000141c1cbd980,0x00000141c1cbd9e8] = 104
 scopes pcs     [0x00000141c1cbd9e8,0x00000141c1cbda58] = 112
 dependencies   [0x00000141c1cbda58,0x00000141c1cbda60] = 8
 handler table  [0x00000141c1cbda60,0x00000141c1cbda78] = 24

[Constant Pool (empty)]

[MachCode]
[Entry Point]
  # {method} {0x00000141d91f4908} 'getBooleanAttributes' '(Ljava/io/File;)I' in 'java/io/WinNTFileSystem'
  # this:     rdx:rdx   = 'java/io/WinNTFileSystem'
  # parm0:    r8:r8     = 'java/io/File'
  #           [sp+0x60]  (sp of caller)
  0x00000141c1cbd760: 448b 5208 | 49bb 0000 | 00d9 4101 | 0000 4d03 | d34c 3bd0 

  0x00000141c1cbd774: ;   {runtime_call ic_miss_stub}
  0x00000141c1cbd774: 0f85 0610 | 4b07 660f | 1f44 0000 
[Verified Entry Point]
  0x00000141c1cbd780: 8984 2400 | 80ff ff55 | 4883 ec50 | 4181 7f20 | 0100 0000 

  0x00000141c1cbd794: ;   {runtime_call StubRoutines (final stubs)}
  0x00000141c1cbd794: 7405 e8c5 

  0x00000141c1cbd798: ;   {metadata(method data for {method} {0x00000141d91f4908} 'getBooleanAttributes' '(Ljava/io/File;)I' in 'java/io/WinNTFileSystem')}
  0x00000141c1cbd798: 7549 0748 | bea8 d612 | 1a42 0100 | 008b becc | 0000 0083 | c702 89be | cc00 0000 | 81e7 fe07 
  0x00000141c1cbd7b8: 0000 85ff | 0f84 f400 | 0000 4c89 | 4424 2048 | 8954 2418 

  0x00000141c1cbd7cc: ;   {metadata(method data for {method} {0x00000141d91f4908} 'getBooleanAttributes' '(Ljava/io/File;)I' in 'java/io/WinNTFileSystem')}
  0x00000141c1cbd7cc: 48be a8d6 | 121a 4201 | 0000 4883 | 8610 0100 

  0x00000141c1cbd7dc: ;   {static_call}
  0x00000141c1cbd7dc: 0001 90e8 

  0x00000141c1cbd7e0: ; ImmutableOopMap {[24]=Oop [32]=Oop }
                      ;*invokestatic begin {reexecute=0 rethrow=0 return_oop=0}
                      ; - java.io.WinNTFileSystem::getBooleanAttributes@0 (line 477)
  0x00000141c1cbd7e0: bc01 a807 

  0x00000141c1cbd7e4: ;   {other}
  0x00000141c1cbd7e4: 0f1f 8400 | 5402 0000 | 4889 4424 | 284c 8b44 | 2420 488b | 5424 1848 

  0x00000141c1cbd7fc: ;   {metadata(method data for {method} {0x00000141d91f4908} 'getBooleanAttributes' '(Ljava/io/File;)I' in 'java/io/WinNTFileSystem')}
  0x00000141c1cbd7fc: 8bf2 48bf | a8d6 121a | 4201 0000 | 4883 8720 | 0100 0001 | 0f1f 8000 

  0x00000141c1cbd814: ;   {optimized virtual_call}
  0x00000141c1cbd814: 0000 00e8 

  0x00000141c1cbd818: ; ImmutableOopMap {}
                      ;*invokevirtual getBooleanAttributes0 {reexecute=0 rethrow=0 return_oop=0}
                      ; - java.io.WinNTFileSystem::getBooleanAttributes@6 (line 479)
  0x00000141c1cbd818: a41f a407 

  0x00000141c1cbd81c: ;   {other}
  0x00000141c1cbd81c: 0f1f 8400 | 8c02 0001 | 8944 2430 

  0x00000141c1cbd828: ;   {metadata(method data for {method} {0x00000141d91f4908} 'getBooleanAttributes' '(Ljava/io/File;)I' in 'java/io/WinNTFileSystem')}
  0x00000141c1cbd828: 48ba a8d6 | 121a 4201 | 0000 4883 | 8258 0100 | 0001 488b 

  0x00000141c1cbd83c: ;   {static_call}
  0x00000141c1cbd83c: 5424 28e8 

  0x00000141c1cbd840: ; ImmutableOopMap {}
                      ;*invokestatic end {reexecute=0 rethrow=0 return_oop=0}
                      ; - java.io.WinNTFileSystem::getBooleanAttributes@12 (line 481)
  0x00000141c1cbd840: dc18 a807 

  0x00000141c1cbd844: ;   {other}
  0x00000141c1cbd844: 0f1f 8400 | b402 0002 | 8b44 2430 | 4883 c450 

  0x00000141c1cbd854: ;   {poll_return}
  0x00000141c1cbd854: 5d49 3ba7 | 5004 0000 | 0f87 7500 | 0000 c349 | 8b87 0005 | 0000 4d33 | d24d 8997 | 0005 0000 
  0x00000141c1cbd874: 4d33 d24d | 8997 0805 | 0000 4889 | 4424 3848 | 8b44 2428 

  0x00000141c1cbd888: ;   {metadata(method data for {method} {0x00000141d91f4908} 'getBooleanAttributes' '(Ljava/io/File;)I' in 'java/io/WinNTFileSystem')}
  0x00000141c1cbd888: 48ba a8d6 | 121a 4201 | 0000 4883 | 8268 0100 | 0001 488b 

  0x00000141c1cbd89c: ;   {static_call}
  0x00000141c1cbd89c: d066 90e8 

  0x00000141c1cbd8a0: ; ImmutableOopMap {[56]=Oop }
                      ;*invokestatic end {reexecute=0 rethrow=0 return_oop=0}
                      ; - java.io.WinNTFileSystem::getBooleanAttributes@21 (line 481)
  0x00000141c1cbd8a0: dc17 4b07 

  0x00000141c1cbd8a4: ;   {other}
  0x00000141c1cbd8a4: 0f1f 8400 | 1403 0003 | 488b 4424 | 38e9 5400 

  0x00000141c1cbd8b4: ;   {metadata({method} {0x00000141d91f4908} 'getBooleanAttributes' '(Ljava/io/File;)I' in 'java/io/WinNTFileSystem')}
  0x00000141c1cbd8b4: 0000 49ba | 0049 1fd9 | 4101 0000 | 4c89 5424 | 0848 c704 | 24ff ffff 

  0x00000141c1cbd8cc: ;   {runtime_call counter_overflow Runtime1 stub}
  0x00000141c1cbd8cc: ffe8 2e6e 

  0x00000141c1cbd8d0: ; ImmutableOopMap {rdx=Oop r8=Oop }
                      ;*synchronization entry
                      ; - java.io.WinNTFileSystem::getBooleanAttributes@-1 (line 477)
  0x00000141c1cbd8d0: 5707 e9eb 

  0x00000141c1cbd8d4: ;   {internal_word}
  0x00000141c1cbd8d4: feff ff49 | ba55 d8cb | c141 0100 | 004d 8997 | 6804 0000 

  0x00000141c1cbd8e8: ;   {runtime_call SafepointBlob}
  0x00000141c1cbd8e8: e913 7e4b | 0749 8b87 | 0005 0000 | 49c7 8700 | 0500 0000 | 0000 0049 | c787 0805 | 0000 0000 
  0x00000141c1cbd908: 0000 4883 

  0x00000141c1cbd90c: ;   {runtime_call unwind_exception Runtime1 stub}
  0x00000141c1cbd90c: c450 5de9 | ec0d 5707 | f4f4 f4f4 
[Stub Code]
  0x00000141c1cbd918: ;   {no_reloc}
  0x00000141c1cbd918: 48bb 0000 | 0000 0000 

  0x00000141c1cbd920: ;   {runtime_call}
  0x00000141c1cbd920: 0000 e9fb 

  0x00000141c1cbd924: ;   {static_stub}
  0x00000141c1cbd924: ffff ff48 | bba8 813c | d941 0100 

  0x00000141c1cbd930: ;   {runtime_call I2C/C2I adapters}
  0x00000141c1cbd930: 00e9 b168 

  0x00000141c1cbd934: ;   {static_stub}
  0x00000141c1cbd934: 4b07 48bb | 0000 0000 | 0000 0000 

  0x00000141c1cbd940: ;   {runtime_call}
  0x00000141c1cbd940: e9fb ffff 

  0x00000141c1cbd944: ;   {runtime_call handle_exception_from_callee Runtime1 stub}
  0x00000141c1cbd944: ffe8 b63a 

  0x00000141c1cbd948: ;   {external_word}
  0x00000141c1cbd948: 5707 48b9 | e047 7440 | fa7f 0000 | 4883 e4f0 

  0x00000141c1cbd958: ;   {runtime_call}
  0x00000141c1cbd958: 48b8 4024 | 3c40 fa7f | 0000 ffd0 

  0x00000141c1cbd964: ;   {section_word}
  0x00000141c1cbd964: f449 ba65 | d9cb c141 | 0100 0041 

  0x00000141c1cbd970: ;   {runtime_call DeoptimizationBlob}
  0x00000141c1cbd970: 52e9 2a70 | 4b07 f4f4 
[/MachCode]


---------------  P R O C E S S  ---------------

Threads class SMR info:
_java_thread_list=0x000001421e690370, length=12, elements={
0x00000141b978d5f0, 0x00000141d8067b20, 0x00000141d8068bf0, 0x00000141d806bb80,
0x00000141d806e6f0, 0x00000141d806f150, 0x00000141d806fbb0, 0x00000141d8070940,
0x00000141d8072e10, 0x00000141d82d91b0, 0x00000141d82db9f0, 0x000001421e68d7f0
}

Java Threads: ( => current thread )
=>0x00000141b978d5f0 JavaThread "main"                              [_thread_in_Java, id=15156, stack(0x0000002e99e00000,0x0000002e99f00000) (1024K)]
  0x00000141d8067b20 JavaThread "Reference Handler"          daemon [_thread_blocked, id=14460, stack(0x0000002e9a700000,0x0000002e9a800000) (1024K)]
  0x00000141d8068bf0 JavaThread "Finalizer"                  daemon [_thread_blocked, id=11604, stack(0x0000002e9a800000,0x0000002e9a900000) (1024K)]
  0x00000141d806bb80 JavaThread "Signal Dispatcher"          daemon [_thread_blocked, id=12680, stack(0x0000002e9a900000,0x0000002e9aa00000) (1024K)]
  0x00000141d806e6f0 JavaThread "Attach Listener"            daemon [_thread_blocked, id=14796, stack(0x0000002e9aa00000,0x0000002e9ab00000) (1024K)]
  0x00000141d806f150 JavaThread "Service Thread"             daemon [_thread_blocked, id=9648, stack(0x0000002e9ab00000,0x0000002e9ac00000) (1024K)]
  0x00000141d806fbb0 JavaThread "Monitor Deflation Thread"   daemon [_thread_blocked, id=9928, stack(0x0000002e9ac00000,0x0000002e9ad00000) (1024K)]
  0x00000141d8070940 JavaThread "C2 CompilerThread0"         daemon [_thread_blocked, id=14096, stack(0x0000002e9ad00000,0x0000002e9ae00000) (1024K)]
  0x00000141d8072e10 JavaThread "C1 CompilerThread0"         daemon [_thread_blocked, id=14132, stack(0x0000002e9ae00000,0x0000002e9af00000) (1024K)]
  0x00000141d82d91b0 JavaThread "Notification Thread"        daemon [_thread_blocked, id=3856, stack(0x0000002e9af00000,0x0000002e9b000000) (1024K)]
  0x00000141d82db9f0 JavaThread "Common-Cleaner"             daemon [_thread_blocked, id=8208, stack(0x0000002e9b000000,0x0000002e9b100000) (1024K)]
  0x000001421e68d7f0 JavaThread "C2 CompilerThread1"         daemon [_thread_blocked, id=10840, stack(0x0000002e9b400000,0x0000002e9b500000) (1024K)]
Total: 12

Other Threads:
  0x00000141d8043a50 VMThread "VM Thread"                           [id=9884, stack(0x0000002e9a600000,0x0000002e9a700000) (1024K)]
  0x00000141d802e550 WatcherThread "VM Periodic Task Thread"        [id=5908, stack(0x0000002e9a500000,0x0000002e9a600000) (1024K)]
  0x00000141b97ec730 WorkerThread "GC Thread#0"                     [id=2072, stack(0x0000002e9a000000,0x0000002e9a100000) (1024K)]
  0x00000141d8d345f0 WorkerThread "GC Thread#1"                     [id=13540, stack(0x0000002e9b100000,0x0000002e9b200000) (1024K)]
  0x00000141d8d34990 WorkerThread "GC Thread#2"                     [id=1852, stack(0x0000002e9b200000,0x0000002e9b300000) (1024K)]
  0x00000141d8d34d30 WorkerThread "GC Thread#3"                     [id=13436, stack(0x0000002e9b300000,0x0000002e9b400000) (1024K)]
  0x00000141b97fd5a0 ConcurrentGCThread "G1 Main Marker"            [id=11936, stack(0x0000002e9a100000,0x0000002e9a200000) (1024K)]
  0x00000141b97fe0a0 WorkerThread "G1 Conc#0"                       [id=13060, stack(0x0000002e9a200000,0x0000002e9a300000) (1024K)]
  0x00000141b985e650 ConcurrentGCThread "G1 Refine#0"               [id=3704, stack(0x0000002e9a300000,0x0000002e9a400000) (1024K)]
  0x00000141d7ef28d0 ConcurrentGCThread "G1 Service"                [id=1360, stack(0x0000002e9a400000,0x0000002e9a500000) (1024K)]
Total: 10

Threads with active compile tasks:
Total: 0

VM state: not at safepoint (normal execution)

VM Mutex/Monitor currently owned by a thread: None

Heap address: 0x0000000701600000, size: 4074 MB, Compressed Oops mode: Zero based, Oop shift amount: 3

CDS archive(s) mapped at: [0x00000141d9000000-0x00000141d9c90000-0x00000141d9c90000), size 13172736, SharedBaseAddress: 0x00000141d9000000, ArchiveRelocationMode: 1.
Compressed class space mapped at: 0x00000141da000000-0x000001421a000000, reserved size: 1073741824
Narrow klass base: 0x00000141d9000000, Narrow klass shift: 0, Narrow klass range: 0x100000000

GC Precious Log:
 CardTable entry size: 512
 Card Set container configuration: InlinePtr #cards 4 size 8 Array Of Cards #cards 16 size 48 Howl #buckets 8 coarsen threshold 3686 Howl Bitmap #cards 512 size 80 coarsen threshold 460 Card regions per heap region 1 cards per card region 4096
 CPUs: 4 total, 4 available
 Memory: 16294M
 Large Page Support: Disabled
 NUMA Support: Disabled
 Compressed Oops: Enabled (Zero based)
 Heap Region Size: 2M
 Heap Min Capacity: 8M
 Heap Initial Capacity: 256M
 Heap Max Capacity: 4074M
 Pre-touch: Disabled
 Parallel Workers: 4
 Concurrent Workers: 1
 Concurrent Refinement Workers: 4
 Periodic GC: Disabled

Heap:
 garbage-first heap   total 262144K, used 75592K [0x0000000701600000, 0x0000000800000000)
  region size 2048K, 37 young (75776K), 2 survivors (4096K)
 Metaspace       used 16121K, committed 16384K, reserved 1114112K
  class space    used 1849K, committed 1984K, reserved 1048576K

Heap Regions: E=young(eden), S=young(survivor), O=old, HS=humongous(starts), HC=humongous(continues), CS=collection set, F=free, TAMS=top-at-mark-start, PB=parsable bottom
|   0|0x0000000701600000, 0x0000000701800000, 0x0000000701800000|100%| O|  |TAMS 0x0000000701600000| PB 0x0000000701600000| Untracked 
|   1|0x0000000701800000, 0x0000000701955110, 0x0000000701a00000| 66%| O|  |TAMS 0x0000000701800000| PB 0x0000000701800000| Untracked 
|   2|0x0000000701a00000, 0x0000000701a00000, 0x0000000701c00000|  0%| F|  |TAMS 0x0000000701a00000| PB 0x0000000701a00000| Untracked 
|   3|0x0000000701c00000, 0x0000000701c00000, 0x0000000701e00000|  0%| F|  |TAMS 0x0000000701c00000| PB 0x0000000701c00000| Untracked 
|   4|0x0000000701e00000, 0x0000000701e00000, 0x0000000702000000|  0%| F|  |TAMS 0x0000000701e00000| PB 0x0000000701e00000| Untracked 
|   5|0x0000000702000000, 0x0000000702000000, 0x0000000702200000|  0%| F|  |TAMS 0x0000000702000000| PB 0x0000000702000000| Untracked 
|   6|0x0000000702200000, 0x0000000702200000, 0x0000000702400000|  0%| F|  |TAMS 0x0000000702200000| PB 0x0000000702200000| Untracked 
|   7|0x0000000702400000, 0x0000000702400000, 0x0000000702600000|  0%| F|  |TAMS 0x0000000702400000| PB 0x0000000702400000| Untracked 
|   8|0x0000000702600000, 0x0000000702600000, 0x0000000702800000|  0%| F|  |TAMS 0x0000000702600000| PB 0x0000000702600000| Untracked 
|   9|0x0000000702800000, 0x0000000702800000, 0x0000000702a00000|  0%| F|  |TAMS 0x0000000702800000| PB 0x0000000702800000| Untracked 
|  10|0x0000000702a00000, 0x0000000702a00000, 0x0000000702c00000|  0%| F|  |TAMS 0x0000000702a00000| PB 0x0000000702a00000| Untracked 
|  11|0x0000000702c00000, 0x0000000702c00000, 0x0000000702e00000|  0%| F|  |TAMS 0x0000000702c00000| PB 0x0000000702c00000| Untracked 
|  12|0x0000000702e00000, 0x0000000702e00000, 0x0000000703000000|  0%| F|  |TAMS 0x0000000702e00000| PB 0x0000000702e00000| Untracked 
|  13|0x0000000703000000, 0x0000000703000000, 0x0000000703200000|  0%| F|  |TAMS 0x0000000703000000| PB 0x0000000703000000| Untracked 
|  14|0x0000000703200000, 0x0000000703200000, 0x0000000703400000|  0%| F|  |TAMS 0x0000000703200000| PB 0x0000000703200000| Untracked 
|  15|0x0000000703400000, 0x0000000703400000, 0x0000000703600000|  0%| F|  |TAMS 0x0000000703400000| PB 0x0000000703400000| Untracked 
|  16|0x0000000703600000, 0x0000000703600000, 0x0000000703800000|  0%| F|  |TAMS 0x0000000703600000| PB 0x0000000703600000| Untracked 
|  17|0x0000000703800000, 0x0000000703800000, 0x0000000703a00000|  0%| F|  |TAMS 0x0000000703800000| PB 0x0000000703800000| Untracked 
|  18|0x0000000703a00000, 0x0000000703a00000, 0x0000000703c00000|  0%| F|  |TAMS 0x0000000703a00000| PB 0x0000000703a00000| Untracked 
|  19|0x0000000703c00000, 0x0000000703c00000, 0x0000000703e00000|  0%| F|  |TAMS 0x0000000703c00000| PB 0x0000000703c00000| Untracked 
|  20|0x0000000703e00000, 0x0000000703e00000, 0x0000000704000000|  0%| F|  |TAMS 0x0000000703e00000| PB 0x0000000703e00000| Untracked 
|  21|0x0000000704000000, 0x0000000704000000, 0x0000000704200000|  0%| F|  |TAMS 0x0000000704000000| PB 0x0000000704000000| Untracked 
|  22|0x0000000704200000, 0x0000000704200000, 0x0000000704400000|  0%| F|  |TAMS 0x0000000704200000| PB 0x0000000704200000| Untracked 
|  23|0x0000000704400000, 0x0000000704400000, 0x0000000704600000|  0%| F|  |TAMS 0x0000000704400000| PB 0x0000000704400000| Untracked 
|  24|0x0000000704600000, 0x0000000704600000, 0x0000000704800000|  0%| F|  |TAMS 0x0000000704600000| PB 0x0000000704600000| Untracked 
|  25|0x0000000704800000, 0x0000000704800000, 0x0000000704a00000|  0%| F|  |TAMS 0x0000000704800000| PB 0x0000000704800000| Untracked 
|  26|0x0000000704a00000, 0x0000000704a00000, 0x0000000704c00000|  0%| F|  |TAMS 0x0000000704a00000| PB 0x0000000704a00000| Untracked 
|  27|0x0000000704c00000, 0x0000000704c00000, 0x0000000704e00000|  0%| F|  |TAMS 0x0000000704c00000| PB 0x0000000704c00000| Untracked 
|  28|0x0000000704e00000, 0x0000000704e00000, 0x0000000705000000|  0%| F|  |TAMS 0x0000000704e00000| PB 0x0000000704e00000| Untracked 
|  29|0x0000000705000000, 0x0000000705000000, 0x0000000705200000|  0%| F|  |TAMS 0x0000000705000000| PB 0x0000000705000000| Untracked 
|  30|0x0000000705200000, 0x0000000705200000, 0x0000000705400000|  0%| F|  |TAMS 0x0000000705200000| PB 0x0000000705200000| Untracked 
|  31|0x0000000705400000, 0x0000000705400000, 0x0000000705600000|  0%| F|  |TAMS 0x0000000705400000| PB 0x0000000705400000| Untracked 
|  32|0x0000000705600000, 0x0000000705600000, 0x0000000705800000|  0%| F|  |TAMS 0x0000000705600000| PB 0x0000000705600000| Untracked 
|  33|0x0000000705800000, 0x0000000705800000, 0x0000000705a00000|  0%| F|  |TAMS 0x0000000705800000| PB 0x0000000705800000| Untracked 
|  34|0x0000000705a00000, 0x0000000705a00000, 0x0000000705c00000|  0%| F|  |TAMS 0x0000000705a00000| PB 0x0000000705a00000| Untracked 
|  35|0x0000000705c00000, 0x0000000705c00000, 0x0000000705e00000|  0%| F|  |TAMS 0x0000000705c00000| PB 0x0000000705c00000| Untracked 
|  36|0x0000000705e00000, 0x0000000705e00000, 0x0000000706000000|  0%| F|  |TAMS 0x0000000705e00000| PB 0x0000000705e00000| Untracked 
|  37|0x0000000706000000, 0x0000000706000000, 0x0000000706200000|  0%| F|  |TAMS 0x0000000706000000| PB 0x0000000706000000| Untracked 
|  38|0x0000000706200000, 0x0000000706200000, 0x0000000706400000|  0%| F|  |TAMS 0x0000000706200000| PB 0x0000000706200000| Untracked 
|  39|0x0000000706400000, 0x0000000706400000, 0x0000000706600000|  0%| F|  |TAMS 0x0000000706400000| PB 0x0000000706400000| Untracked 
|  40|0x0000000706600000, 0x0000000706600000, 0x0000000706800000|  0%| F|  |TAMS 0x0000000706600000| PB 0x0000000706600000| Untracked 
|  41|0x0000000706800000, 0x0000000706800000, 0x0000000706a00000|  0%| F|  |TAMS 0x0000000706800000| PB 0x0000000706800000| Untracked 
|  42|0x0000000706a00000, 0x0000000706a00000, 0x0000000706c00000|  0%| F|  |TAMS 0x0000000706a00000| PB 0x0000000706a00000| Untracked 
|  43|0x0000000706c00000, 0x0000000706c00000, 0x0000000706e00000|  0%| F|  |TAMS 0x0000000706c00000| PB 0x0000000706c00000| Untracked 
|  44|0x0000000706e00000, 0x0000000706e00000, 0x0000000707000000|  0%| F|  |TAMS 0x0000000706e00000| PB 0x0000000706e00000| Untracked 
|  45|0x0000000707000000, 0x0000000707000000, 0x0000000707200000|  0%| F|  |TAMS 0x0000000707000000| PB 0x0000000707000000| Untracked 
|  46|0x0000000707200000, 0x0000000707200000, 0x0000000707400000|  0%| F|  |TAMS 0x0000000707200000| PB 0x0000000707200000| Untracked 
|  47|0x0000000707400000, 0x0000000707400000, 0x0000000707600000|  0%| F|  |TAMS 0x0000000707400000| PB 0x0000000707400000| Untracked 
|  48|0x0000000707600000, 0x0000000707600000, 0x0000000707800000|  0%| F|  |TAMS 0x0000000707600000| PB 0x0000000707600000| Untracked 
|  49|0x0000000707800000, 0x0000000707800000, 0x0000000707a00000|  0%| F|  |TAMS 0x0000000707800000| PB 0x0000000707800000| Untracked 
|  50|0x0000000707a00000, 0x0000000707a00000, 0x0000000707c00000|  0%| F|  |TAMS 0x0000000707a00000| PB 0x0000000707a00000| Untracked 
|  51|0x0000000707c00000, 0x0000000707c00000, 0x0000000707e00000|  0%| F|  |TAMS 0x0000000707c00000| PB 0x0000000707c00000| Untracked 
|  52|0x0000000707e00000, 0x0000000707e00000, 0x0000000708000000|  0%| F|  |TAMS 0x0000000707e00000| PB 0x0000000707e00000| Untracked 
|  53|0x0000000708000000, 0x0000000708000000, 0x0000000708200000|  0%| F|  |TAMS 0x0000000708000000| PB 0x0000000708000000| Untracked 
|  54|0x0000000708200000, 0x0000000708200000, 0x0000000708400000|  0%| F|  |TAMS 0x0000000708200000| PB 0x0000000708200000| Untracked 
|  55|0x0000000708400000, 0x0000000708400000, 0x0000000708600000|  0%| F|  |TAMS 0x0000000708400000| PB 0x0000000708400000| Untracked 
|  56|0x0000000708600000, 0x0000000708600000, 0x0000000708800000|  0%| F|  |TAMS 0x0000000708600000| PB 0x0000000708600000| Untracked 
|  57|0x0000000708800000, 0x0000000708800000, 0x0000000708a00000|  0%| F|  |TAMS 0x0000000708800000| PB 0x0000000708800000| Untracked 
|  58|0x0000000708a00000, 0x0000000708a00000, 0x0000000708c00000|  0%| F|  |TAMS 0x0000000708a00000| PB 0x0000000708a00000| Untracked 
|  59|0x0000000708c00000, 0x0000000708c00000, 0x0000000708e00000|  0%| F|  |TAMS 0x0000000708c00000| PB 0x0000000708c00000| Untracked 
|  60|0x0000000708e00000, 0x0000000708e00000, 0x0000000709000000|  0%| F|  |TAMS 0x0000000708e00000| PB 0x0000000708e00000| Untracked 
|  61|0x0000000709000000, 0x0000000709000000, 0x0000000709200000|  0%| F|  |TAMS 0x0000000709000000| PB 0x0000000709000000| Untracked 
|  62|0x0000000709200000, 0x0000000709200000, 0x0000000709400000|  0%| F|  |TAMS 0x0000000709200000| PB 0x0000000709200000| Untracked 
|  63|0x0000000709400000, 0x0000000709400000, 0x0000000709600000|  0%| F|  |TAMS 0x0000000709400000| PB 0x0000000709400000| Untracked 
|  64|0x0000000709600000, 0x0000000709600000, 0x0000000709800000|  0%| F|  |TAMS 0x0000000709600000| PB 0x0000000709600000| Untracked 
|  65|0x0000000709800000, 0x0000000709800000, 0x0000000709a00000|  0%| F|  |TAMS 0x0000000709800000| PB 0x0000000709800000| Untracked 
|  66|0x0000000709a00000, 0x0000000709a00000, 0x0000000709c00000|  0%| F|  |TAMS 0x0000000709a00000| PB 0x0000000709a00000| Untracked 
|  67|0x0000000709c00000, 0x0000000709c00000, 0x0000000709e00000|  0%| F|  |TAMS 0x0000000709c00000| PB 0x0000000709c00000| Untracked 
|  68|0x0000000709e00000, 0x0000000709e00000, 0x000000070a000000|  0%| F|  |TAMS 0x0000000709e00000| PB 0x0000000709e00000| Untracked 
|  69|0x000000070a000000, 0x000000070a000000, 0x000000070a200000|  0%| F|  |TAMS 0x000000070a000000| PB 0x000000070a000000| Untracked 
|  70|0x000000070a200000, 0x000000070a200000, 0x000000070a400000|  0%| F|  |TAMS 0x000000070a200000| PB 0x000000070a200000| Untracked 
|  71|0x000000070a400000, 0x000000070a400000, 0x000000070a600000|  0%| F|  |TAMS 0x000000070a400000| PB 0x000000070a400000| Untracked 
|  72|0x000000070a600000, 0x000000070a600000, 0x000000070a800000|  0%| F|  |TAMS 0x000000070a600000| PB 0x000000070a600000| Untracked 
|  73|0x000000070a800000, 0x000000070a800000, 0x000000070aa00000|  0%| F|  |TAMS 0x000000070a800000| PB 0x000000070a800000| Untracked 
|  74|0x000000070aa00000, 0x000000070aa00000, 0x000000070ac00000|  0%| F|  |TAMS 0x000000070aa00000| PB 0x000000070aa00000| Untracked 
|  75|0x000000070ac00000, 0x000000070ac00000, 0x000000070ae00000|  0%| F|  |TAMS 0x000000070ac00000| PB 0x000000070ac00000| Untracked 
|  76|0x000000070ae00000, 0x000000070ae00000, 0x000000070b000000|  0%| F|  |TAMS 0x000000070ae00000| PB 0x000000070ae00000| Untracked 
|  77|0x000000070b000000, 0x000000070b000000, 0x000000070b200000|  0%| F|  |TAMS 0x000000070b000000| PB 0x000000070b000000| Untracked 
|  78|0x000000070b200000, 0x000000070b200000, 0x000000070b400000|  0%| F|  |TAMS 0x000000070b200000| PB 0x000000070b200000| Untracked 
|  79|0x000000070b400000, 0x000000070b400000, 0x000000070b600000|  0%| F|  |TAMS 0x000000070b400000| PB 0x000000070b400000| Untracked 
|  80|0x000000070b600000, 0x000000070b600000, 0x000000070b800000|  0%| F|  |TAMS 0x000000070b600000| PB 0x000000070b600000| Untracked 
|  81|0x000000070b800000, 0x000000070b800000, 0x000000070ba00000|  0%| F|  |TAMS 0x000000070b800000| PB 0x000000070b800000| Untracked 
|  82|0x000000070ba00000, 0x000000070ba00000, 0x000000070bc00000|  0%| F|  |TAMS 0x000000070ba00000| PB 0x000000070ba00000| Untracked 
|  83|0x000000070bc00000, 0x000000070bc00000, 0x000000070be00000|  0%| F|  |TAMS 0x000000070bc00000| PB 0x000000070bc00000| Untracked 
|  84|0x000000070be00000, 0x000000070be00000, 0x000000070c000000|  0%| F|  |TAMS 0x000000070be00000| PB 0x000000070be00000| Untracked 
|  85|0x000000070c000000, 0x000000070c000000, 0x000000070c200000|  0%| F|  |TAMS 0x000000070c000000| PB 0x000000070c000000| Untracked 
|  86|0x000000070c200000, 0x000000070c200000, 0x000000070c400000|  0%| F|  |TAMS 0x000000070c200000| PB 0x000000070c200000| Untracked 
|  87|0x000000070c400000, 0x000000070c400000, 0x000000070c600000|  0%| F|  |TAMS 0x000000070c400000| PB 0x000000070c400000| Untracked 
|  88|0x000000070c600000, 0x000000070c600000, 0x000000070c800000|  0%| F|  |TAMS 0x000000070c600000| PB 0x000000070c600000| Untracked 
|  89|0x000000070c800000, 0x000000070c800000, 0x000000070ca00000|  0%| F|  |TAMS 0x000000070c800000| PB 0x000000070c800000| Untracked 
|  90|0x000000070ca00000, 0x000000070ca00000, 0x000000070cc00000|  0%| F|  |TAMS 0x000000070ca00000| PB 0x000000070ca00000| Untracked 
|  91|0x000000070cc00000, 0x000000070cd3ecf0, 0x000000070ce00000| 62%| E|  |TAMS 0x000000070cc00000| PB 0x000000070cc00000| Complete 
|  92|0x000000070ce00000, 0x000000070d000000, 0x000000070d000000|100%| E|CS|TAMS 0x000000070ce00000| PB 0x000000070ce00000| Complete 
|  93|0x000000070d000000, 0x000000070d200000, 0x000000070d200000|100%| E|CS|TAMS 0x000000070d000000| PB 0x000000070d000000| Complete 
|  94|0x000000070d200000, 0x000000070d400000, 0x000000070d400000|100%| E|CS|TAMS 0x000000070d200000| PB 0x000000070d200000| Complete 
|  95|0x000000070d400000, 0x000000070d600000, 0x000000070d600000|100%| E|CS|TAMS 0x000000070d400000| PB 0x000000070d400000| Complete 
|  96|0x000000070d600000, 0x000000070d800000, 0x000000070d800000|100%| E|CS|TAMS 0x000000070d600000| PB 0x000000070d600000| Complete 
|  97|0x000000070d800000, 0x000000070da00000, 0x000000070da00000|100%| E|CS|TAMS 0x000000070d800000| PB 0x000000070d800000| Complete 
|  98|0x000000070da00000, 0x000000070dc00000, 0x000000070dc00000|100%| E|CS|TAMS 0x000000070da00000| PB 0x000000070da00000| Complete 
|  99|0x000000070dc00000, 0x000000070de00000, 0x000000070de00000|100%| E|CS|TAMS 0x000000070dc00000| PB 0x000000070dc00000| Complete 
| 100|0x000000070de00000, 0x000000070e000000, 0x000000070e000000|100%| E|CS|TAMS 0x000000070de00000| PB 0x000000070de00000| Complete 
| 101|0x000000070e000000, 0x000000070e200000, 0x000000070e200000|100%| E|CS|TAMS 0x000000070e000000| PB 0x000000070e000000| Complete 
| 102|0x000000070e200000, 0x000000070e400000, 0x000000070e400000|100%| E|CS|TAMS 0x000000070e200000| PB 0x000000070e200000| Complete 
| 103|0x000000070e400000, 0x000000070e600000, 0x000000070e600000|100%| E|CS|TAMS 0x000000070e400000| PB 0x000000070e400000| Complete 
| 104|0x000000070e600000, 0x000000070e800000, 0x000000070e800000|100%| E|CS|TAMS 0x000000070e600000| PB 0x000000070e600000| Complete 
| 105|0x000000070e800000, 0x000000070ea00000, 0x000000070ea00000|100%| E|CS|TAMS 0x000000070e800000| PB 0x000000070e800000| Complete 
| 106|0x000000070ea00000, 0x000000070ec00000, 0x000000070ec00000|100%| E|CS|TAMS 0x000000070ea00000| PB 0x000000070ea00000| Complete 
| 107|0x000000070ec00000, 0x000000070ee00000, 0x000000070ee00000|100%| E|CS|TAMS 0x000000070ec00000| PB 0x000000070ec00000| Complete 
| 108|0x000000070ee00000, 0x000000070ee7d060, 0x000000070f000000| 24%| S|CS|TAMS 0x000000070ee00000| PB 0x000000070ee00000| Complete 
| 109|0x000000070f000000, 0x000000070f200000, 0x000000070f200000|100%| S|CS|TAMS 0x000000070f000000| PB 0x000000070f000000| Complete 
| 110|0x000000070f200000, 0x000000070f400000, 0x000000070f400000|100%| E|CS|TAMS 0x000000070f200000| PB 0x000000070f200000| Complete 
| 111|0x000000070f400000, 0x000000070f600000, 0x000000070f600000|100%| E|CS|TAMS 0x000000070f400000| PB 0x000000070f400000| Complete 
| 112|0x000000070f600000, 0x000000070f800000, 0x000000070f800000|100%| E|CS|TAMS 0x000000070f600000| PB 0x000000070f600000| Complete 
| 113|0x000000070f800000, 0x000000070fa00000, 0x000000070fa00000|100%| E|CS|TAMS 0x000000070f800000| PB 0x000000070f800000| Complete 
| 114|0x000000070fa00000, 0x000000070fc00000, 0x000000070fc00000|100%| E|CS|TAMS 0x000000070fa00000| PB 0x000000070fa00000| Complete 
| 115|0x000000070fc00000, 0x000000070fe00000, 0x000000070fe00000|100%| E|CS|TAMS 0x000000070fc00000| PB 0x000000070fc00000| Complete 
| 116|0x000000070fe00000, 0x0000000710000000, 0x0000000710000000|100%| E|CS|TAMS 0x000000070fe00000| PB 0x000000070fe00000| Complete 
| 117|0x0000000710000000, 0x0000000710200000, 0x0000000710200000|100%| E|CS|TAMS 0x0000000710000000| PB 0x0000000710000000| Complete 
| 118|0x0000000710200000, 0x0000000710400000, 0x0000000710400000|100%| E|CS|TAMS 0x0000000710200000| PB 0x0000000710200000| Complete 
| 119|0x0000000710400000, 0x0000000710600000, 0x0000000710600000|100%| E|CS|TAMS 0x0000000710400000| PB 0x0000000710400000| Complete 
| 120|0x0000000710600000, 0x0000000710800000, 0x0000000710800000|100%| E|CS|TAMS 0x0000000710600000| PB 0x0000000710600000| Complete 
| 121|0x0000000710800000, 0x0000000710a00000, 0x0000000710a00000|100%| E|CS|TAMS 0x0000000710800000| PB 0x0000000710800000| Complete 
| 122|0x0000000710a00000, 0x0000000710c00000, 0x0000000710c00000|100%| E|CS|TAMS 0x0000000710a00000| PB 0x0000000710a00000| Complete 
| 123|0x0000000710c00000, 0x0000000710e00000, 0x0000000710e00000|100%| E|CS|TAMS 0x0000000710c00000| PB 0x0000000710c00000| Complete 
| 124|0x0000000710e00000, 0x0000000711000000, 0x0000000711000000|100%| E|CS|TAMS 0x0000000710e00000| PB 0x0000000710e00000| Complete 
| 125|0x0000000711000000, 0x0000000711200000, 0x0000000711200000|100%| E|CS|TAMS 0x0000000711000000| PB 0x0000000711000000| Complete 
| 126|0x0000000711200000, 0x0000000711400000, 0x0000000711400000|100%| E|CS|TAMS 0x0000000711200000| PB 0x0000000711200000| Complete 
| 127|0x0000000711400000, 0x0000000711600000, 0x0000000711600000|100%| E|CS|TAMS 0x0000000711400000| PB 0x0000000711400000| Complete 

Card table byte_map: [0x00000141d13f0000,0x00000141d1bf0000] _byte_map_base: 0x00000141cdbe5000

Marking Bits: (CMBitMap*) 0x00000141b97ece30
 Bits: [0x00000141d1bf0000, 0x00000141d5b98000)

Polling page: 0x00000141b7520000

Metaspace:

Usage:
  Non-class:     13.94 MB used.
      Class:      1.81 MB used.
       Both:     15.74 MB used.

Virtual space:
  Non-class space:       64.00 MB reserved,      14.06 MB ( 22%) committed,  1 nodes.
      Class space:        1.00 GB reserved,       1.94 MB ( <1%) committed,  1 nodes.
             Both:        1.06 GB reserved,      16.00 MB (  1%) committed. 

Chunk freelists:
   Non-Class:  1.70 MB
       Class:  13.94 MB
        Both:  15.64 MB

MaxMetaspaceSize: unlimited
CompressedClassSpaceSize: 1.00 GB
Initial GC threshold: 21.00 MB
Current GC threshold: 21.00 MB
CDS: on
 - commit_granule_bytes: 65536.
 - commit_granule_words: 8192.
 - virtual_space_node_default_size: 8388608.
 - enlarge_chunks_in_place: 1.
 - use_allocation_guard: 0.


Internal statistics:

num_allocs_failed_limit: 0.
num_arena_births: 162.
num_arena_deaths: 0.
num_vsnodes_births: 2.
num_vsnodes_deaths: 0.
num_space_committed: 256.
num_space_uncommitted: 0.
num_chunks_returned_to_freelist: 0.
num_chunks_taken_from_freelist: 681.
num_chunk_merges: 0.
num_chunk_splits: 483.
num_chunks_enlarged: 401.
num_inconsistent_stats: 0.

CodeHeap 'non-profiled nmethods': size=120000Kb used=1880Kb max_used=1880Kb free=118119Kb
 bounds [0x00000141c96c0000, 0x00000141c9930000, 0x00000141d0bf0000]
CodeHeap 'profiled nmethods': size=120000Kb used=7980Kb max_used=7980Kb free=112019Kb
 bounds [0x00000141c1bf0000, 0x00000141c23c0000, 0x00000141c9120000]
CodeHeap 'non-nmethods': size=5760Kb used=1397Kb max_used=1441Kb free=4362Kb
 bounds [0x00000141c9120000, 0x00000141c9390000, 0x00000141c96c0000]
 total_blobs=4496 nmethods=4005 adapters=395
 compilation: enabled
              stopped_count=0, restarted_count=0
 full_count=0

Compilation events (20 events):
Event: 6.193 Thread 0x00000141d8072e10 nmethod 3993 0x00000141c9893b90 code [0x00000141c9893d20, 0x00000141c9893df0]
Event: 6.193 Thread 0x00000141d8070940 nmethod 3989 0x00000141c9893e90 code [0x00000141c9894020, 0x00000141c9894230]
Event: 6.193 Thread 0x000001421e68d7f0 nmethod 3990 0x00000141c9894310 code [0x00000141c98944a0, 0x00000141c98946b0]
Event: 6.194 Thread 0x00000141d8072e10 3997   !   3       java.io.BufferedInputStream::available (54 bytes)
Event: 6.195 Thread 0x00000141d8072e10 nmethod 3997 0x00000141c23b5f90 code [0x00000141c23b6220, 0x00000141c23b6e80]
Event: 6.195 Thread 0x00000141d8072e10 3998       3       java.io.BufferedInputStream::implAvailable (35 bytes)
Event: 6.196 Thread 0x00000141d8072e10 nmethod 3998 0x00000141c23b7310 code [0x00000141c23b74e0, 0x00000141c23b78a0]
Event: 6.196 Thread 0x000001421e68d7f0 3999       4       java.lang.StringBuilder::<init> (6 bytes)
Event: 6.196 Thread 0x00000141d8072e10 4000       3       org.apache.maven.model.inheritance.DefaultInheritanceAssembler$InheritanceModelMerger::concatPath (105 bytes)
Event: 6.197 Thread 0x00000141d8070940 4003   !   4       org.codehaus.plexus.interpolation.reflection.ClassMap::findMethod (107 bytes)
Event: 6.197 Thread 0x00000141d8072e10 nmethod 4000 0x00000141c23b7a10 code [0x00000141c23b7d00, 0x00000141c23b8cc8]
Event: 6.197 Thread 0x00000141d8072e10 4001       3       org.apache.maven.model.ReportPlugin::<init> (16 bytes)
Event: 6.198 Thread 0x00000141d8072e10 nmethod 4001 0x00000141c23b9310 code [0x00000141c23b94c0, 0x00000141c23b9730]
Event: 6.198 Thread 0x00000141d8072e10 4004       3       org.codehaus.plexus.util.xml.Xpp3Dom::getChildrenAsList (88 bytes)
Event: 6.198 Thread 0x000001421e68d7f0 nmethod 3999 0x00000141c9894790 code [0x00000141c9894920, 0x00000141c9894b90]
Event: 6.198 Thread 0x00000141d8072e10 nmethod 4004 0x00000141c23b9810 code [0x00000141c23b9aa0, 0x00000141c23ba8c8]
Event: 6.198 Thread 0x00000141d8072e10 4005       3       java.util.Collections$UnmodifiableMap::equals (24 bytes)
Event: 6.199 Thread 0x00000141d8072e10 nmethod 4005 0x00000141c23bad90 code [0x00000141c23baf40, 0x00000141c23bb1a0]
Event: 6.199 Thread 0x00000141d8072e10 4002       1       java.util.Collections$EmptyList::size (2 bytes)
Event: 6.199 Thread 0x00000141d8072e10 nmethod 4002 0x00000141c9894c90 code [0x00000141c9894e20, 0x00000141c9894ee8]

GC Heap History (6 events):
Event: 1.614 GC heap before
{Heap before GC invocations=0 (full 0):
 garbage-first heap   total 262144K, used 12288K [0x0000000701600000, 0x0000000800000000)
  region size 2048K, 6 young (12288K), 0 survivors (0K)
 Metaspace       used 3639K, committed 3840K, reserved 1114112K
  class space    used 359K, committed 448K, reserved 1048576K
}
Event: 1.631 GC heap after
{Heap after GC invocations=1 (full 0):
 garbage-first heap   total 262144K, used 3276K [0x0000000701600000, 0x0000000800000000)
  region size 2048K, 1 young (2048K), 1 survivors (2048K)
 Metaspace       used 3639K, committed 3840K, reserved 1114112K
  class space    used 359K, committed 448K, reserved 1048576K
}
Event: 2.597 GC heap before
{Heap before GC invocations=1 (full 0):
 garbage-first heap   total 262144K, used 13516K [0x0000000701600000, 0x0000000800000000)
  region size 2048K, 6 young (12288K), 1 survivors (2048K)
 Metaspace       used 5743K, committed 5952K, reserved 1114112K
  class space    used 660K, committed 768K, reserved 1048576K
}
Event: 2.602 GC heap after
{Heap after GC invocations=2 (full 0):
 garbage-first heap   total 262144K, used 4144K [0x0000000701600000, 0x0000000800000000)
  region size 2048K, 1 young (2048K), 1 survivors (2048K)
 Metaspace       used 5743K, committed 5952K, reserved 1114112K
  class space    used 660K, committed 768K, reserved 1048576K
}
Event: 4.145 GC heap before
{Heap before GC invocations=2 (full 0):
 garbage-first heap   total 262144K, used 36912K [0x0000000701600000, 0x0000000800000000)
  region size 2048K, 18 young (36864K), 1 survivors (2048K)
 Metaspace       used 11144K, committed 11328K, reserved 1114112K
  class space    used 1317K, committed 1408K, reserved 1048576K
}
Event: 4.151 GC heap after
{Heap after GC invocations=3 (full 0):
 garbage-first heap   total 262144K, used 5960K [0x0000000701600000, 0x0000000800000000)
  region size 2048K, 2 young (4096K), 2 survivors (4096K)
 Metaspace       used 11144K, committed 11328K, reserved 1114112K
  class space    used 1317K, committed 1408K, reserved 1048576K
}

Dll operation events (8 events):
Event: 0.268 Loaded shared library C:\Users\RIAN\.jdks\openjdk-21.0.2\bin\java.dll
Event: 0.426 Loaded shared library C:\Users\RIAN\.jdks\openjdk-21.0.2\bin\jsvml.dll
Event: 0.469 Loaded shared library C:\Users\RIAN\.jdks\openjdk-21.0.2\bin\net.dll
Event: 0.472 Loaded shared library C:\Users\RIAN\.jdks\openjdk-21.0.2\bin\nio.dll
Event: 0.478 Loaded shared library C:\Users\RIAN\.jdks\openjdk-21.0.2\bin\zip.dll
Event: 0.806 Loaded shared library C:\Users\RIAN\.jdks\openjdk-21.0.2\bin\jimage.dll
Event: 0.956 Loaded shared library C:\Users\RIAN\AppData\Local\Temp\jansi-2.4.0-55e1c507f320e5fe-jansi.dll
Event: 0.979 Loaded shared library C:\Users\RIAN\.jdks\openjdk-21.0.2\bin\verify.dll

Deoptimization events (20 events):
Event: 6.045 Thread 0x00000141b978d5f0 DEOPT PACKING pc=0x00000141c96fe8ac sp=0x0000002e99efc6c0
Event: 6.045 Thread 0x00000141b978d5f0 DEOPT UNPACKING pc=0x00000141c91746a2 sp=0x0000002e99efc630 mode 2
Event: 6.071 Thread 0x00000141b978d5f0 Uncommon trap: trap_request=0xffffff45 fr.pc=0x00000141c97c1580 relative=0x00000000000002c0
Event: 6.071 Thread 0x00000141b978d5f0 Uncommon trap: reason=unstable_if action=reinterpret pc=0x00000141c97c1580 method=java.util.concurrent.ConcurrentHashMap.get(Ljava/lang/Object;)Ljava/lang/Object; @ 152 c2
Event: 6.071 Thread 0x00000141b978d5f0 DEOPT PACKING pc=0x00000141c97c1580 sp=0x0000002e99efceb0
Event: 6.071 Thread 0x00000141b978d5f0 DEOPT UNPACKING pc=0x00000141c91746a2 sp=0x0000002e99efce28 mode 2
Event: 6.071 Thread 0x00000141b978d5f0 Uncommon trap: trap_request=0xffffffde fr.pc=0x00000141c96fe8ac relative=0x0000000000000eac
Event: 6.071 Thread 0x00000141b978d5f0 Uncommon trap: reason=class_check action=maybe_recompile pc=0x00000141c96fe8ac method=java.util.concurrent.ConcurrentHashMap.putVal(Ljava/lang/Object;Ljava/lang/Object;Z)Ljava/lang/Object; @ 242 c2
Event: 6.071 Thread 0x00000141b978d5f0 DEOPT PACKING pc=0x00000141c96fe8ac sp=0x0000002e99efce00
Event: 6.071 Thread 0x00000141b978d5f0 DEOPT UNPACKING pc=0x00000141c91746a2 sp=0x0000002e99efcd70 mode 2
Event: 6.091 Thread 0x00000141b978d5f0 Uncommon trap: trap_request=0xffffff45 fr.pc=0x00000141c9851940 relative=0x0000000000002aa0
Event: 6.091 Thread 0x00000141b978d5f0 Uncommon trap: reason=unstable_if action=reinterpret pc=0x00000141c9851940 method=org.codehaus.plexus.util.xml.pull.MXParser.parseAttribute()C @ 758 c2
Event: 6.091 Thread 0x00000141b978d5f0 DEOPT PACKING pc=0x00000141c9851940 sp=0x0000002e99efc8e0
Event: 6.091 Thread 0x00000141b978d5f0 DEOPT UNPACKING pc=0x00000141c91746a2 sp=0x0000002e99efc868 mode 2
Event: 6.162 Thread 0x00000141b978d5f0 DEOPT PACKING pc=0x00000141c22d587d sp=0x0000002e99efc660
Event: 6.162 Thread 0x00000141b978d5f0 DEOPT UNPACKING pc=0x00000141c9174e42 sp=0x0000002e99efbb98 mode 0
Event: 6.185 Thread 0x00000141b978d5f0 Uncommon trap: trap_request=0xffffffde fr.pc=0x00000141c96fe8ac relative=0x0000000000000eac
Event: 6.185 Thread 0x00000141b978d5f0 Uncommon trap: reason=class_check action=maybe_recompile pc=0x00000141c96fe8ac method=java.util.concurrent.ConcurrentHashMap.putVal(Ljava/lang/Object;Ljava/lang/Object;Z)Ljava/lang/Object; @ 242 c2
Event: 6.185 Thread 0x00000141b978d5f0 DEOPT PACKING pc=0x00000141c96fe8ac sp=0x0000002e99efcc40
Event: 6.185 Thread 0x00000141b978d5f0 DEOPT UNPACKING pc=0x00000141c91746a2 sp=0x0000002e99efcbb0 mode 2

Classes loaded (20 events):
Event: 5.088 Loading class sun/util/resources/Bundles$2
Event: 5.088 Loading class sun/util/resources/Bundles$2 done
Event: 5.155 Loading class java/math/BigDecimal
Event: 5.156 Loading class java/math/BigDecimal done
Event: 5.157 Loading class java/lang/Short$ShortCache
Event: 5.157 Loading class java/lang/Short$ShortCache done
Event: 5.157 Loading class java/lang/Byte$ByteCache
Event: 5.157 Loading class java/lang/Byte$ByteCache done
Event: 5.715 Loading class java/util/stream/MatchOps$MatchKind
Event: 5.715 Loading class java/util/stream/MatchOps$MatchKind done
Event: 5.715 Loading class java/util/stream/MatchOps
Event: 5.716 Loading class java/util/stream/MatchOps done
Event: 5.716 Loading class java/util/stream/MatchOps$MatchOp
Event: 5.716 Loading class java/util/stream/MatchOps$MatchOp done
Event: 5.716 Loading class java/util/stream/MatchOps$BooleanTerminalSink
Event: 5.716 Loading class java/util/stream/MatchOps$BooleanTerminalSink done
Event: 5.716 Loading class java/util/stream/MatchOps$1MatchSink
Event: 5.716 Loading class java/util/stream/MatchOps$1MatchSink done
Event: 5.760 Loading class java/util/LinkedList$LLSpliterator
Event: 5.760 Loading class java/util/LinkedList$LLSpliterator done

Classes unloaded (0 events):
No events

Classes redefined (0 events):
No events

Internal exceptions (20 events):
Event: 2.370 Thread 0x00000141b978d5f0 Exception <a 'java/lang/NoSuchMethodError'{0x0000000711165140}: 'int java.lang.invoke.DirectMethodHandle$Holder.invokeStaticInit(java.lang.Object, java.lang.Object)'> (0x0000000711165140) 
thrown [s\open\src\hotspot\share\interpreter\linkResolver.cpp, line 773]
Event: 2.406 Thread 0x00000141b978d5f0 Exception <a 'java/lang/NoClassDefFoundError'{0x000000071119a1e0}: javax/enterprise/inject/Typed> (0x000000071119a1e0) 
thrown [s\open\src\hotspot\share\classfile\systemDictionary.cpp, line 301]
Event: 4.049 Thread 0x00000141b978d5f0 Exception <a 'java/lang/NoSuchMethodError'{0x000000070f5ca620}: 'void java.lang.invoke.DirectMethodHandle$Holder.invokeStaticInit(java.lang.Object, java.lang.Object, java.lang.Object)'> (0x000000070f5ca620) 
thrown [s\open\src\hotspot\share\interpreter\linkResolver.cpp, line 773]
Event: 4.055 Thread 0x00000141b978d5f0 Exception <a 'java/lang/ExceptionInInitializerError'{0x000000070f5f3068}> (0x000000070f5f3068) 
thrown [s\open\src\hotspot\share\oops\instanceKlass.cpp, line 1180]
Event: 4.090 Thread 0x00000141b978d5f0 Exception <a 'java/lang/NoSuchMethodError'{0x000000070f300568}: 'long java.lang.invoke.DirectMethodHandle$Holder.invokeStatic(java.lang.Object, java.lang.Object, int)'> (0x000000070f300568) 
thrown [s\open\src\hotspot\share\interpreter\linkResolver.cpp, line 773]
Event: 4.092 Thread 0x00000141b978d5f0 Exception <a 'java/lang/NoSuchMethodError'{0x000000070f313850}: 'java.lang.Object java.lang.invoke.DirectMethodHandle$Holder.invokeStatic(java.lang.Object, java.lang.Object, java.lang.Object, java.lang.Object, int)'> (0x000000070f313850) 
thrown [s\open\src\hotspot\share\interpreter\linkResolver.cpp, line 773]
Event: 4.093 Thread 0x00000141b978d5f0 Exception <a 'java/lang/NoSuchMethodError'{0x000000070f31b768}: 'java.lang.Object java.lang.invoke.DirectMethodHandle$Holder.invokeSpecial(java.lang.Object, java.lang.Object, java.lang.Object, java.lang.Object, long)'> (0x000000070f31b768) 
thrown [s\open\src\hotspot\share\interpreter\linkResolver.cpp, line 773]
Event: 4.095 Thread 0x00000141b978d5f0 Exception <a 'java/lang/NoSuchMethodError'{0x000000070f327258}: 'java.lang.Object java.lang.invoke.DirectMethodHandle$Holder.invokeSpecial(java.lang.Object, java.lang.Object, java.lang.Object, int, java.lang.Object)'> (0x000000070f327258) 
thrown [s\open\src\hotspot\share\interpreter\linkResolver.cpp, line 773]
Event: 4.097 Thread 0x00000141b978d5f0 Exception <a 'java/lang/NoSuchMethodError'{0x000000070f32f378}: 'int java.lang.invoke.DirectMethodHandle$Holder.invokeSpecial(java.lang.Object, java.lang.Object, java.lang.Object, int)'> (0x000000070f32f378) 
thrown [s\open\src\hotspot\share\interpreter\linkResolver.cpp, line 773]
Event: 4.103 Thread 0x00000141b978d5f0 Implicit null exception at 0x00000141c973d3dd to 0x00000141c973d5d0
Event: 4.107 Thread 0x00000141b978d5f0 Exception <a 'java/lang/NoSuchMethodError'{0x000000070f353b70}: 'java.lang.Object java.lang.invoke.Invokers$Holder.invokeExact_MT(java.lang.Object, int, java.lang.Object)'> (0x000000070f353b70) 
thrown [s\open\src\hotspot\share\interpreter\linkResolver.cpp, line 773]
Event: 4.132 Thread 0x00000141b978d5f0 Exception <a 'java/lang/NoSuchMethodError'{0x000000070f3bd5f8}: 'void java.lang.invoke.DirectMethodHandle$Holder.invokeStatic(java.lang.Object, java.lang.Object)'> (0x000000070f3bd5f8) 
thrown [s\open\src\hotspot\share\interpreter\linkResolver.cpp, line 773]
Event: 4.495 Thread 0x00000141b978d5f0 Exception <a 'java/lang/NoSuchMethodError'{0x0000000710f97e20}: 'void java.lang.invoke.Invokers$Holder.invokeExact_MT(java.lang.Object, java.lang.Object, java.lang.Object, java.lang.Object)'> (0x0000000710f97e20) 
thrown [s\open\src\hotspot\share\interpreter\linkResolver.cpp, line 773]
Event: 4.533 Thread 0x00000141b978d5f0 Exception <a 'java/lang/NoClassDefFoundError'{0x0000000710c233d8}: com/google/inject/servlet/ServletModuleTargetVisitor> (0x0000000710c233d8) 
thrown [s\open\src\hotspot\share\classfile\systemDictionary.cpp, line 301]
Event: 4.661 Thread 0x00000141b978d5f0 Exception <a 'java/lang/NoSuchMethodError'{0x0000000710ad46b0}: 'void java.lang.invoke.DirectMethodHandle$Holder.invokeVirtual(java.lang.Object, java.lang.Object)'> (0x0000000710ad46b0) 
thrown [s\open\src\hotspot\share\interpreter\linkResolver.cpp, line 773]
Event: 4.712 Thread 0x00000141b978d5f0 Exception <a 'java/lang/NoSuchMethodError'{0x0000000710b63b38}: 'java.lang.Object java.lang.invoke.DirectMethodHandle$Holder.invokeStaticInit(java.lang.Object, int, int, int, int)'> (0x0000000710b63b38) 
thrown [s\open\src\hotspot\share\interpreter\linkResolver.cpp, line 773]
Event: 4.886 Thread 0x00000141b978d5f0 Implicit null exception at 0x00000141c97696a4 to 0x00000141c9769d04
Event: 4.886 Thread 0x00000141b978d5f0 Implicit null exception at 0x00000141c96ffc20 to 0x00000141c9700280
Event: 5.178 Thread 0x00000141b978d5f0 Exception <a 'java/lang/NoSuchMethodError'{0x00000007103c1aa0}: 'void java.lang.invoke.DirectMethodHandle$Holder.invokeVirtual(java.lang.Object, java.lang.Object, int)'> (0x00000007103c1aa0) 
thrown [s\open\src\hotspot\share\interpreter\linkResolver.cpp, line 773]
Event: 5.180 Thread 0x00000141b978d5f0 Exception <a 'java/lang/NoSuchMethodError'{0x00000007103c8b68}: 'void java.lang.invoke.DelegatingMethodHandle$Holder.reinvoke_L(java.lang.Object, java.lang.Object, int)'> (0x00000007103c8b68) 
thrown [s\open\src\hotspot\share\interpreter\linkResolver.cpp, line 773]

ZGC Phase Switch (0 events):
No events

VM Operations (20 events):
Event: 4.678 Executing VM operation: HandshakeAllThreads (Deoptimize)
Event: 4.678 Executing VM operation: HandshakeAllThreads (Deoptimize) done
Event: 4.731 Executing VM operation: HandshakeAllThreads (Deoptimize)
Event: 4.731 Executing VM operation: HandshakeAllThreads (Deoptimize) done
Event: 4.732 Executing VM operation: ICBufferFull
Event: 4.732 Executing VM operation: ICBufferFull done
Event: 4.769 Executing VM operation: HandshakeAllThreads (Deoptimize)
Event: 4.769 Executing VM operation: HandshakeAllThreads (Deoptimize) done
Event: 4.828 Executing VM operation: HandshakeAllThreads (Deoptimize)
Event: 4.828 Executing VM operation: HandshakeAllThreads (Deoptimize) done
Event: 4.912 Executing VM operation: HandshakeAllThreads (Deoptimize)
Event: 4.912 Executing VM operation: HandshakeAllThreads (Deoptimize) done
Event: 4.913 Executing VM operation: HandshakeAllThreads (Deoptimize)
Event: 4.913 Executing VM operation: HandshakeAllThreads (Deoptimize) done
Event: 4.913 Executing VM operation: HandshakeAllThreads (Deoptimize)
Event: 4.913 Executing VM operation: HandshakeAllThreads (Deoptimize) done
Event: 5.321 Executing VM operation: ICBufferFull
Event: 5.321 Executing VM operation: ICBufferFull done
Event: 5.895 Executing VM operation: ICBufferFull
Event: 5.895 Executing VM operation: ICBufferFull done

Events (14 events):
Event: 0.356 Thread 0x00000141b978d5f0 Thread added: 0x00000141b978d5f0
Event: 0.418 Thread 0x00000141d8067b20 Thread added: 0x00000141d8067b20
Event: 0.418 Thread 0x00000141d8068bf0 Thread added: 0x00000141d8068bf0
Event: 0.418 Thread 0x00000141d806bb80 Thread added: 0x00000141d806bb80
Event: 0.418 Thread 0x00000141d806e6f0 Thread added: 0x00000141d806e6f0
Event: 0.419 Thread 0x00000141d806f150 Thread added: 0x00000141d806f150
Event: 0.419 Thread 0x00000141d806fbb0 Thread added: 0x00000141d806fbb0
Event: 0.419 Thread 0x00000141d8070940 Thread added: 0x00000141d8070940
Event: 0.424 Thread 0x00000141d8072e10 Thread added: 0x00000141d8072e10
Event: 0.457 Thread 0x00000141d82d91b0 Thread added: 0x00000141d82d91b0
Event: 0.462 Thread 0x00000141d82db9f0 Thread added: 0x00000141d82db9f0
Event: 2.492 Thread 0x00000141d8d4f7e0 Thread added: 0x00000141d8d4f7e0
Event: 3.699 Thread 0x00000141d8d4f7e0 Thread exited: 0x00000141d8d4f7e0
Event: 4.506 Thread 0x000001421e68d7f0 Thread added: 0x000001421e68d7f0


Dynamic libraries:
0x00007ff739d00000 - 0x00007ff739d0e000 	C:\Users\RIAN\.jdks\openjdk-21.0.2\bin\java.exe
0x00007ffab6670000 - 0x00007ffab6868000 	C:\WINDOWS\SYSTEM32\ntdll.dll
0x00007ffab5700000 - 0x00007ffab57bd000 	C:\WINDOWS\System32\KERNEL32.DLL
0x00007ffab42f0000 - 0x00007ffab45e6000 	C:\WINDOWS\System32\KERNELBASE.dll
0x00007ffab4060000 - 0x00007ffab4160000 	C:\WINDOWS\System32\ucrtbase.dll
0x00007ffaadfa0000 - 0x00007ffaadfb8000 	C:\Users\RIAN\.jdks\openjdk-21.0.2\bin\jli.dll
0x00007ffab57c0000 - 0x00007ffab595e000 	C:\WINDOWS\System32\USER32.dll
0x00007ffab3e30000 - 0x00007ffab3e52000 	C:\WINDOWS\System32\win32u.dll
0x00007ffab4ad0000 - 0x00007ffab4afb000 	C:\WINDOWS\System32\GDI32.dll
0x00007ffab41d0000 - 0x00007ffab42e7000 	C:\WINDOWS\System32\gdi32full.dll
0x00007ffab3e60000 - 0x00007ffab3efd000 	C:\WINDOWS\System32\msvcp_win.dll
0x00007ffaa4b50000 - 0x00007ffaa4b6b000 	C:\Users\RIAN\.jdks\openjdk-21.0.2\bin\VCRUNTIME140.dll
0x00007ffa9d880000 - 0x00007ffa9db1a000 	C:\WINDOWS\WinSxS\amd64_microsoft.windows.common-controls_6595b64144ccf1df_6.0.19041.3636_none_60b6a03d71f818d5\COMCTL32.dll
0x00007ffab4ba0000 - 0x00007ffab4c3e000 	C:\WINDOWS\System32\msvcrt.dll
0x00007ffab60d0000 - 0x00007ffab6102000 	C:\WINDOWS\System32\IMM32.DLL
0x00007ffaaf740000 - 0x00007ffaaf74c000 	C:\Users\RIAN\.jdks\openjdk-21.0.2\bin\vcruntime140_1.dll
0x00007ffa92dc0000 - 0x00007ffa92e4e000 	C:\Users\RIAN\.jdks\openjdk-21.0.2\bin\msvcp140.dll
0x00007ffa3fda0000 - 0x00007ffa40ab7000 	C:\Users\RIAN\.jdks\openjdk-21.0.2\bin\server\jvm.dll
0x00007ffab6580000 - 0x00007ffab6630000 	C:\WINDOWS\System32\ADVAPI32.dll
0x00007ffab4b00000 - 0x00007ffab4ba0000 	C:\WINDOWS\System32\sechost.dll
0x00007ffab47f0000 - 0x00007ffab4915000 	C:\WINDOWS\System32\RPCRT4.dll
0x00007ffab3d70000 - 0x00007ffab3d97000 	C:\WINDOWS\System32\bcrypt.dll
0x00007ffab6270000 - 0x00007ffab62db000 	C:\WINDOWS\System32\WS2_32.dll
0x00007ffab3730000 - 0x00007ffab377b000 	C:\WINDOWS\SYSTEM32\POWRPROF.dll
0x00007ffaab1c0000 - 0x00007ffaab1e7000 	C:\WINDOWS\SYSTEM32\WINMM.dll
0x00007ffaabd80000 - 0x00007ffaabd8a000 	C:\WINDOWS\SYSTEM32\VERSION.dll
0x00007ffab3710000 - 0x00007ffab3722000 	C:\WINDOWS\SYSTEM32\UMPDC.dll
0x00007ffab1bb0000 - 0x00007ffab1bc2000 	C:\WINDOWS\SYSTEM32\kernel.appcore.dll
0x00007ffaaf700000 - 0x00007ffaaf70a000 	C:\Users\RIAN\.jdks\openjdk-21.0.2\bin\jimage.dll
0x00007ffaad000000 - 0x00007ffaad1e4000 	C:\WINDOWS\SYSTEM32\DBGHELP.DLL
0x00007ffa99050000 - 0x00007ffa99084000 	C:\WINDOWS\SYSTEM32\dbgcore.DLL
0x00007ffab3da0000 - 0x00007ffab3e22000 	C:\WINDOWS\System32\bcryptPrimitives.dll
0x00007ffaa4290000 - 0x00007ffaa42af000 	C:\Users\RIAN\.jdks\openjdk-21.0.2\bin\java.dll
0x00007ffab5960000 - 0x00007ffab60cb000 	C:\WINDOWS\System32\SHELL32.dll
0x00007ffab1db0000 - 0x00007ffab254e000 	C:\WINDOWS\SYSTEM32\windows.storage.dll
0x00007ffab4f20000 - 0x00007ffab5273000 	C:\WINDOWS\System32\combase.dll
0x00007ffab35a0000 - 0x00007ffab35ce000 	C:\WINDOWS\SYSTEM32\Wldp.dll
0x00007ffab4e50000 - 0x00007ffab4f1d000 	C:\WINDOWS\System32\OLEAUT32.dll
0x00007ffab4da0000 - 0x00007ffab4e4d000 	C:\WINDOWS\System32\SHCORE.dll
0x00007ffab62e0000 - 0x00007ffab6335000 	C:\WINDOWS\System32\shlwapi.dll
0x00007ffab3c50000 - 0x00007ffab3c75000 	C:\WINDOWS\SYSTEM32\profapi.dll
0x00007ffa92b20000 - 0x00007ffa92bf7000 	C:\Users\RIAN\.jdks\openjdk-21.0.2\bin\jsvml.dll
0x00007ffaadf90000 - 0x00007ffaadfa0000 	C:\Users\RIAN\.jdks\openjdk-21.0.2\bin\net.dll
0x00007ffaace00000 - 0x00007ffaacf0a000 	C:\WINDOWS\SYSTEM32\WINHTTP.dll
0x00007ffab3380000 - 0x00007ffab33ea000 	C:\WINDOWS\system32\mswsock.dll
0x00007ffaa2120000 - 0x00007ffaa2136000 	C:\Users\RIAN\.jdks\openjdk-21.0.2\bin\nio.dll
0x00007ffaa2f90000 - 0x00007ffaa2fa8000 	C:\Users\RIAN\.jdks\openjdk-21.0.2\bin\zip.dll
0x0000000069ac0000 - 0x0000000069ae4000 	C:\Users\RIAN\AppData\Local\Temp\jansi-2.4.0-55e1c507f320e5fe-jansi.dll
0x00007ffaaf660000 - 0x00007ffaaf670000 	C:\Users\RIAN\.jdks\openjdk-21.0.2\bin\verify.dll

dbghelp: loaded successfully - version: 4.0.5 - missing functions: none
symbol engine: initialized successfully - sym options: 0x614 - pdb path: .;C:\Users\RIAN\.jdks\openjdk-21.0.2\bin;C:\WINDOWS\SYSTEM32;C:\WINDOWS\WinSxS\amd64_microsoft.windows.common-controls_6595b64144ccf1df_6.0.19041.3636_none_60b6a03d71f818d5;C:\Users\RIAN\.jdks\openjdk-21.0.2\bin\server;C:\Users\RIAN\AppData\Local\Temp

VM Arguments:
jvm_args: -Dmaven.multiModuleProjectDirectory=C:\Users\RIAN\Desktop\ProjWeb -Djansi.passthrough=true -Dmaven.home=C:\Users\RIAN\.m2\wrapper\dists\apache-maven-3.9.5-bin\2adeog8mj13csp1uusqnc1f2mo\apache-maven-3.9.5 -Dclassworlds.conf=C:\Users\RIAN\.m2\wrapper\dists\apache-maven-3.9.5-bin\2adeog8mj13csp1uusqnc1f2mo\apache-maven-3.9.5\bin\m2.conf -Dmaven.ext.class.path=C:\Program Files\JetBrains\IntelliJ IDEA 2023.3.4\plugins\maven\lib\maven-event-listener.jar -Dfile.encoding=UTF-8 -Dsun.stdout.encoding=UTF-8 -Dsun.stderr.encoding=UTF-8 
java_command: org.codehaus.classworlds.Launcher -Didea.version=2023.3.4 install
java_class_path (initial): C:\Users\RIAN\.m2\wrapper\dists\apache-maven-3.9.5-bin\2adeog8mj13csp1uusqnc1f2mo\apache-maven-3.9.5\boot\plexus-classworlds-2.7.0.jar;C:\Users\RIAN\.m2\wrapper\dists\apache-maven-3.9.5-bin\2adeog8mj13csp1uusqnc1f2mo\apache-maven-3.9.5\boot\plexus-classworlds.license
Launcher Type: SUN_STANDARD

[Global flags]
     intx CICompilerCount                          = 3                                         {product} {ergonomic}
     uint ConcGCThreads                            = 1                                         {product} {ergonomic}
     uint G1ConcRefinementThreads                  = 4                                         {product} {ergonomic}
   size_t G1HeapRegionSize                         = 2097152                                   {product} {ergonomic}
    uintx GCDrainStackTargetSize                   = 64                                        {product} {ergonomic}
   size_t InitialHeapSize                          = 268435456                                 {product} {ergonomic}
   size_t MarkStackSize                            = 4194304                                   {product} {ergonomic}
   size_t MaxHeapSize                              = 4271898624                                {product} {ergonomic}
   size_t MaxNewSize                               = 2562719744                                {product} {ergonomic}
   size_t MinHeapDeltaBytes                        = 2097152                                   {product} {ergonomic}
   size_t MinHeapSize                              = 8388608                                   {product} {ergonomic}
    uintx NonNMethodCodeHeapSize                   = 5832780                                {pd product} {ergonomic}
    uintx NonProfiledCodeHeapSize                  = 122912730                              {pd product} {ergonomic}
    uintx ProfiledCodeHeapSize                     = 122912730                              {pd product} {ergonomic}
    uintx ReservedCodeCacheSize                    = 251658240                              {pd product} {ergonomic}
     bool SegmentedCodeCache                       = true                                      {product} {ergonomic}
   size_t SoftMaxHeapSize                          = 4271898624                             {manageable} {ergonomic}
     bool UseCompressedOops                        = true                           {product lp64_product} {ergonomic}
     bool UseG1GC                                  = true                                      {product} {ergonomic}
     bool UseLargePagesIndividualAllocation        = false                                  {pd product} {ergonomic}

Logging:
Log output configuration:
 #0: stdout all=warning uptime,level,tags foldmultilines=false
 #1: stderr all=off uptime,level,tags foldmultilines=false

Environment Variables:
JAVA_HOME=C:\Program Files\Java\jdk-21
PATH=C:\Program Files\Common Files\Oracle\Java\javapath;C:\ProgramData\Oracle\Java\javapath;C:\WINDOWS\system32;C:\WINDOWS;C:\WINDOWS\System32\Wbem;C:\WINDOWS\System32\WindowsPowerShell\v1.0\;C:\WINDOWS\System32\OpenSSH\;C:\Program Files\dotnet\;C:\MinGW\bin;C:\Program Files\nodejs\;C:\Program Files\Git\cmd;C:\Users\RIAN\AppData\Local\Programs\Python\Python312\Scripts\;C:\Users\RIAN\AppData\Local\Programs\Python\Python312\;C:\Users\RIAN\AppData\Local\Microsoft\WindowsApps;C:\Users\RIAN\AppData\Local\Programs\Microsoft VS Code\bin;C:\MinGW\bin;C:\Users\RIAN\AppData\Roaming\npm
USERNAME=RIAN
OS=Windows_NT
PROCESSOR_IDENTIFIER=AMD64 Family 23 Model 17 Stepping 0, AuthenticAMD
TMP=C:\Users\RIAN\AppData\Local\Temp
TEMP=C:\Users\RIAN\AppData\Local\Temp




Periodic native trim disabled

---------------  S Y S T E M  ---------------

OS:
 Windows 10 , 64 bit Build 19041 (10.0.19041.3636)
OS uptime: 0 days 9:08 hours
Hyper-V role detected

CPU: total 4 (initial active 4) (4 cores per cpu, 2 threads per core) family 23 model 17 stepping 0 microcode 0x0, cx8, cmov, fxsr, ht, mmx, 3dnowpref, sse, sse2, sse3, ssse3, sse4a, sse4.1, sse4.2, popcnt, lzcnt, tsc, tscinvbit, avx, avx2, aes, clmul, bmi1, bmi2, adx, sha, fma, vzeroupper, clflush, clflushopt, hv, rdtscp, f16c
Processor Information for all 4 processors :
  Max Mhz: 3200, Current Mhz: 3200, Mhz Limit: 3200

Memory: 4k page, system-wide physical 16294M (7354M free)
TotalPageFile size 18726M (AvailPageFile size 5099M)
current process WorkingSet (physical memory assigned to process): 155M, peak: 155M
current process commit charge ("private bytes"): 372M, peak: 375M

vm_info: OpenJDK 64-Bit Server VM (21.0.2+13-58) for windows-amd64 JRE (21.0.2+13-58), built on 2024-01-05T18:32:24Z by "mach5one" with MS VC++ 17.1 (VS2022)

END.
