#
# A fatal error has been detected by the Java Runtime Environment:
#
#  EXCEPTION_ACCESS_VIOLATION (0xc0000005) at pc=0x00000276085b91e5, pid=15072, tid=10016
#
# JRE version: OpenJDK Runtime Environment (21.0.2+13) (build 21.0.2+13-58)
# Java VM: OpenJDK 64-Bit Server VM (21.0.2+13-58, mixed mode, sharing, tiered, compressed oops, compressed class ptrs, g1 gc, windows-amd64)
# Problematic frame:
# J 1105 c1 jdk.internal.loader.URLClassPath$JarLoader$2.getContentLength()I java.base@21.0.2 (9 bytes) @ 0x00000276085b91e5 [0x00000276085b91a0+0x0000000000000045]
#
# No core dump will be written. Minidumps are not enabled by default on client versions of Windows
#
# If you would like to submit a bug report, please visit:
#   https://bugreport.java.com/bugreport/crash.jsp
#

---------------  S U M M A R Y ------------

Command Line: -Dmaven.multiModuleProjectDirectory=C:\Users\RIAN\Desktop\ProjWeb -Djansi.passthrough=true -Dmaven.home=C:\Users\RIAN\.m2\wrapper\dists\apache-maven-3.9.5-bin\2adeog8mj13csp1uusqnc1f2mo\apache-maven-3.9.5 -Dclassworlds.conf=C:\Users\RIAN\.m2\wrapper\dists\apache-maven-3.9.5-bin\2adeog8mj13csp1uusqnc1f2mo\apache-maven-3.9.5\bin\m2.conf -Dmaven.ext.class.path=C:\Program Files\JetBrains\IntelliJ IDEA 2023.3.4\plugins\maven\lib\maven-event-listener.jar -Dfile.encoding=UTF-8 -Dsun.stdout.encoding=UTF-8 -Dsun.stderr.encoding=UTF-8 org.codehaus.classworlds.Launcher -Didea.version=2023.3.4 install

Host: AMD Athlon 200GE with Radeon Vega Graphics     , 4 cores, 15G,  Windows 10 , 64 bit Build 19041 (10.0.19041.3636)
Time: Wed Apr  3 18:27:58 2024 Hora oficial do Brasil elapsed time: 15.697955 seconds (0d 0h 0m 15s)

---------------  T H R E A D  ---------------

Current thread (0x0000027679797ca0):  JavaThread "main"             [_thread_in_Java, id=10016, stack(0x000000c4b5900000,0x000000c4b5a00000) (1024K)]

Stack: [0x000000c4b5900000,0x000000c4b5a00000],  sp=0x000000c4b59f8940,  free space=994k
Native frames: (J=compiled Java code, j=interpreted, Vv=VM code, C=native code)
C  0x00000276085b91e5

The last pc belongs to nmethod (printed below).

siginfo: EXCEPTION_ACCESS_VIOLATION (0xc0000005), reading address 0xffffffffffffffff


Registers:
RAX=0x008002765d1c0f40, RBX=0x0000000000000000, RCX=0x0000000000000110, RDX=0x000000071158b438
RSP=0x000000c4b59f8940, RBP=0x000000c4b59f9250, RSI=0x000000071158b438, RDI=0x000002765d1b6b38
R8 =0x00000000000013bb, R9 =0x000000071158b438, R10=0x000002761c215f20, R11=0x000002761c000000
R12=0x0000000000000000, R13=0x000000071158b608, R14=0x0000000000000000, R15=0x0000027679797ca0
RIP=0x00000276085b91e5, EFLAGS=0x0000000000010246


Register to memory mapping:

RAX=0x008002765d1c0f40 is an unknown value
RBX=0x0 is null
RCX=0x0000000000000110 is an unknown value
RDX=0x000000071158b438 is an oop: jdk.internal.loader.URLClassPath$JarLoader$2 
{0x000000071158b438} - klass: 'jdk/internal/loader/URLClassPath$JarLoader$2'
 - ---- fields (total size 5 words):
 - private 'cis' 'Ljava/io/InputStream;' @12  a 'java/util/zip/ZipFile$ZipFileInflaterInputStream'{0x000000071158b608} (0xe22b16c1)
 - private 'dataError' 'Ljava/lang/Exception;' @16  null (0x00000000)
 - final synthetic 'val$name' 'Ljava/lang/String;' @20  "org/springframework/boot/buildpack/platform/io/TarArchive.class"{0x000000071158b080} (0xe22b1610)
 - final synthetic 'val$url' 'Ljava/net/URL;' @24  a 'java/net/URL'{0x000000071158b100} (0xe22b1620)
 - final synthetic 'val$entry' 'Ljava/util/jar/JarEntry;' @28  a 'java/util/jar/JarFile$JarFileEntry'{0x000000071158b098} (0xe22b1613)
 - final synthetic 'this$0' 'Ljdk/internal/loader/URLClassPath$JarLoader;' @32  a 'jdk/internal/loader/URLClassPath$JarLoader'{0x00000007032f8948} (0xe065f129)
RSP=0x000000c4b59f8940 is pointing into the stack for thread: 0x0000027679797ca0
RBP=0x000000c4b59f9250 is pointing into the stack for thread: 0x0000027679797ca0
RSI=0x000000071158b438 is an oop: jdk.internal.loader.URLClassPath$JarLoader$2 
{0x000000071158b438} - klass: 'jdk/internal/loader/URLClassPath$JarLoader$2'
 - ---- fields (total size 5 words):
 - private 'cis' 'Ljava/io/InputStream;' @12  a 'java/util/zip/ZipFile$ZipFileInflaterInputStream'{0x000000071158b608} (0xe22b16c1)
 - private 'dataError' 'Ljava/lang/Exception;' @16  null (0x00000000)
 - final synthetic 'val$name' 'Ljava/lang/String;' @20  "org/springframework/boot/buildpack/platform/io/TarArchive.class"{0x000000071158b080} (0xe22b1610)
 - final synthetic 'val$url' 'Ljava/net/URL;' @24  a 'java/net/URL'{0x000000071158b100} (0xe22b1620)
 - final synthetic 'val$entry' 'Ljava/util/jar/JarEntry;' @28  a 'java/util/jar/JarFile$JarFileEntry'{0x000000071158b098} (0xe22b1613)
 - final synthetic 'this$0' 'Ljdk/internal/loader/URLClassPath$JarLoader;' @32  a 'jdk/internal/loader/URLClassPath$JarLoader'{0x00000007032f8948} (0xe065f129)
RDI=0x000002765d1b6b38 is pointing into metadata
R8 =0x00000000000013bb is an unknown value
R9 =0x000000071158b438 is an oop: jdk.internal.loader.URLClassPath$JarLoader$2 
{0x000000071158b438} - klass: 'jdk/internal/loader/URLClassPath$JarLoader$2'
 - ---- fields (total size 5 words):
 - private 'cis' 'Ljava/io/InputStream;' @12  a 'java/util/zip/ZipFile$ZipFileInflaterInputStream'{0x000000071158b608} (0xe22b16c1)
 - private 'dataError' 'Ljava/lang/Exception;' @16  null (0x00000000)
 - final synthetic 'val$name' 'Ljava/lang/String;' @20  "org/springframework/boot/buildpack/platform/io/TarArchive.class"{0x000000071158b080} (0xe22b1610)
 - final synthetic 'val$url' 'Ljava/net/URL;' @24  a 'java/net/URL'{0x000000071158b100} (0xe22b1620)
 - final synthetic 'val$entry' 'Ljava/util/jar/JarEntry;' @28  a 'java/util/jar/JarFile$JarFileEntry'{0x000000071158b098} (0xe22b1613)
 - final synthetic 'this$0' 'Ljdk/internal/loader/URLClassPath$JarLoader;' @32  a 'jdk/internal/loader/URLClassPath$JarLoader'{0x00000007032f8948} (0xe065f129)
R10=0x000002761c215f20 is a pointer to class: 
jdk.internal.loader.URLClassPath$JarLoader$2 {0x000002761c215f28}
 - instance size:     5
 - klass size:        76
 - access:            synchronized 
 - flags:             rewritten has_nonstatic_fields is_shared_boot_class has_localvariable_table 
 - state:             fully_initialized
 - name:              'jdk/internal/loader/URLClassPath$JarLoader$2'
 - super:             'jdk/internal/loader/Resource'
 - sub:               
 - arrays:            null
 - methods:           Array<T>(0x000002761c9050c0)
 - method ordering:   Array<T>(0x000002761c9051b0)
 - default_methods:   Array<T>(0x0000000000000000)
 - local interfaces:  Array<T>(0x000002761c6134c0)
 - trans. interfaces: Array<T>(0x000002761c6134c0)
 - constants:         constant pool [133] {0x000002761c9048b0} for 'jdk/internal/loader/URLClassPath$JarLoader$2' cache=0x000002761c216268
 - class loader data:  loader data: 0x000002767edb1470 of 'bootstrap'
 - source file:       'URLClassPath.java'
 - class annotations:       Array<T>(0x0000000000000000)
 - class type annotations:  Array<T>(0x0000000000000000)
 - field annotations:       Array<T>(0x0000000000000000)
 - field type annotations:  Array<T>(0x0000000000000000)
 - inner classes:     Array<T>(0x000002761c9050a0)
 - nest members:     Array<T>(0x000002761c613448)
 - permitted subclasses:     Array<T>(0x000002761c613448)
 - java mirror:       a 'java/lang/Class'{0x000000070193a108} = 'jdk/internal/loader/URLClassPath$JarLoader$2'
 - vtable length      16  (start addr: 0x000002761c2160e8)
 - itable length      2 (start addr: 0x000002761c216168)
 - ---- static fields (0 words):
 - ---- non-static fields (6 words):
 - private 'cis' 'Ljava/io/InputStream;' @12 
 - private 'dataError' 'Ljava/lang/Exception;' @16 
 - final synthetic 'val$name' 'Ljava/lang/String;' @20 
 - final synthetic 'val$url' 'Ljava/net/URL;' @24 
 - final synthetic 'val$entry' 'Ljava/util/jar/JarEntry;' @28 
 - final synthetic 'this$0' 'Ljdk/internal/loader/URLClassPath$JarLoader;' @32 
 - non-static oop maps: 12-32 
R11=0x000002761c000000 is pointing into metadata
R12=0x0 is null
R13=0x000000071158b608 is an oop: java.util.zip.ZipFile$ZipFileInflaterInputStream 
{0x000000071158b608} - klass: 'java/util/zip/ZipFile$ZipFileInflaterInputStream'
 - ---- fields (total size 6 words):
 - protected volatile 'in' 'Ljava/io/InputStream;' @12  a 'java/util/zip/ZipFile$ZipFileInputStream'{0x000000071158b5d0} (0xe22b16ba)
 - protected 'len' 'I' @16  0 (0x00000000)
 - private 'closed' 'Z' @20  false (0x00)
 - private 'reachEOF' 'Z' @21  false (0x00)
 - 'usesDefaultInflater' 'Z' @22  false (0x00)
 - protected 'inf' 'Ljava/util/zip/Inflater;' @24  a 'java/util/zip/Inflater'{0x00000007034dd430} (0xe069ba86)
 - protected 'buf' '[B' @28  [B{0x000000071158b650} (0xe22b16ca)
 - private 'singleByteBuf' '[B' @32  [B{0x000000071158b638} (0xe22b16c7)
 - private volatile 'closeRequested' 'Z' @23  false (0x00)
 - private 'eof' 'Z' @36  false (0x00)
 - private final 'cleanable' 'Ljava/lang/ref/Cleaner$Cleanable;' @40  a 'jdk/internal/ref/CleanerImpl$PhantomCleanableRef'{0x000000071158c1a8} (0xe22b1835)
 - final synthetic 'this$0' 'Ljava/util/zip/ZipFile;' @44  a 'java/util/jar/JarFile'{0x00000007032f8a70} (0xe065f14e)
R14=0x0 is null
R15=0x0000027679797ca0 is a thread

Top of Stack: (sp=0x000000c4b59f8940)
0x000000c4b59f8940:   00003cd000003c91 000000000000003f
0x000000c4b59f8950:   000000071158b030 0000003f0000003f
0x000000c4b59f8960:   00000007032f2a78 00000276100926e4
0x000000c4b59f8970:   000000071158b460 0000000000000000
0x000000c4b59f8980:   000000c4b59f9250 0000027608545e44
0x000000c4b59f8990:   0000000703459cf0 000000071158b460
0x000000c4b59f89a0:   00000007032f8a70 000000071158b098
0x000000c4b59f89b0:   00000007034dd488 00000007034dd2b0
0x000000c4b59f89c0:   0000000000003c63 000000071158b5d0
0x000000c4b59f89d0:   000000071158b608 000002760f8c89b8
0x000000c4b59f89e0:   000000071158b438 0000000000000000
0x000000c4b59f89f0:   000000071158b608 0000000000000009
0x000000c4b59f8a00:   00000007034dd2b0 0000000711585c90
0x000000c4b59f8a10:   000000c4b59f9250 00000276084f6604
0x000000c4b59f8a20:   0000000000000000 0000000000000000
0x000000c4b59f8a30:   000000071158b460 0000000703459cf0
0x000000c4b59f8a40:   0000000000000001 000000071158b438
0x000000c4b59f8a50:   000000000000000e 000002761c04dec8
0x000000c4b59f8a60:   000000c4b59f9250 00000276085b872c
0x000000c4b59f8a70:   000002761c04ef20 00000007032f8a70
0x000000c4b59f8a80:   000000071158b098 000000c4b59f9250
0x000000c4b59f8a90:   000002760853ce74 0000000711583538
0x000000c4b59f8aa0:   0000000000000000 0000000000000009
0x000000c4b59f8ab0:   00000007032f8a70 0000000711585c90
0x000000c4b59f8ac0:   000000071158b438 000002761c36d3b8
0x000000c4b59f8ad0:   0000000000004435 0000000000000001
0x000000c4b59f8ae0:   000000071158b438 000002760853d309
0x000000c4b59f8af0:   000000c4b59f9250 000002760853d8dc
0x000000c4b59f8b00:   00000050027ad42c 000000071158a930
0x000000c4b59f8b10:   000000071158b080 0000000000000000
0x000000c4b59f8b20:   000000c4b59f7740 0000027679797ca0
0x000000c4b59f8b30:   000000c4b59f7720 0000000000000000 

Instructions: (pc=0x00000276085b91e5)
0x00000276085b90e5:   00 00 00 00 00 00 00 00 00 00 00 a0 91 5b 08 76
0x00000276085b90f5:   02 00 00 c0 91 5b 08 76 02 00 00 a0 91 5b 08 76
0x00000276085b9105:   02 00 00 00 00 00 00 00 00 00 00 ff ff ff ff 10
0x00000276085b9115:   03 00 00 e7 02 00 00 90 01 00 00 10 03 00 00 48
0x00000276085b9125:   03 00 00 48 03 00 00 00 00 00 00 78 03 00 00 b8
0x00000276085b9135:   03 00 00 c0 03 00 00 c0 03 00 00 d0 03 00 00 d0
0x00000276085b9145:   03 00 00 d0 03 00 00 30 00 00 00 51 04 00 00 02
0x00000276085b9155:   00 00 00 ff ff ff ff ff ff ff ff 03 04 00 00 00
0x00000276085b9165:   00 00 00 00 00 00 00 00 00 00 00 14 30 22 31 05
0x00000276085b9175:   60 34 60 9e 58 0e 60 17 31 0a 31 34 78 05 40 11
0x00000276085b9185:   31 27 31 07 00 00 31 03 7c 74 40 e0 47 fa 7f 05
0x00000276085b9195:   38 0e 30 01 7c 82 ff 0d 48 0c 31 44 8b 52 08 49
0x00000276085b91a5:   bb 00 00 00 1c 76 02 00 00 4d 03 d3 4c 3b d0 0f
0x00000276085b91b5:   85 c6 55 35 07 66 0f 1f 44 00 00 89 84 24 00 80
0x00000276085b91c5:   ff ff 55 48 83 ec 40 41 81 7f 20 03 00 00 00 74
0x00000276085b91d5:   05 e8 85 bb 33 07 48 b8 40 0f 1c 5d 76 02 00 00
0x00000276085b91e5:   8b b0 cc 00 00 00 83 c6 02 89 b0 cc 00 00 00 81
0x00000276085b91f5:   e6 fe 07 00 00 85 f6 0f 84 b9 00 00 00 8b 42 1c
0x00000276085b9205:   48 c1 e0 03 48 3b 00 48 8b f0 48 bf 40 0f 1c 5d
0x00000276085b9215:   76 02 00 00 8b 76 08 49 ba 00 00 00 1c 76 02 00
0x00000276085b9225:   00 49 03 f2 48 3b b7 20 01 00 00 75 0d 48 83 87
0x00000276085b9235:   28 01 00 00 01 e9 60 00 00 00 48 3b b7 30 01 00
0x00000276085b9245:   00 75 0d 48 83 87 38 01 00 00 01 e9 4a 00 00 00
0x00000276085b9255:   48 83 bf 20 01 00 00 00 75 17 48 89 b7 20 01 00
0x00000276085b9265:   00 48 c7 87 28 01 00 00 01 00 00 00 e9 29 00 00
0x00000276085b9275:   00 48 83 bf 30 01 00 00 00 75 17 48 89 b7 30 01
0x00000276085b9285:   00 00 48 c7 87 38 01 00 00 01 00 00 00 e9 08 00
0x00000276085b9295:   00 00 48 83 87 10 01 00 00 01 48 8b 70 20 8b f6
0x00000276085b92a5:   48 8b c6 48 83 c4 40 5d 49 3b a7 50 04 00 00 0f
0x00000276085b92b5:   87 27 00 00 00 c3 49 ba b0 67 21 1c 76 02 00 00
0x00000276085b92c5:   4c 89 54 24 08 48 c7 04 24 ff ff ff ff e8 29 e7
0x00000276085b92d5:   41 07 e9 26 ff ff ff e8 1f 7a 41 07 49 ba ad 92 


Stack slot to memory mapping:

stack at sp + 0 slots: 0x00003cd000003c91 is an unknown value
stack at sp + 1 slots: 0x000000000000003f is an unknown value
stack at sp + 2 slots: 0x000000071158b030 is an oop: [B 
{0x000000071158b030} - klass: {type array byte}
 - length: 63
stack at sp + 3 slots: 0x0000003f0000003f is an unknown value
stack at sp + 4 slots: 0x00000007032f2a78 is an oop: java.util.concurrent.ConcurrentHashMap 
{0x00000007032f2a78} - klass: 'java/util/concurrent/ConcurrentHashMap'
 - ---- fields (total size 8 words):
 - transient 'keySet' 'Ljava/util/Set;' @12  null (0x00000000)
 - transient 'values' 'Ljava/util/Collection;' @16  null (0x00000000)
 - private volatile transient 'sizeCtl' 'I' @20  12 (0x0000000c)
 - private volatile transient 'baseCount' 'J' @24  10 (0x000000000000000a)
 - private volatile transient 'transferIndex' 'I' @32  0 (0x00000000)
 - private volatile transient 'cellsBusy' 'I' @36  0 (0x00000000)
 - volatile transient 'table' '[Ljava/util/concurrent/ConcurrentHashMap$Node;' @40  a 'java/util/concurrent/ConcurrentHashMap$Node'[16] {0x00000007032f2ab8} (0xe065e557)
 - private volatile transient 'nextTable' '[Ljava/util/concurrent/ConcurrentHashMap$Node;' @44  null (0x00000000)
 - private volatile transient 'counterCells' '[Ljava/util/concurrent/ConcurrentHashMap$CounterCell;' @48  null (0x00000000)
 - private transient 'keySet' 'Ljava/util/concurrent/ConcurrentHashMap$KeySetView;' @52  null (0x00000000)
 - private transient 'values' 'Ljava/util/concurrent/ConcurrentHashMap$ValuesView;' @56  null (0x00000000)
 - private transient 'entrySet' 'Ljava/util/concurrent/ConcurrentHashMap$EntrySetView;' @60  null (0x00000000)
stack at sp + 5 slots: 0x00000276100926e4 is at entry_point+548 in (nmethod*)0x0000027610092310
Compiled method (c2)   15725 4662       4       java.util.concurrent.ConcurrentHashMap::get (162 bytes)
 total in heap  [0x0000027610092310,0x0000027610092a18] = 1800
 relocation     [0x0000027610092470,0x00000276100924b0] = 64
 main code      [0x00000276100924c0,0x00000276100927d8] = 792
 stub code      [0x00000276100927d8,0x00000276100927f0] = 24
 metadata       [0x00000276100927f0,0x00000276100927f8] = 8
 scopes data    [0x00000276100927f8,0x00000276100928f8] = 256
 scopes pcs     [0x00000276100928f8,0x00000276100929b8] = 192
 dependencies   [0x00000276100929b8,0x00000276100929c0] = 8
 handler table  [0x00000276100929c0,0x0000027610092a08] = 72
 nul chk table  [0x0000027610092a08,0x0000027610092a18] = 16
stack at sp + 6 slots: 0x000000071158b460 is an oop: java.lang.String 
{0x000000071158b460} - klass: 'java/lang/String'
 - string: "org.springframework.boot.buildpack.platform.io"
 - ---- fields (total size 3 words):
 - private 'hash' 'I' @12  -1451855003 (0xa9767365)
 - private final 'coder' 'B' @16  0 (0x00)
 - private 'hashIsZero' 'Z' @17  false (0x00)
 - injected 'flags' 'B' @18  0 (0x00)
 - private final 'value' '[B' @20  [B{0x000000071158b478} (0xe22b168f)
stack at sp + 7 slots: 0x0 is null


Compiled method (c1)   15728 1105       3       jdk.internal.loader.URLClassPath$JarLoader$2::getContentLength (9 bytes)
 total in heap  [0x00000276085b9010,0x00000276085b93e0] = 976
 relocation     [0x00000276085b9170,0x00000276085b91a0] = 48
 main code      [0x00000276085b91a0,0x00000276085b9320] = 384
 stub code      [0x00000276085b9320,0x00000276085b9358] = 56
 metadata       [0x00000276085b9358,0x00000276085b9370] = 24
 scopes data    [0x00000276085b9370,0x00000276085b9388] = 24
 scopes pcs     [0x00000276085b9388,0x00000276085b93c8] = 64
 dependencies   [0x00000276085b93c8,0x00000276085b93d0] = 8
 nul chk table  [0x00000276085b93d0,0x00000276085b93e0] = 16

[Constant Pool (empty)]

[MachCode]
[Entry Point]
  # {method} {0x000002761c2167b8} 'getContentLength' '()I' in 'jdk/internal/loader/URLClassPath$JarLoader$2'
  #           [sp+0x50]  (sp of caller)
  0x00000276085b91a0: 448b 5208 | 49bb 0000 | 001c 7602 | 0000 4d03 | d34c 3bd0 

  0x00000276085b91b4: ;   {runtime_call ic_miss_stub}
  0x00000276085b91b4: 0f85 c655 | 3507 660f | 1f44 0000 
[Verified Entry Point]
  0x00000276085b91c0: 8984 2400 | 80ff ff55 | 4883 ec40 | 4181 7f20 | 0300 0000 

  0x00000276085b91d4: ;   {runtime_call StubRoutines (final stubs)}
  0x00000276085b91d4: 7405 e885 

  0x00000276085b91d8: ;   {metadata(method data for {method} {0x000002761c2167b8} 'getContentLength' '()I' in 'jdk/internal/loader/URLClassPath$JarLoader$2')}
  0x00000276085b91d8: bb33 0748 | b840 0f1c | 5d76 0200 | 008b b0cc | 0000 0083 | c602 89b0 | cc00 0000 | 81e6 fe07 
  0x00000276085b91f8: 0000 85f6 | 0f84 b900 | 0000 8b42 | 1c48 c1e0 | 0348 3b00 

  0x00000276085b920c: ;   {metadata(method data for {method} {0x000002761c2167b8} 'getContentLength' '()I' in 'jdk/internal/loader/URLClassPath$JarLoader$2')}
  0x00000276085b920c: 488b f048 | bf40 0f1c | 5d76 0200 | 008b 7608 | 49ba 0000 | 001c 7602 | 0000 4903 | f248 3bb7 
  0x00000276085b922c: 2001 0000 | 750d 4883 | 8728 0100 | 0001 e960 | 0000 0048 | 3bb7 3001 | 0000 750d | 4883 8738 
  0x00000276085b924c: 0100 0001 | e94a 0000 | 0048 83bf | 2001 0000 | 0075 1748 | 89b7 2001 | 0000 48c7 | 8728 0100 
  0x00000276085b926c: 0001 0000 | 00e9 2900 | 0000 4883 | bf30 0100 | 0000 7517 | 4889 b730 | 0100 0048 | c787 3801 
  0x00000276085b928c: 0000 0100 | 0000 e908 | 0000 0048 | 8387 1001 | 0000 0148 | 8b70 208b | f648 8bc6 | 4883 c440 
  0x00000276085b92ac: ;   {poll_return}
  0x00000276085b92ac: 5d49 3ba7 | 5004 0000 | 0f87 2700 

  0x00000276085b92b8: ;   {metadata({method} {0x000002761c2167b8} 'getContentLength' '()I' in 'jdk/internal/loader/URLClassPath$JarLoader$2')}
  0x00000276085b92b8: 0000 c349 | bab0 6721 | 1c76 0200 | 004c 8954 | 2408 48c7 | 0424 ffff 

  0x00000276085b92d0: ;   {runtime_call counter_overflow Runtime1 stub}
  0x00000276085b92d0: ffff e829 

  0x00000276085b92d4: ; ImmutableOopMap {rdx=Oop }
                      ;*synchronization entry
                      ; - jdk.internal.loader.URLClassPath$JarLoader$2::getContentLength@-1 (line 850)
  0x00000276085b92d4: e741 07e9 | 26ff ffff 

  0x00000276085b92dc: ;   {runtime_call throw_null_pointer_exception Runtime1 stub}
  0x00000276085b92dc: e81f 7a41 

  0x00000276085b92e0: ; ImmutableOopMap {rax=Oop }
                      ;*invokevirtual getSize {reexecute=0 rethrow=0 return_oop=0}
                      ; - jdk.internal.loader.URLClassPath$JarLoader$2::getContentLength@4 (line 850)
                      ;   {internal_word}
  0x00000276085b92e0: 0749 baad | 925b 0876 | 0200 004d | 8997 6804 

  0x00000276085b92f0: ;   {runtime_call SafepointBlob}
  0x00000276085b92f0: 0000 e909 | c435 0749 | 8b87 0005 | 0000 49c7 | 8700 0500 | 0000 0000 | 0049 c787 | 0805 0000 
  0x00000276085b9310: 0000 0000 | 4883 c440 

  0x00000276085b9318: ;   {runtime_call unwind_exception Runtime1 stub}
  0x00000276085b9318: 5de9 625d | 4107 f4f4 
[Exception Handler]
  0x00000276085b9320: ;   {no_reloc}
  0x00000276085b9320: e85b af41 

  0x00000276085b9324: ;   {external_word}
  0x00000276085b9324: 0748 b9e0 | 4774 40fa | 7f00 0048 

  0x00000276085b9330: ;   {runtime_call}
  0x00000276085b9330: 83e4 f048 | b840 243c | 40fa 7f00 | 00ff d0f4 
[Deopt Handler Code]
  0x00000276085b9340: ;   {section_word}
  0x00000276085b9340: 49ba 4093 | 5b08 7602 | 0000 4152 

  0x00000276085b934c: ;   {runtime_call DeoptimizationBlob}
  0x00000276085b934c: e94f b635 | 07f4 f4f4 | f4f4 f4f4 
[/MachCode]


---------------  P R O C E S S  ---------------

Threads class SMR info:
_java_thread_list=0x000002766252b510, length=12, elements={
0x0000027679797ca0, 0x000002767ef2e050, 0x000002767ef2f120, 0x000002767ef35460,
0x000002767ef34dd0, 0x000002767ef33a20, 0x000002767ef34740, 0x000002767ef4b8b0,
0x000002767ef4e910, 0x000002767ef33390, 0x000002767ef35af0, 0x0000027662cd1e40
}
_to_delete_list=0x00000276625327d0, length=13, elements={
0x0000027679797ca0, 0x000002767ef2e050, 0x000002767ef2f120, 0x000002767ef35460,
0x000002767ef34dd0, 0x000002767ef33a20, 0x000002767ef34740, 0x000002767ef4b8b0,
0x000002767ef4e910, 0x000002767ef33390, 0x000002767ef35af0, 0x000002767ef340b0,
0x0000027662cd1e40
}

Java Threads: ( => current thread )
=>0x0000027679797ca0 JavaThread "main"                              [_thread_in_Java, id=10016, stack(0x000000c4b5900000,0x000000c4b5a00000) (1024K)]
  0x000002767ef2e050 JavaThread "Reference Handler"          daemon [_thread_blocked, id=11980, stack(0x000000c4b6100000,0x000000c4b6200000) (1024K)]
  0x000002767ef2f120 JavaThread "Finalizer"                  daemon [_thread_blocked, id=3996, stack(0x000000c4b6200000,0x000000c4b6300000) (1024K)]
  0x000002767ef35460 JavaThread "Signal Dispatcher"          daemon [_thread_blocked, id=12688, stack(0x000000c4b6300000,0x000000c4b6400000) (1024K)]
  0x000002767ef34dd0 JavaThread "Attach Listener"            daemon [_thread_blocked, id=14304, stack(0x000000c4b6400000,0x000000c4b6500000) (1024K)]
  0x000002767ef33a20 JavaThread "Service Thread"             daemon [_thread_blocked, id=14640, stack(0x000000c4b6500000,0x000000c4b6600000) (1024K)]
  0x000002767ef34740 JavaThread "Monitor Deflation Thread"   daemon [_thread_blocked, id=3848, stack(0x000000c4b6600000,0x000000c4b6700000) (1024K)]
  0x000002767ef4b8b0 JavaThread "C2 CompilerThread0"         daemon [_thread_blocked, id=15148, stack(0x000000c4b6700000,0x000000c4b6800000) (1024K)]
  0x000002767ef4e910 JavaThread "C1 CompilerThread0"         daemon [_thread_blocked, id=13620, stack(0x000000c4b6800000,0x000000c4b6900000) (1024K)]
  0x000002767ef33390 JavaThread "Notification Thread"        daemon [_thread_blocked, id=13264, stack(0x000000c4b6900000,0x000000c4b6a00000) (1024K)]
  0x000002767ef35af0 JavaThread "Common-Cleaner"             daemon [_thread_blocked, id=10112, stack(0x000000c4b6a00000,0x000000c4b6b00000) (1024K)]
  0x0000027662cd1e40 JavaThread "C2 CompilerThread1"         daemon [_thread_in_native, id=4160, stack(0x000000c4b6e00000,0x000000c4b6f00000) (1024K)]
Total: 12

Other Threads:
  0x000002767ef0cfa0 VMThread "VM Thread"                           [id=11728, stack(0x000000c4b6000000,0x000000c4b6100000) (1024K)]
  0x000002767eef34f0 WatcherThread "VM Periodic Task Thread"        [id=14320, stack(0x000000c4b5f00000,0x000000c4b6000000) (1024K)]
  0x000002767b9ed7c0 WorkerThread "GC Thread#0"                     [id=10128, stack(0x000000c4b5a00000,0x000000c4b5b00000) (1024K)]
  0x000002767ef0d340 WorkerThread "GC Thread#1"                     [id=7580, stack(0x000000c4b6b00000,0x000000c4b6c00000) (1024K)]
  0x000002767ef0c860 WorkerThread "GC Thread#2"                     [id=13556, stack(0x000000c4b6c00000,0x000000c4b6d00000) (1024K)]
  0x000002767ef0b9e0 WorkerThread "GC Thread#3"                     [id=13052, stack(0x000000c4b6d00000,0x000000c4b6e00000) (1024K)]
  0x000002767b9fe7e0 ConcurrentGCThread "G1 Main Marker"            [id=14408, stack(0x000000c4b5b00000,0x000000c4b5c00000) (1024K)]
  0x000002767b9ffa80 WorkerThread "G1 Conc#0"                       [id=11888, stack(0x000000c4b5c00000,0x000000c4b5d00000) (1024K)]
  0x000002767edb60e0 ConcurrentGCThread "G1 Refine#0"               [id=12112, stack(0x000000c4b5d00000,0x000000c4b5e00000) (1024K)]
  0x000002767edb6a60 ConcurrentGCThread "G1 Service"                [id=2244, stack(0x000000c4b5e00000,0x000000c4b5f00000) (1024K)]
Total: 10

Threads with active compile tasks:
C2 CompilerThread1    15740 5528   !   4       com.google.inject.spi.InjectionPoint::getInjectionPoints (491 bytes)
Total: 1

VM state: not at safepoint (normal execution)

VM Mutex/Monitor currently owned by a thread: None

Heap address: 0x0000000701600000, size: 4074 MB, Compressed Oops mode: Zero based, Oop shift amount: 3

CDS archive(s) mapped at: [0x000002761c000000-0x000002761cc90000-0x000002761cc90000), size 13172736, SharedBaseAddress: 0x000002761c000000, ArchiveRelocationMode: 1.
Compressed class space mapped at: 0x000002761d000000-0x000002765d000000, reserved size: 1073741824
Narrow klass base: 0x000002761c000000, Narrow klass shift: 0, Narrow klass range: 0x100000000

GC Precious Log:
 CardTable entry size: 512
 Card Set container configuration: InlinePtr #cards 4 size 8 Array Of Cards #cards 16 size 48 Howl #buckets 8 coarsen threshold 3686 Howl Bitmap #cards 512 size 80 coarsen threshold 460 Card regions per heap region 1 cards per card region 4096
 CPUs: 4 total, 4 available
 Memory: 16294M
 Large Page Support: Disabled
 NUMA Support: Disabled
 Compressed Oops: Enabled (Zero based)
 Heap Region Size: 2M
 Heap Min Capacity: 8M
 Heap Initial Capacity: 256M
 Heap Max Capacity: 4074M
 Pre-touch: Disabled
 Parallel Workers: 4
 Concurrent Workers: 1
 Concurrent Refinement Workers: 4
 Periodic GC: Disabled

Heap:
 garbage-first heap   total 81920K, used 21513K [0x0000000701600000, 0x0000000800000000)
  region size 2048K, 3 young (6144K), 2 survivors (4096K)
 Metaspace       used 23543K, committed 23872K, reserved 1114112K
  class space    used 2624K, committed 2752K, reserved 1048576K

Heap Regions: E=young(eden), S=young(survivor), O=old, HS=humongous(starts), HC=humongous(continues), CS=collection set, F=free, TAMS=top-at-mark-start, PB=parsable bottom
|   0|0x0000000701600000, 0x0000000701800000, 0x0000000701800000|100%| O|  |TAMS 0x0000000701600000| PB 0x0000000701600000| Untracked 
|   1|0x0000000701800000, 0x0000000701a00000, 0x0000000701a00000|100%| O|  |TAMS 0x0000000701800000| PB 0x0000000701800000| Untracked 
|   2|0x0000000701a00000, 0x0000000701c00000, 0x0000000701c00000|100%| O|  |TAMS 0x0000000701a00000| PB 0x0000000701a00000| Untracked 
|   3|0x0000000701c00000, 0x0000000701e00000, 0x0000000701e00000|100%| O|  |TAMS 0x0000000701c00000| PB 0x0000000701c00000| Untracked 
|   4|0x0000000701e00000, 0x0000000702000000, 0x0000000702000000|100%| O|  |TAMS 0x0000000701e00000| PB 0x0000000701e00000| Untracked 
|   5|0x0000000702000000, 0x0000000702200000, 0x0000000702200000|100%| O|  |TAMS 0x0000000702000000| PB 0x0000000702000000| Untracked 
|   6|0x0000000702200000, 0x0000000702400000, 0x0000000702400000|100%| O|  |TAMS 0x0000000702200000| PB 0x0000000702200000| Untracked 
|   7|0x0000000702400000, 0x0000000702600000, 0x0000000702600000|100%| O|  |TAMS 0x0000000702400000| PB 0x0000000702400000| Untracked 
|   8|0x0000000702600000, 0x00000007027c8000, 0x0000000702800000| 89%| O|  |TAMS 0x0000000702600000| PB 0x0000000702600000| Untracked 
|   9|0x0000000702800000, 0x0000000702800000, 0x0000000702a00000|  0%| F|  |TAMS 0x0000000702800000| PB 0x0000000702800000| Untracked 
|  10|0x0000000702a00000, 0x0000000702a00000, 0x0000000702c00000|  0%| F|  |TAMS 0x0000000702a00000| PB 0x0000000702a00000| Untracked 
|  11|0x0000000702c00000, 0x0000000702c00000, 0x0000000702e00000|  0%| F|  |TAMS 0x0000000702c00000| PB 0x0000000702c00000| Untracked 
|  12|0x0000000702e00000, 0x0000000702e00000, 0x0000000703000000|  0%| F|  |TAMS 0x0000000702e00000| PB 0x0000000702e00000| Untracked 
|  13|0x0000000703000000, 0x0000000703000000, 0x0000000703200000|  0%| F|  |TAMS 0x0000000703000000| PB 0x0000000703000000| Untracked 
|  14|0x0000000703200000, 0x000000070333a548, 0x0000000703400000| 61%| S|CS|TAMS 0x0000000703200000| PB 0x0000000703200000| Complete 
|  15|0x0000000703400000, 0x0000000703600000, 0x0000000703600000|100%| S|CS|TAMS 0x0000000703400000| PB 0x0000000703400000| Complete 
|  16|0x0000000703600000, 0x0000000703600000, 0x0000000703800000|  0%| F|  |TAMS 0x0000000703600000| PB 0x0000000703600000| Untracked 
|  17|0x0000000703800000, 0x0000000703800000, 0x0000000703a00000|  0%| F|  |TAMS 0x0000000703800000| PB 0x0000000703800000| Untracked 
|  18|0x0000000703a00000, 0x0000000703a00000, 0x0000000703c00000|  0%| F|  |TAMS 0x0000000703a00000| PB 0x0000000703a00000| Untracked 
|  19|0x0000000703c00000, 0x0000000703c00000, 0x0000000703e00000|  0%| F|  |TAMS 0x0000000703c00000| PB 0x0000000703c00000| Untracked 
|  20|0x0000000703e00000, 0x0000000703e00000, 0x0000000704000000|  0%| F|  |TAMS 0x0000000703e00000| PB 0x0000000703e00000| Untracked 
|  21|0x0000000704000000, 0x0000000704000000, 0x0000000704200000|  0%| F|  |TAMS 0x0000000704000000| PB 0x0000000704000000| Untracked 
|  22|0x0000000704200000, 0x0000000704200000, 0x0000000704400000|  0%| F|  |TAMS 0x0000000704200000| PB 0x0000000704200000| Untracked 
|  23|0x0000000704400000, 0x0000000704400000, 0x0000000704600000|  0%| F|  |TAMS 0x0000000704400000| PB 0x0000000704400000| Untracked 
|  24|0x0000000704600000, 0x0000000704600000, 0x0000000704800000|  0%| F|  |TAMS 0x0000000704600000| PB 0x0000000704600000| Untracked 
|  25|0x0000000704800000, 0x0000000704800000, 0x0000000704a00000|  0%| F|  |TAMS 0x0000000704800000| PB 0x0000000704800000| Untracked 
|  26|0x0000000704a00000, 0x0000000704a00000, 0x0000000704c00000|  0%| F|  |TAMS 0x0000000704a00000| PB 0x0000000704a00000| Untracked 
|  27|0x0000000704c00000, 0x0000000704c00000, 0x0000000704e00000|  0%| F|  |TAMS 0x0000000704c00000| PB 0x0000000704c00000| Untracked 
|  28|0x0000000704e00000, 0x0000000704e00000, 0x0000000705000000|  0%| F|  |TAMS 0x0000000704e00000| PB 0x0000000704e00000| Untracked 
|  29|0x0000000705000000, 0x0000000705000000, 0x0000000705200000|  0%| F|  |TAMS 0x0000000705000000| PB 0x0000000705000000| Untracked 
|  30|0x0000000705200000, 0x0000000705200000, 0x0000000705400000|  0%| F|  |TAMS 0x0000000705200000| PB 0x0000000705200000| Untracked 
|  31|0x0000000705400000, 0x0000000705400000, 0x0000000705600000|  0%| F|  |TAMS 0x0000000705400000| PB 0x0000000705400000| Untracked 
|  32|0x0000000705600000, 0x0000000705600000, 0x0000000705800000|  0%| F|  |TAMS 0x0000000705600000| PB 0x0000000705600000| Untracked 
|  33|0x0000000705800000, 0x0000000705800000, 0x0000000705a00000|  0%| F|  |TAMS 0x0000000705800000| PB 0x0000000705800000| Untracked 
|  34|0x0000000705a00000, 0x0000000705a00000, 0x0000000705c00000|  0%| F|  |TAMS 0x0000000705a00000| PB 0x0000000705a00000| Untracked 
|  35|0x0000000705c00000, 0x0000000705c00000, 0x0000000705e00000|  0%| F|  |TAMS 0x0000000705c00000| PB 0x0000000705c00000| Untracked 
|  36|0x0000000705e00000, 0x0000000705e00000, 0x0000000706000000|  0%| F|  |TAMS 0x0000000705e00000| PB 0x0000000705e00000| Untracked 
| 125|0x0000000711000000, 0x0000000711000000, 0x0000000711200000|  0%| F|  |TAMS 0x0000000711000000| PB 0x0000000711000000| Untracked 
| 126|0x0000000711200000, 0x0000000711200000, 0x0000000711400000|  0%| F|  |TAMS 0x0000000711200000| PB 0x0000000711200000| Untracked 
| 127|0x0000000711400000, 0x00000007115c01f8, 0x0000000711600000| 87%| E|  |TAMS 0x0000000711400000| PB 0x0000000711400000| Complete 

Card table byte_map: [0x000002767c260000,0x000002767ca60000] _byte_map_base: 0x0000027678a55000

Marking Bits: (CMBitMap*) 0x000002767b9edec0
 Bits: [0x0000027617390000, 0x000002761b338000)

Polling page: 0x000002767b160000

Metaspace:

Usage:
  Non-class:     20.43 MB used.
      Class:      2.56 MB used.
       Both:     22.99 MB used.

Virtual space:
  Non-class space:       64.00 MB reserved,      20.62 MB ( 32%) committed,  1 nodes.
      Class space:        1.00 GB reserved,       2.69 MB ( <1%) committed,  1 nodes.
             Both:        1.06 GB reserved,      23.31 MB (  2%) committed. 

Chunk freelists:
   Non-Class:  10.70 MB
       Class:  13.25 MB
        Both:  23.96 MB

MaxMetaspaceSize: unlimited
CompressedClassSpaceSize: 1.00 GB
Initial GC threshold: 21.00 MB
Current GC threshold: 35.44 MB
CDS: on
 - commit_granule_bytes: 65536.
 - commit_granule_words: 8192.
 - virtual_space_node_default_size: 8388608.
 - enlarge_chunks_in_place: 1.
 - use_allocation_guard: 0.


Internal statistics:

num_allocs_failed_limit: 3.
num_arena_births: 220.
num_arena_deaths: 0.
num_vsnodes_births: 2.
num_vsnodes_deaths: 0.
num_space_committed: 373.
num_space_uncommitted: 0.
num_chunks_returned_to_freelist: 3.
num_chunks_taken_from_freelist: 1027.
num_chunk_merges: 3.
num_chunk_splits: 725.
num_chunks_enlarged: 586.
num_inconsistent_stats: 0.

CodeHeap 'non-profiled nmethods': size=120000Kb used=3110Kb max_used=3110Kb free=116889Kb
 bounds [0x000002760fe60000, 0x0000027610170000, 0x0000027617390000]
CodeHeap 'profiled nmethods': size=120000Kb used=12575Kb max_used=12575Kb free=107424Kb
 bounds [0x0000027608390000, 0x0000027608fe0000, 0x000002760f8c0000]
CodeHeap 'non-nmethods': size=5760Kb used=1476Kb max_used=1528Kb free=4284Kb
 bounds [0x000002760f8c0000, 0x000002760fb30000, 0x000002760fe60000]
 total_blobs=6319 nmethods=5762 adapters=461
 compilation: enabled
              stopped_count=0, restarted_count=0
 full_count=0

Compilation events (20 events):
Event: 15.645 Thread 0x000002767ef4b8b0 nmethod 5757 0x0000027610163690 code [0x0000027610163800, 0x00000276101638a8]
Event: 15.645 Thread 0x000002767ef4b8b0 5748   !   4       jdk.internal.ref.PhantomCleanable::insert (53 bytes)
Event: 15.648 Thread 0x000002767ef4e910 5758       3       sun.net.www.protocol.jar.Handler::newURL (9 bytes)
Event: 15.648 Thread 0x000002767ef4e910 nmethod 5758 0x0000027608fd4c10 code [0x0000027608fd4de0, 0x0000027608fd5050]
Event: 15.653 Thread 0x000002767ef4b8b0 nmethod 5748 0x0000027610163990 code [0x0000027610163b40, 0x0000027610164160]
Event: 15.654 Thread 0x000002767ef4b8b0 5752       4       java.util.Arrays::copyOf (33 bytes)
Event: 15.657 Thread 0x000002767ef4b8b0 nmethod 5752 0x0000027610164290 code [0x0000027610164440, 0x0000027610164828]
Event: 15.657 Thread 0x000002767ef4b8b0 5749       4       java.net.URLStreamHandler::setURL (156 bytes)
Event: 15.668 Thread 0x000002767ef4e910 5761       3       com.google.common.base.Objects::hashCode (5 bytes)
Event: 15.669 Thread 0x000002767ef4e910 nmethod 5761 0x0000027608fd5190 code [0x0000027608fd5340, 0x0000027608fd5458]
Event: 15.669 Thread 0x000002767ef4e910 5762       3       java.util.Collections$EmptySet::toArray (5 bytes)
Event: 15.669 Thread 0x000002767ef4e910 nmethod 5762 0x0000027608fd5510 code [0x0000027608fd56a0, 0x0000027608fd5848]
Event: 15.669 Thread 0x000002767ef4e910 5763       3       com.google.inject.spi.InjectionPoint::forInstanceMethodsAndFields (8 bytes)
Event: 15.669 Thread 0x000002767ef4e910 nmethod 5763 0x0000027608fd5910 code [0x0000027608fd5ae0, 0x0000027608fd5cf8]
Event: 15.669 Thread 0x000002767ef4e910 5764       3       com.google.inject.internal.ProviderInstanceBindingImpl::withScoping (25 bytes)
Event: 15.670 Thread 0x000002767ef4e910 nmethod 5764 0x0000027608fd5e10 code [0x0000027608fd5fe0, 0x0000027608fd6610]
Event: 15.673 Thread 0x000002767ef4e910 5765       3       jdk.internal.loader.FileURLMapper::getPath (139 bytes)
Event: 15.675 Thread 0x000002767ef4e910 nmethod 5765 0x0000027608fd6790 code [0x0000027608fd6aa0, 0x0000027608fd7808]
Event: 15.682 Thread 0x000002767ef4b8b0 nmethod 5749 0x0000027610164990 code [0x0000027610164bc0, 0x0000027610165ab0]
Event: 15.682 Thread 0x000002767ef4b8b0 5760       4       sun.nio.fs.WindowsPathParser::normalize (233 bytes)

GC Heap History (12 events):
Event: 0.695 GC heap before
{Heap before GC invocations=0 (full 0):
 garbage-first heap   total 262144K, used 12288K [0x0000000701600000, 0x0000000800000000)
  region size 2048K, 6 young (12288K), 0 survivors (0K)
 Metaspace       used 3620K, committed 3776K, reserved 1114112K
  class space    used 358K, committed 448K, reserved 1048576K
}
Event: 0.699 GC heap after
{Heap after GC invocations=1 (full 0):
 garbage-first heap   total 262144K, used 3290K [0x0000000701600000, 0x0000000800000000)
  region size 2048K, 1 young (2048K), 1 survivors (2048K)
 Metaspace       used 3620K, committed 3776K, reserved 1114112K
  class space    used 358K, committed 448K, reserved 1048576K
}
Event: 0.963 GC heap before
{Heap before GC invocations=1 (full 0):
 garbage-first heap   total 262144K, used 11482K [0x0000000701600000, 0x0000000800000000)
  region size 2048K, 6 young (12288K), 1 survivors (2048K)
 Metaspace       used 5723K, committed 5952K, reserved 1114112K
  class space    used 658K, committed 768K, reserved 1048576K
}
Event: 0.967 GC heap after
{Heap after GC invocations=2 (full 0):
 garbage-first heap   total 262144K, used 4302K [0x0000000701600000, 0x0000000800000000)
  region size 2048K, 1 young (2048K), 1 survivors (2048K)
 Metaspace       used 5723K, committed 5952K, reserved 1114112K
  class space    used 658K, committed 768K, reserved 1048576K
}
Event: 1.922 GC heap before
{Heap before GC invocations=2 (full 0):
 garbage-first heap   total 262144K, used 37070K [0x0000000701600000, 0x0000000800000000)
  region size 2048K, 18 young (36864K), 1 survivors (2048K)
 Metaspace       used 11157K, committed 11328K, reserved 1114112K
  class space    used 1318K, committed 1408K, reserved 1048576K
}
Event: 1.925 GC heap after
{Heap after GC invocations=3 (full 0):
 garbage-first heap   total 262144K, used 6075K [0x0000000701600000, 0x0000000800000000)
  region size 2048K, 2 young (4096K), 2 survivors (4096K)
 Metaspace       used 11157K, committed 11328K, reserved 1114112K
  class space    used 1318K, committed 1408K, reserved 1048576K
}
Event: 5.164 GC heap before
{Heap before GC invocations=3 (full 0):
 garbage-first heap   total 262144K, used 188347K [0x0000000701600000, 0x0000000800000000)
  region size 2048K, 76 young (155648K), 2 survivors (4096K)
 Metaspace       used 21031K, committed 21440K, reserved 1114112K
  class space    used 2294K, committed 2432K, reserved 1048576K
}
Event: 5.181 GC heap after
{Heap after GC invocations=4 (full 0):
 garbage-first heap   total 262144K, used 18191K [0x0000000701600000, 0x0000000800000000)
  region size 2048K, 8 young (16384K), 8 survivors (16384K)
 Metaspace       used 21031K, committed 21440K, reserved 1114112K
  class space    used 2294K, committed 2432K, reserved 1048576K
}
Event: 5.199 GC heap before
{Heap before GC invocations=4 (full 0):
 garbage-first heap   total 262144K, used 18191K [0x0000000701600000, 0x0000000800000000)
  region size 2048K, 9 young (18432K), 8 survivors (16384K)
 Metaspace       used 21179K, committed 21504K, reserved 1114112K
  class space    used 2316K, committed 2432K, reserved 1048576K
}
Event: 5.211 GC heap after
{Heap after GC invocations=5 (full 0):
 garbage-first heap   total 262144K, used 19810K [0x0000000701600000, 0x0000000800000000)
  region size 2048K, 1 young (2048K), 1 survivors (2048K)
 Metaspace       used 21179K, committed 21504K, reserved 1114112K
  class space    used 2316K, committed 2432K, reserved 1048576K
}
Event: 15.650 GC heap before
{Heap before GC invocations=6 (full 0):
 garbage-first heap   total 81920K, used 66914K [0x0000000701600000, 0x0000000800000000)
  region size 2048K, 24 young (49152K), 1 survivors (2048K)
 Metaspace       used 23430K, committed 23808K, reserved 1114112K
  class space    used 2609K, committed 2752K, reserved 1048576K
}
Event: 15.653 GC heap after
{Heap after GC invocations=7 (full 0):
 garbage-first heap   total 81920K, used 21513K [0x0000000701600000, 0x0000000800000000)
  region size 2048K, 2 young (4096K), 2 survivors (4096K)
 Metaspace       used 23430K, committed 23808K, reserved 1114112K
  class space    used 2609K, committed 2752K, reserved 1048576K
}

Dll operation events (8 events):
Event: 0.010 Loaded shared library C:\Users\RIAN\.jdks\openjdk-21.0.2\bin\java.dll
Event: 0.043 Loaded shared library C:\Users\RIAN\.jdks\openjdk-21.0.2\bin\jsvml.dll
Event: 0.068 Loaded shared library C:\Users\RIAN\.jdks\openjdk-21.0.2\bin\net.dll
Event: 0.070 Loaded shared library C:\Users\RIAN\.jdks\openjdk-21.0.2\bin\nio.dll
Event: 0.074 Loaded shared library C:\Users\RIAN\.jdks\openjdk-21.0.2\bin\zip.dll
Event: 0.239 Loaded shared library C:\Users\RIAN\.jdks\openjdk-21.0.2\bin\jimage.dll
Event: 0.301 Loaded shared library C:\Users\RIAN\AppData\Local\Temp\jansi-2.4.0-55890cf694051122-jansi.dll
Event: 0.321 Loaded shared library C:\Users\RIAN\.jdks\openjdk-21.0.2\bin\verify.dll

Deoptimization events (20 events):
Event: 15.539 Thread 0x0000027679797ca0 DEOPT PACKING pc=0x00000276101586e0 sp=0x000000c4b59fcdf0
Event: 15.539 Thread 0x0000027679797ca0 DEOPT UNPACKING pc=0x000002760f9146a2 sp=0x000000c4b59fcdc0 mode 2
Event: 15.540 Thread 0x0000027679797ca0 Uncommon trap: trap_request=0xffffffbe fr.pc=0x00000276101586e0 relative=0x00000000000007a0
Event: 15.540 Thread 0x0000027679797ca0 Uncommon trap: reason=profile_predicate action=maybe_recompile pc=0x00000276101586e0 method=java.io.FilterOutputStream.write([BII)V @ 14 c2
Event: 15.540 Thread 0x0000027679797ca0 DEOPT PACKING pc=0x00000276101586e0 sp=0x000000c4b59fcdf0
Event: 15.540 Thread 0x0000027679797ca0 DEOPT UNPACKING pc=0x000002760f9146a2 sp=0x000000c4b59fcdc0 mode 2
Event: 15.541 Thread 0x0000027679797ca0 Uncommon trap: trap_request=0xffffffbe fr.pc=0x00000276101586e0 relative=0x00000000000007a0
Event: 15.541 Thread 0x0000027679797ca0 Uncommon trap: reason=profile_predicate action=maybe_recompile pc=0x00000276101586e0 method=java.io.FilterOutputStream.write([BII)V @ 14 c2
Event: 15.541 Thread 0x0000027679797ca0 DEOPT PACKING pc=0x00000276101586e0 sp=0x000000c4b59fcdf0
Event: 15.541 Thread 0x0000027679797ca0 DEOPT UNPACKING pc=0x000002760f9146a2 sp=0x000000c4b59fcdc0 mode 2
Event: 15.610 Thread 0x0000027679797ca0 DEOPT PACKING pc=0x0000027608c4eda7 sp=0x000000c4b59fcfd0
Event: 15.610 Thread 0x0000027679797ca0 DEOPT UNPACKING pc=0x000002760f914e42 sp=0x000000c4b59fc440 mode 0
Event: 15.611 Thread 0x0000027679797ca0 DEOPT PACKING pc=0x0000027608e4477e sp=0x000000c4b59fc790
Event: 15.611 Thread 0x0000027679797ca0 DEOPT UNPACKING pc=0x000002760f914e42 sp=0x000000c4b59fbd10 mode 0
Event: 15.625 Thread 0x0000027679797ca0 DEOPT PACKING pc=0x0000027608c4eda7 sp=0x000000c4b59fc9c0
Event: 15.625 Thread 0x0000027679797ca0 DEOPT UNPACKING pc=0x000002760f914e42 sp=0x000000c4b59fbe30 mode 0
Event: 15.641 Thread 0x0000027679797ca0 DEOPT PACKING pc=0x0000027608c4eda7 sp=0x000000c4b59fce20
Event: 15.641 Thread 0x0000027679797ca0 DEOPT UNPACKING pc=0x000002760f914e42 sp=0x000000c4b59fc290 mode 0
Event: 15.653 Thread 0x0000027679797ca0 DEOPT PACKING pc=0x0000027608e4477e sp=0x000000c4b59fc680
Event: 15.654 Thread 0x0000027679797ca0 DEOPT UNPACKING pc=0x000002760f914e42 sp=0x000000c4b59fbc00 mode 0

Classes loaded (20 events):
Event: 15.217 Loading class sun/nio/fs/WindowsAclFileAttributeView
Event: 15.217 Loading class sun/nio/fs/AbstractAclFileAttributeView
Event: 15.217 Loading class java/nio/file/attribute/AclFileAttributeView
Event: 15.217 Loading class java/nio/file/attribute/AclFileAttributeView done
Event: 15.217 Loading class sun/nio/fs/AbstractAclFileAttributeView done
Event: 15.217 Loading class sun/nio/fs/WindowsAclFileAttributeView done
Event: 15.218 Loading class sun/nio/fs/WindowsUserPrincipals
Event: 15.218 Loading class sun/nio/fs/WindowsUserPrincipals done
Event: 15.219 Loading class sun/nio/fs/WindowsUserPrincipals$User
Event: 15.219 Loading class java/nio/file/attribute/UserPrincipal
Event: 15.219 Loading class java/nio/file/attribute/UserPrincipal done
Event: 15.219 Loading class sun/nio/fs/WindowsUserPrincipals$User done
Event: 15.669 Loading class javax/management/InstanceNotFoundException
Event: 15.669 Loading class javax/management/OperationsException
Event: 15.669 Loading class javax/management/JMException
Event: 15.669 Loading class javax/management/JMException done
Event: 15.669 Loading class javax/management/OperationsException done
Event: 15.669 Loading class javax/management/InstanceNotFoundException done
Event: 15.670 Loading class javax/management/MBeanServerConnection
Event: 15.670 Loading class javax/management/MBeanServerConnection done

Classes unloaded (0 events):
No events

Classes redefined (0 events):
No events

Internal exceptions (20 events):
Event: 3.657 Thread 0x0000027679797ca0 Implicit null exception at 0x000002760ff18f3d to 0x000002760ff18fc1
Event: 3.807 Thread 0x0000027679797ca0 Exception <a 'java/lang/NoSuchMethodError'{0x000000070c136500}: 'java.lang.Object java.lang.invoke.DirectMethodHandle$Holder.newInvokeSpecial(java.lang.Object, java.lang.Object, java.lang.Object, java.lang.Object, java.lang.Object, java.lang.Object, java.lang.Object)'> (0x000000070c136500) 
thrown [s\open\src\hotspot\share\interpreter\linkResolver.cpp, line 773]
Event: 3.976 Thread 0x0000027679797ca0 Implicit null exception at 0x000002761005e48b to 0x000002761005ec6c
Event: 3.984 Thread 0x0000027679797ca0 Exception <a 'java/lang/NoSuchMethodError'{0x000000070b6a7770}: 'java.lang.Object java.lang.invoke.DirectMethodHandle$Holder.invokeVirtual(java.lang.Object, java.lang.Object, java.lang.Object)'> (0x000000070b6a7770) 
thrown [s\open\src\hotspot\share\interpreter\linkResolver.cpp, line 773]
Event: 3.985 Thread 0x0000027679797ca0 Exception <a 'java/lang/NoSuchMethodError'{0x000000070b6adfe8}: 'void java.lang.invoke.DirectMethodHandle$Holder.invokeSpecial(java.lang.Object, java.lang.Object, java.lang.Object, java.lang.Object, java.lang.Object, java.lang.Object)'> (0x000000070b6adfe8) 
thrown [s\open\src\hotspot\share\interpreter\linkResolver.cpp, line 773]
Event: 3.986 Thread 0x0000027679797ca0 Exception <a 'java/lang/NoSuchMethodError'{0x000000070b6b8248}: 'int java.lang.invoke.DirectMethodHandle$Holder.invokeVirtual(java.lang.Object, java.lang.Object)'> (0x000000070b6b8248) 
thrown [s\open\src\hotspot\share\interpreter\linkResolver.cpp, line 773]
Event: 4.004 Thread 0x0000027679797ca0 Exception <a 'java/lang/NoSuchMethodError'{0x000000070b7881b8}: 'void java.lang.invoke.Invokers$Holder.invokeExact_MT(java.lang.Object, java.lang.Object, int, java.lang.Object)'> (0x000000070b7881b8) 
thrown [s\open\src\hotspot\share\interpreter\linkResolver.cpp, line 773]
Event: 4.820 Thread 0x000002767ef36810 Exception <a 'java/lang/NoSuchMethodError'{0x0000000708c371e0}: 'java.lang.Object java.lang.invoke.DirectMethodHandle$Holder.invokeStatic(java.lang.Object, long, java.lang.Object)'> (0x0000000708c371e0) 
thrown [s\open\src\hotspot\share\interpreter\linkResolver.cpp, line 773]
Event: 4.820 Thread 0x000002767ef36810 Exception <a 'java/lang/NoSuchMethodError'{0x0000000708c3a6b8}: 'java.lang.Object java.lang.invoke.DirectMethodHandle$Holder.invokeStaticInit(java.lang.Object, long, java.lang.Object)'> (0x0000000708c3a6b8) 
thrown [s\open\src\hotspot\share\interpreter\linkResolver.cpp, line 773]
Event: 4.821 Thread 0x000002767ef36810 Exception <a 'java/lang/NoSuchMethodError'{0x0000000708c3fab0}: 'java.lang.Object java.lang.invoke.DirectMethodHandle$Holder.newInvokeSpecial(java.lang.Object, long)'> (0x0000000708c3fab0) 
thrown [s\open\src\hotspot\share\interpreter\linkResolver.cpp, line 773]
Event: 4.823 Thread 0x000002767ef36810 Exception <a 'java/lang/NoSuchMethodError'{0x0000000708c44238}: 'long java.lang.invoke.DirectMethodHandle$Holder.invokeInterface(java.lang.Object, java.lang.Object)'> (0x0000000708c44238) 
thrown [s\open\src\hotspot\share\interpreter\linkResolver.cpp, line 773]
Event: 4.823 Thread 0x000002767ef36810 Exception <a 'java/lang/NoSuchMethodError'{0x0000000708c476f0}: 'long java.lang.invoke.DelegatingMethodHandle$Holder.reinvoke_L(java.lang.Object, java.lang.Object)'> (0x0000000708c476f0) 
thrown [s\open\src\hotspot\share\interpreter\linkResolver.cpp, line 773]
Event: 4.861 Thread 0x0000027679797ca0 Exception <a 'java/lang/NoSuchMethodError'{0x0000000708b321f8}: 'int java.lang.invoke.DirectMethodHandle$Holder.invokeInterface(java.lang.Object, java.lang.Object)'> (0x0000000708b321f8) 
thrown [s\open\src\hotspot\share\interpreter\linkResolver.cpp, line 773]
Event: 4.899 Thread 0x0000027679797ca0 Exception <a 'java/lang/NoSuchMethodError'{0x0000000708bd4710}: 'java.lang.Object java.lang.invoke.DirectMethodHandle$Holder.invokeStaticInit(java.lang.Object, java.lang.Object, int, int, int, int)'> (0x0000000708bd4710) 
thrown [s\open\src\hotspot\share\interpreter\linkResolver.cpp, line 773]
Event: 5.044 Thread 0x0000027679797ca0 Implicit null exception at 0x000002761000f069 to 0x000002761000f85a
Event: 5.161 Thread 0x0000027679797ca0 Exception <a 'java/lang/NoSuchMethodError'{0x0000000707f3acc0}: 'void java.lang.invoke.DirectMethodHandle$Holder.invokeStatic(java.lang.Object, long)'> (0x0000000707f3acc0) 
thrown [s\open\src\hotspot\share\interpreter\linkResolver.cpp, line 773]
Event: 14.375 Thread 0x000002767ef36810 Implicit null exception at 0x0000027610062328 to 0x00000276100623fc
Event: 14.731 Thread 0x0000027679797ca0 Exception <a 'sun/nio/fs/WindowsException'{0x00000007114d2900}> (0x00000007114d2900) 
thrown [s\open\src\hotspot\share\prims\jni.cpp, line 520]
Event: 14.751 Thread 0x0000027679797ca0 Implicit null exception at 0x00000276100c2416 to 0x00000276100c701c
Event: 14.752 Thread 0x0000027679797ca0 Implicit null exception at 0x00000276100b65de to 0x00000276100baebc

ZGC Phase Switch (0 events):
No events

VM Operations (20 events):
Event: 5.199 Executing VM operation: CollectForMetadataAllocation (Metadata GC Threshold)
Event: 5.211 Executing VM operation: CollectForMetadataAllocation (Metadata GC Threshold) done
Event: 5.233 Executing VM operation: G1PauseRemark
Event: 5.237 Executing VM operation: G1PauseRemark done
Event: 5.241 Executing VM operation: G1PauseCleanup
Event: 5.249 Executing VM operation: G1PauseCleanup done
Event: 6.260 Executing VM operation: Cleanup
Event: 6.260 Executing VM operation: Cleanup done
Event: 11.288 Executing VM operation: Cleanup
Event: 11.289 Executing VM operation: Cleanup done
Event: 12.300 Executing VM operation: Cleanup
Event: 12.300 Executing VM operation: Cleanup done
Event: 13.315 Executing VM operation: Cleanup
Event: 13.315 Executing VM operation: Cleanup done
Event: 15.023 Executing VM operation: HandshakeAllThreads (Deoptimize)
Event: 15.023 Executing VM operation: HandshakeAllThreads (Deoptimize) done
Event: 15.023 Executing VM operation: Cleanup
Event: 15.023 Executing VM operation: Cleanup done
Event: 15.649 Executing VM operation: G1CollectForAllocation (G1 Evacuation Pause)
Event: 15.653 Executing VM operation: G1CollectForAllocation (G1 Evacuation Pause) done

Events (20 events):
Event: 0.042 Thread 0x000002767ef4e910 Thread added: 0x000002767ef4e910
Event: 0.062 Thread 0x000002767ef33390 Thread added: 0x000002767ef33390
Event: 0.065 Thread 0x000002767ef35af0 Thread added: 0x000002767ef35af0
Event: 0.907 Thread 0x0000027661819a00 Thread added: 0x0000027661819a00
Event: 4.802 Thread 0x000002767ef36810 Thread added: 0x000002767ef36810
Event: 4.824 Thread 0x000002767ef36810 Thread exited: 0x000002767ef36810
Event: 5.007 Thread 0x000002767ef340b0 Thread added: 0x000002767ef340b0
Event: 5.014 Thread 0x000002767ef36180 Thread added: 0x000002767ef36180
Event: 5.149 Thread 0x000002767ef36810 Thread added: 0x000002767ef36810
Event: 5.215 Thread 0x000002766332fd70 Thread added: 0x000002766332fd70
Event: 5.215 Thread 0x000002766332f050 Thread added: 0x000002766332f050
Event: 5.229 Thread 0x000002766332f6e0 Thread added: 0x000002766332f6e0
Event: 6.483 Thread 0x0000027661819a00 Thread exited: 0x0000027661819a00
Event: 14.361 Thread 0x0000027662cd1e40 Thread added: 0x0000027662cd1e40
Event: 14.715 Thread 0x000002766332f6e0 Thread exited: 0x000002766332f6e0
Event: 14.716 Thread 0x000002766332fd70 Thread exited: 0x000002766332fd70
Event: 14.717 Thread 0x000002767ef36810 Thread exited: 0x000002767ef36810
Event: 14.718 Thread 0x000002766332f050 Thread exited: 0x000002766332f050
Event: 14.723 Thread 0x000002767ef36180 Thread exited: 0x000002767ef36180
Event: 14.723 Thread 0x000002767ef340b0 Thread exited: 0x000002767ef340b0


Dynamic libraries:
0x00007ff739d00000 - 0x00007ff739d0e000 	C:\Users\RIAN\.jdks\openjdk-21.0.2\bin\java.exe
0x00007ffab6670000 - 0x00007ffab6868000 	C:\WINDOWS\SYSTEM32\ntdll.dll
0x00007ffab5700000 - 0x00007ffab57bd000 	C:\WINDOWS\System32\KERNEL32.DLL
0x00007ffab42f0000 - 0x00007ffab45e6000 	C:\WINDOWS\System32\KERNELBASE.dll
0x00007ffab4060000 - 0x00007ffab4160000 	C:\WINDOWS\System32\ucrtbase.dll
0x00007ffaadfa0000 - 0x00007ffaadfbb000 	C:\Users\RIAN\.jdks\openjdk-21.0.2\bin\VCRUNTIME140.dll
0x00007ffaa4b50000 - 0x00007ffaa4b68000 	C:\Users\RIAN\.jdks\openjdk-21.0.2\bin\jli.dll
0x00007ffab57c0000 - 0x00007ffab595e000 	C:\WINDOWS\System32\USER32.dll
0x00007ffa9d880000 - 0x00007ffa9db1a000 	C:\WINDOWS\WinSxS\amd64_microsoft.windows.common-controls_6595b64144ccf1df_6.0.19041.3636_none_60b6a03d71f818d5\COMCTL32.dll
0x00007ffab3e30000 - 0x00007ffab3e52000 	C:\WINDOWS\System32\win32u.dll
0x00007ffab4ba0000 - 0x00007ffab4c3e000 	C:\WINDOWS\System32\msvcrt.dll
0x00007ffab4ad0000 - 0x00007ffab4afb000 	C:\WINDOWS\System32\GDI32.dll
0x00007ffab41d0000 - 0x00007ffab42e7000 	C:\WINDOWS\System32\gdi32full.dll
0x00007ffab3e60000 - 0x00007ffab3efd000 	C:\WINDOWS\System32\msvcp_win.dll
0x00007ffab60d0000 - 0x00007ffab6102000 	C:\WINDOWS\System32\IMM32.DLL
0x00007ffaaf740000 - 0x00007ffaaf74c000 	C:\Users\RIAN\.jdks\openjdk-21.0.2\bin\vcruntime140_1.dll
0x00007ffa95e30000 - 0x00007ffa95ebe000 	C:\Users\RIAN\.jdks\openjdk-21.0.2\bin\msvcp140.dll
0x00007ffa3fda0000 - 0x00007ffa40ab7000 	C:\Users\RIAN\.jdks\openjdk-21.0.2\bin\server\jvm.dll
0x00007ffab6580000 - 0x00007ffab6630000 	C:\WINDOWS\System32\ADVAPI32.dll
0x00007ffab4b00000 - 0x00007ffab4ba0000 	C:\WINDOWS\System32\sechost.dll
0x00007ffab47f0000 - 0x00007ffab4915000 	C:\WINDOWS\System32\RPCRT4.dll
0x00007ffab3d70000 - 0x00007ffab3d97000 	C:\WINDOWS\System32\bcrypt.dll
0x00007ffab6270000 - 0x00007ffab62db000 	C:\WINDOWS\System32\WS2_32.dll
0x00007ffab3730000 - 0x00007ffab377b000 	C:\WINDOWS\SYSTEM32\POWRPROF.dll
0x00007ffaab1c0000 - 0x00007ffaab1e7000 	C:\WINDOWS\SYSTEM32\WINMM.dll
0x00007ffaabd80000 - 0x00007ffaabd8a000 	C:\WINDOWS\SYSTEM32\VERSION.dll
0x00007ffab3710000 - 0x00007ffab3722000 	C:\WINDOWS\SYSTEM32\UMPDC.dll
0x00007ffab1bb0000 - 0x00007ffab1bc2000 	C:\WINDOWS\SYSTEM32\kernel.appcore.dll
0x00007ffaaf700000 - 0x00007ffaaf70a000 	C:\Users\RIAN\.jdks\openjdk-21.0.2\bin\jimage.dll
0x00007ffaad000000 - 0x00007ffaad1e4000 	C:\WINDOWS\SYSTEM32\DBGHELP.DLL
0x00007ffa99050000 - 0x00007ffa99084000 	C:\WINDOWS\SYSTEM32\dbgcore.DLL
0x00007ffab3da0000 - 0x00007ffab3e22000 	C:\WINDOWS\System32\bcryptPrimitives.dll
0x00007ffaa4290000 - 0x00007ffaa42af000 	C:\Users\RIAN\.jdks\openjdk-21.0.2\bin\java.dll
0x00007ffab5960000 - 0x00007ffab60cb000 	C:\WINDOWS\System32\SHELL32.dll
0x00007ffab1db0000 - 0x00007ffab254e000 	C:\WINDOWS\SYSTEM32\windows.storage.dll
0x00007ffab4f20000 - 0x00007ffab5273000 	C:\WINDOWS\System32\combase.dll
0x00007ffab35a0000 - 0x00007ffab35ce000 	C:\WINDOWS\SYSTEM32\Wldp.dll
0x00007ffab4e50000 - 0x00007ffab4f1d000 	C:\WINDOWS\System32\OLEAUT32.dll
0x00007ffab4da0000 - 0x00007ffab4e4d000 	C:\WINDOWS\System32\SHCORE.dll
0x00007ffab62e0000 - 0x00007ffab6335000 	C:\WINDOWS\System32\shlwapi.dll
0x00007ffab3c50000 - 0x00007ffab3c75000 	C:\WINDOWS\SYSTEM32\profapi.dll
0x00007ffa90520000 - 0x00007ffa905f7000 	C:\Users\RIAN\.jdks\openjdk-21.0.2\bin\jsvml.dll
0x00007ffaaf620000 - 0x00007ffaaf630000 	C:\Users\RIAN\.jdks\openjdk-21.0.2\bin\net.dll
0x00007ffaace00000 - 0x00007ffaacf0a000 	C:\WINDOWS\SYSTEM32\WINHTTP.dll
0x00007ffab3380000 - 0x00007ffab33ea000 	C:\WINDOWS\system32\mswsock.dll
0x00007ffaa20e0000 - 0x00007ffaa20f6000 	C:\Users\RIAN\.jdks\openjdk-21.0.2\bin\nio.dll
0x00007ffaa2f90000 - 0x00007ffaa2fa8000 	C:\Users\RIAN\.jdks\openjdk-21.0.2\bin\zip.dll
0x0000000069ac0000 - 0x0000000069ae4000 	C:\Users\RIAN\AppData\Local\Temp\jansi-2.4.0-55890cf694051122-jansi.dll
0x00007ffaa2f70000 - 0x00007ffaa2f80000 	C:\Users\RIAN\.jdks\openjdk-21.0.2\bin\verify.dll
0x00007ffab35e0000 - 0x00007ffab35f8000 	C:\WINDOWS\SYSTEM32\CRYPTSP.dll
0x00007ffab2cd0000 - 0x00007ffab2d04000 	C:\WINDOWS\system32\rsaenh.dll
0x00007ffab3c10000 - 0x00007ffab3c3e000 	C:\WINDOWS\SYSTEM32\USERENV.dll
0x00007ffab3510000 - 0x00007ffab351c000 	C:\WINDOWS\SYSTEM32\CRYPTBASE.dll
0x00007ffab3090000 - 0x00007ffab30cb000 	C:\WINDOWS\SYSTEM32\IPHLPAPI.DLL
0x00007ffab47e0000 - 0x00007ffab47e8000 	C:\WINDOWS\System32\NSI.dll

dbghelp: loaded successfully - version: 4.0.5 - missing functions: none
symbol engine: initialized successfully - sym options: 0x614 - pdb path: .;C:\Users\RIAN\.jdks\openjdk-21.0.2\bin;C:\WINDOWS\SYSTEM32;C:\WINDOWS\WinSxS\amd64_microsoft.windows.common-controls_6595b64144ccf1df_6.0.19041.3636_none_60b6a03d71f818d5;C:\Users\RIAN\.jdks\openjdk-21.0.2\bin\server;C:\Users\RIAN\AppData\Local\Temp

VM Arguments:
jvm_args: -Dmaven.multiModuleProjectDirectory=C:\Users\RIAN\Desktop\ProjWeb -Djansi.passthrough=true -Dmaven.home=C:\Users\RIAN\.m2\wrapper\dists\apache-maven-3.9.5-bin\2adeog8mj13csp1uusqnc1f2mo\apache-maven-3.9.5 -Dclassworlds.conf=C:\Users\RIAN\.m2\wrapper\dists\apache-maven-3.9.5-bin\2adeog8mj13csp1uusqnc1f2mo\apache-maven-3.9.5\bin\m2.conf -Dmaven.ext.class.path=C:\Program Files\JetBrains\IntelliJ IDEA 2023.3.4\plugins\maven\lib\maven-event-listener.jar -Dfile.encoding=UTF-8 -Dsun.stdout.encoding=UTF-8 -Dsun.stderr.encoding=UTF-8 
java_command: org.codehaus.classworlds.Launcher -Didea.version=2023.3.4 install
java_class_path (initial): C:\Users\RIAN\.m2\wrapper\dists\apache-maven-3.9.5-bin\2adeog8mj13csp1uusqnc1f2mo\apache-maven-3.9.5\boot\plexus-classworlds-2.7.0.jar;C:\Users\RIAN\.m2\wrapper\dists\apache-maven-3.9.5-bin\2adeog8mj13csp1uusqnc1f2mo\apache-maven-3.9.5\boot\plexus-classworlds.license
Launcher Type: SUN_STANDARD

[Global flags]
     intx CICompilerCount                          = 3                                         {product} {ergonomic}
     uint ConcGCThreads                            = 1                                         {product} {ergonomic}
     uint G1ConcRefinementThreads                  = 4                                         {product} {ergonomic}
   size_t G1HeapRegionSize                         = 2097152                                   {product} {ergonomic}
    uintx GCDrainStackTargetSize                   = 64                                        {product} {ergonomic}
   size_t InitialHeapSize                          = 268435456                                 {product} {ergonomic}
   size_t MarkStackSize                            = 4194304                                   {product} {ergonomic}
   size_t MaxHeapSize                              = 4271898624                                {product} {ergonomic}
   size_t MaxNewSize                               = 2562719744                                {product} {ergonomic}
   size_t MinHeapDeltaBytes                        = 2097152                                   {product} {ergonomic}
   size_t MinHeapSize                              = 8388608                                   {product} {ergonomic}
    uintx NonNMethodCodeHeapSize                   = 5832780                                {pd product} {ergonomic}
    uintx NonProfiledCodeHeapSize                  = 122912730                              {pd product} {ergonomic}
    uintx ProfiledCodeHeapSize                     = 122912730                              {pd product} {ergonomic}
    uintx ReservedCodeCacheSize                    = 251658240                              {pd product} {ergonomic}
     bool SegmentedCodeCache                       = true                                      {product} {ergonomic}
   size_t SoftMaxHeapSize                          = 4271898624                             {manageable} {ergonomic}
     bool UseCompressedOops                        = true                           {product lp64_product} {ergonomic}
     bool UseG1GC                                  = true                                      {product} {ergonomic}
     bool UseLargePagesIndividualAllocation        = false                                  {pd product} {ergonomic}

Logging:
Log output configuration:
 #0: stdout all=warning uptime,level,tags foldmultilines=false
 #1: stderr all=off uptime,level,tags foldmultilines=false

Environment Variables:
JAVA_HOME=C:\Program Files\Java\jdk-21
PATH=C:\Program Files\Common Files\Oracle\Java\javapath;C:\ProgramData\Oracle\Java\javapath;C:\WINDOWS\system32;C:\WINDOWS;C:\WINDOWS\System32\Wbem;C:\WINDOWS\System32\WindowsPowerShell\v1.0\;C:\WINDOWS\System32\OpenSSH\;C:\Program Files\dotnet\;C:\MinGW\bin;C:\Program Files\nodejs\;C:\Program Files\Git\cmd;C:\Users\RIAN\AppData\Local\Programs\Python\Python312\Scripts\;C:\Users\RIAN\AppData\Local\Programs\Python\Python312\;C:\Users\RIAN\AppData\Local\Microsoft\WindowsApps;C:\Users\RIAN\AppData\Local\Programs\Microsoft VS Code\bin;C:\MinGW\bin;C:\Users\RIAN\AppData\Roaming\npm
USERNAME=RIAN
OS=Windows_NT
PROCESSOR_IDENTIFIER=AMD64 Family 23 Model 17 Stepping 0, AuthenticAMD
TMP=C:\Users\RIAN\AppData\Local\Temp
TEMP=C:\Users\RIAN\AppData\Local\Temp




Periodic native trim disabled

---------------  S Y S T E M  ---------------

OS:
 Windows 10 , 64 bit Build 19041 (10.0.19041.3636)
OS uptime: 0 days 9:32 hours
Hyper-V role detected

CPU: total 4 (initial active 4) (4 cores per cpu, 2 threads per core) family 23 model 17 stepping 0 microcode 0x0, cx8, cmov, fxsr, ht, mmx, 3dnowpref, sse, sse2, sse3, ssse3, sse4a, sse4.1, sse4.2, popcnt, lzcnt, tsc, tscinvbit, avx, avx2, aes, clmul, bmi1, bmi2, adx, sha, fma, vzeroupper, clflush, clflushopt, hv, rdtscp, f16c
Processor Information for all 4 processors :
  Max Mhz: 3200, Current Mhz: 3200, Mhz Limit: 3200

Memory: 4k page, system-wide physical 16294M (7326M free)
TotalPageFile size 18726M (AvailPageFile size 5131M)
current process WorkingSet (physical memory assigned to process): 211M, peak: 293M
current process commit charge ("private bytes"): 243M, peak: 406M

vm_info: OpenJDK 64-Bit Server VM (21.0.2+13-58) for windows-amd64 JRE (21.0.2+13-58), built on 2024-01-05T18:32:24Z by "mach5one" with MS VC++ 17.1 (VS2022)

END.
